This is pdfTeX, Version 3.14159265-2.6-1.40.19 (TeX Live 2018) (preloaded format=pdflatex 2018.4.16)  22 APR 2025 19:23
entering extended mode
 restricted \write18 enabled.
 file:line:error style messages enabled.
 %&-line parsing enabled.
**Proyecto-SECITI.tex
(./Proyecto-SECITI.tex
LaTeX2e <2018-04-01> patch level 2
Babel <3.18> and hyphenation patterns for 84 language(s) loaded.
(/usr/local/texlive/2018/texmf-dist/tex/latex/base/article.cls
Document Class: article 2014/09/29 v1.4h Standard LaTeX document class
(/usr/local/texlive/2018/texmf-dist/tex/latex/base/size12.clo
File: size12.clo 2014/09/29 v1.4h Standard LaTeX file (size option)
)
\c@part=\count80
\c@section=\count81
\c@subsection=\count82
\c@subsubsection=\count83
\c@paragraph=\count84
\c@subparagraph=\count85
\c@figure=\count86
\c@table=\count87
\abovecaptionskip=\skip41
\belowcaptionskip=\skip42
\bibindent=\dimen102
)
(/usr/local/texlive/2018/texmf-dist/tex/latex/base/inputenc.sty
Package: inputenc 2018/04/06 v1.3b Input encoding file
\inpenc@prehook=\toks14
\inpenc@posthook=\toks15
)
(/usr/local/texlive/2018/texmf-dist/tex/generic/babel/babel.sty
Package: babel 2018/02/14 3.18 The Babel package

(/usr/local/texlive/2018/texmf-dist/tex/generic/babel/switch.def
File: switch.def 2018/02/14 3.18 Babel switching mechanism
)
(/usr/local/texlive/2018/texmf-dist/tex/generic/babel-spanish/spanish.ldf
Language: spanish.ldf 2016/03/03 v5.0p Spanish support from the babel system

(/usr/local/texlive/2018/texmf-dist/tex/generic/babel/babel.def
File: babel.def 2018/02/14 3.18 Babel common definitions
\babel@savecnt=\count88
\U@D=\dimen103

(/usr/local/texlive/2018/texmf-dist/tex/generic/babel/txtbabel.def)
\bbl@dirlevel=\count89
)
\es@quottoks=\toks16
\es@quotdepth=\count90
Package babel Info: Making " an active character on input line 561.
Package babel Info: Making . an active character on input line 662.
Package babel Info: Making < an active character on input line 707.
Package babel Info: Making > an active character on input line 707.
))
(/usr/local/texlive/2018/texmf-dist/tex/latex/amsmath/amsmath.sty
Package: amsmath 2017/09/02 v2.17a AMS math features
\@mathmargin=\skip43

For additional information on amsmath, use the `?' option.
(/usr/local/texlive/2018/texmf-dist/tex/latex/amsmath/amstext.sty
Package: amstext 2000/06/29 v2.01 AMS text

(/usr/local/texlive/2018/texmf-dist/tex/latex/amsmath/amsgen.sty
File: amsgen.sty 1999/11/30 v2.0 generic functions
\@emptytoks=\toks17
\ex@=\dimen104
))
(/usr/local/texlive/2018/texmf-dist/tex/latex/amsmath/amsbsy.sty
Package: amsbsy 1999/11/29 v1.2d Bold Symbols
\pmbraise@=\dimen105
)
(/usr/local/texlive/2018/texmf-dist/tex/latex/amsmath/amsopn.sty
Package: amsopn 2016/03/08 v2.02 operator names
)
\inf@bad=\count91
LaTeX Info: Redefining \frac on input line 213.
\uproot@=\count92
\leftroot@=\count93
LaTeX Info: Redefining \overline on input line 375.
\classnum@=\count94
\DOTSCASE@=\count95
LaTeX Info: Redefining \ldots on input line 472.
LaTeX Info: Redefining \dots on input line 475.
LaTeX Info: Redefining \cdots on input line 596.
\Mathstrutbox@=\box26
\strutbox@=\box27
\big@size=\dimen106
LaTeX Font Info:    Redeclaring font encoding OML on input line 712.
LaTeX Font Info:    Redeclaring font encoding OMS on input line 713.
\macc@depth=\count96
\c@MaxMatrixCols=\count97
\dotsspace@=\muskip10
\c@parentequation=\count98
\dspbrk@lvl=\count99
\tag@help=\toks18
\row@=\count100
\column@=\count101
\maxfields@=\count102
\andhelp@=\toks19
\eqnshift@=\dimen107
\alignsep@=\dimen108
\tagshift@=\dimen109
\tagwidth@=\dimen110
\totwidth@=\dimen111
\lineht@=\dimen112
\@envbody=\toks20
\multlinegap=\skip44
\multlinetaggap=\skip45
\mathdisplay@stack=\toks21
LaTeX Info: Redefining \[ on input line 2817.
LaTeX Info: Redefining \] on input line 2818.
)
(/usr/local/texlive/2018/texmf-dist/tex/latex/amsfonts/amssymb.sty
Package: amssymb 2013/01/14 v3.01 AMS font symbols

(/usr/local/texlive/2018/texmf-dist/tex/latex/amsfonts/amsfonts.sty
Package: amsfonts 2013/01/14 v3.01 Basic AMSFonts support
\symAMSa=\mathgroup4
\symAMSb=\mathgroup5
LaTeX Font Info:    Overwriting math alphabet `\mathfrak' in version `bold'
(Font)                  U/euf/m/n --> U/euf/b/n on input line 106.
))
(/usr/local/texlive/2018/texmf-dist/tex/latex/geometry/geometry.sty
Package: geometry 2018/03/24 v5.7 Page Geometry

(/usr/local/texlive/2018/texmf-dist/tex/latex/graphics/keyval.sty
Package: keyval 2014/10/28 v1.15 key=value parser (DPC)
\KV@toks@=\toks22
)
(/usr/local/texlive/2018/texmf-dist/tex/generic/oberdiek/ifpdf.sty
Package: ifpdf 2017/03/15 v3.2 Provides the ifpdf switch
)
(/usr/local/texlive/2018/texmf-dist/tex/generic/oberdiek/ifvtex.sty
Package: ifvtex 2016/05/16 v1.6 Detect VTeX and its facilities (HO)
Package ifvtex Info: VTeX not detected.
)
(/usr/local/texlive/2018/texmf-dist/tex/generic/ifxetex/ifxetex.sty
Package: ifxetex 2010/09/12 v0.6 Provides ifxetex conditional
)
\Gm@cnth=\count103
\Gm@cntv=\count104
\c@Gm@tempcnt=\count105
\Gm@bindingoffset=\dimen113
\Gm@wd@mp=\dimen114
\Gm@odd@mp=\dimen115
\Gm@even@mp=\dimen116
\Gm@layoutwidth=\dimen117
\Gm@layoutheight=\dimen118
\Gm@layouthoffset=\dimen119
\Gm@layoutvoffset=\dimen120
\Gm@dimlist=\toks23
)
(/usr/local/texlive/2018/texmf-dist/tex/latex/graphics/graphicx.sty
Package: graphicx 2017/06/01 v1.1a Enhanced LaTeX Graphics (DPC,SPQR)

(/usr/local/texlive/2018/texmf-dist/tex/latex/graphics/graphics.sty
Package: graphics 2017/06/25 v1.2c Standard LaTeX Graphics (DPC,SPQR)

(/usr/local/texlive/2018/texmf-dist/tex/latex/graphics/trig.sty
Package: trig 2016/01/03 v1.10 sin cos tan (DPC)
)
(/usr/local/texlive/2018/texmf-dist/tex/latex/graphics-cfg/graphics.cfg
File: graphics.cfg 2016/06/04 v1.11 sample graphics configuration
)
Package graphics Info: Driver file: pdftex.def on input line 99.

(/usr/local/texlive/2018/texmf-dist/tex/latex/graphics-def/pdftex.def
File: pdftex.def 2018/01/08 v1.0l Graphics/color driver for pdftex
))
\Gin@req@height=\dimen121
\Gin@req@width=\dimen122
)
(/usr/local/texlive/2018/texmf-dist/tex/latex/hyperref/hyperref.sty
Package: hyperref 2018/02/06 v6.86b Hypertext links for LaTeX

(/usr/local/texlive/2018/texmf-dist/tex/generic/oberdiek/hobsub-hyperref.sty
Package: hobsub-hyperref 2016/05/16 v1.14 Bundle oberdiek, subset hyperref (HO)


(/usr/local/texlive/2018/texmf-dist/tex/generic/oberdiek/hobsub-generic.sty
Package: hobsub-generic 2016/05/16 v1.14 Bundle oberdiek, subset generic (HO)
Package: hobsub 2016/05/16 v1.14 Construct package bundles (HO)
Package: infwarerr 2016/05/16 v1.4 Providing info/warning/error messages (HO)
Package: ltxcmds 2016/05/16 v1.23 LaTeX kernel commands for general use (HO)
Package: ifluatex 2016/05/16 v1.4 Provides the ifluatex switch (HO)
Package ifluatex Info: LuaTeX not detected.
Package hobsub Info: Skipping package `ifvtex' (already loaded).
Package: intcalc 2016/05/16 v1.2 Expandable calculations with integers (HO)
Package hobsub Info: Skipping package `ifpdf' (already loaded).
Package: etexcmds 2016/05/16 v1.6 Avoid name clashes with e-TeX commands (HO)
Package etexcmds Info: Could not find \expanded.
(etexcmds)             That can mean that you are not using pdfTeX 1.50 or
(etexcmds)             that some package has redefined \expanded.
(etexcmds)             In the latter case, load this package earlier.
Package: kvsetkeys 2016/05/16 v1.17 Key value parser (HO)
Package: kvdefinekeys 2016/05/16 v1.4 Define keys (HO)
Package: pdftexcmds 2018/01/30 v0.27 Utility functions of pdfTeX for LuaTeX (HO
)
Package pdftexcmds Info: LuaTeX not detected.
Package pdftexcmds Info: \pdf@primitive is available.
Package pdftexcmds Info: \pdf@ifprimitive is available.
Package pdftexcmds Info: \pdfdraftmode found.
Package: pdfescape 2016/05/16 v1.14 Implements pdfTeX's escape features (HO)
Package: bigintcalc 2016/05/16 v1.4 Expandable calculations on big integers (HO
)
Package: bitset 2016/05/16 v1.2 Handle bit-vector datatype (HO)
Package: uniquecounter 2016/05/16 v1.3 Provide unlimited unique counter (HO)
)
Package hobsub Info: Skipping package `hobsub' (already loaded).
Package: letltxmacro 2016/05/16 v1.5 Let assignment for LaTeX macros (HO)
Package: hopatch 2016/05/16 v1.3 Wrapper for package hooks (HO)
Package: xcolor-patch 2016/05/16 xcolor patch
Package: atveryend 2016/05/16 v1.9 Hooks at the very end of document (HO)
Package atveryend Info: \enddocument detected (standard20110627).
Package: atbegshi 2016/06/09 v1.18 At begin shipout hook (HO)
Package: refcount 2016/05/16 v3.5 Data extraction from label references (HO)
Package: hycolor 2016/05/16 v1.8 Color options for hyperref/bookmark (HO)
)
(/usr/local/texlive/2018/texmf-dist/tex/latex/oberdiek/auxhook.sty
Package: auxhook 2016/05/16 v1.4 Hooks for auxiliary files (HO)
)
(/usr/local/texlive/2018/texmf-dist/tex/latex/oberdiek/kvoptions.sty
Package: kvoptions 2016/05/16 v3.12 Key value format for package options (HO)
)
\@linkdim=\dimen123
\Hy@linkcounter=\count106
\Hy@pagecounter=\count107

(/usr/local/texlive/2018/texmf-dist/tex/latex/hyperref/pd1enc.def
File: pd1enc.def 2018/02/06 v6.86b Hyperref: PDFDocEncoding definition (HO)
Now handling font encoding PD1 ...
... no UTF-8 mapping file for font encoding PD1
)
\Hy@SavedSpaceFactor=\count108

(/usr/local/texlive/2018/texmf-dist/tex/latex/latexconfig/hyperref.cfg
File: hyperref.cfg 2002/06/06 v1.2 hyperref configuration of TeXLive
)
Package hyperref Info: Hyper figures OFF on input line 4509.
Package hyperref Info: Link nesting OFF on input line 4514.
Package hyperref Info: Hyper index ON on input line 4517.
Package hyperref Info: Plain pages OFF on input line 4524.
Package hyperref Info: Backreferencing OFF on input line 4529.
Package hyperref Info: Implicit mode ON; LaTeX internals redefined.
Package hyperref Info: Bookmarks ON on input line 4762.
\c@Hy@tempcnt=\count109

(/usr/local/texlive/2018/texmf-dist/tex/latex/url/url.sty
\Urlmuskip=\muskip11
Package: url 2013/09/16  ver 3.4  Verb mode for urls, etc.
)
LaTeX Info: Redefining \url on input line 5115.
\XeTeXLinkMargin=\dimen124
\Fld@menulength=\count110
\Field@Width=\dimen125
\Fld@charsize=\dimen126
Package hyperref Info: Hyper figures OFF on input line 6369.
Package hyperref Info: Link nesting OFF on input line 6374.
Package hyperref Info: Hyper index ON on input line 6377.
Package hyperref Info: backreferencing OFF on input line 6384.
Package hyperref Info: Link coloring OFF on input line 6389.
Package hyperref Info: Link coloring with OCG OFF on input line 6394.
Package hyperref Info: PDF/A mode OFF on input line 6399.
LaTeX Info: Redefining \ref on input line 6439.
LaTeX Info: Redefining \pageref on input line 6443.
\Hy@abspage=\count111
\c@Item=\count112
\c@Hfootnote=\count113
)
Package hyperref Info: Driver (autodetected): hpdftex.

(/usr/local/texlive/2018/texmf-dist/tex/latex/hyperref/hpdftex.def
File: hpdftex.def 2018/02/06 v6.86b Hyperref driver for pdfTeX
\Fld@listcount=\count114
\c@bookmark@seq@number=\count115

(/usr/local/texlive/2018/texmf-dist/tex/latex/oberdiek/rerunfilecheck.sty
Package: rerunfilecheck 2016/05/16 v1.8 Rerun checks for auxiliary files (HO)
Package uniquecounter Info: New unique counter `rerunfilecheck' on input line 2
82.
)
\Hy@SectionHShift=\skip46
)
(./Proyecto-SECITI.aux
LaTeX Info: Redefining \. on input line 23.
LaTeX Info: Redefining \% on input line 23.
)
\openout1 = `Proyecto-SECITI.aux'.

LaTeX Font Info:    Checking defaults for OML/cmm/m/it on input line 16.
LaTeX Font Info:    ... okay on input line 16.
LaTeX Font Info:    Checking defaults for T1/cmr/m/n on input line 16.
LaTeX Font Info:    ... okay on input line 16.
LaTeX Font Info:    Checking defaults for OT1/cmr/m/n on input line 16.
LaTeX Font Info:    ... okay on input line 16.
LaTeX Font Info:    Checking defaults for OMS/cmsy/m/n on input line 16.
LaTeX Font Info:    ... okay on input line 16.
LaTeX Font Info:    Checking defaults for OMX/cmex/m/n on input line 16.
LaTeX Font Info:    ... okay on input line 16.
LaTeX Font Info:    Checking defaults for U/cmr/m/n on input line 16.
LaTeX Font Info:    ... okay on input line 16.
LaTeX Font Info:    Checking defaults for PD1/pdf/m/n on input line 16.
LaTeX Font Info:    ... okay on input line 16.
LaTeX Info: Redefining \. on input line 16.
LaTeX Info: Redefining \% on input line 16.

*geometry* driver: auto-detecting
*geometry* detected driver: pdftex
*geometry* verbose mode - [ preamble ] result:
* driver: pdftex
* paper: letterpaper
* layout: <same size as paper>
* layoutoffset:(h,v)=(0.0pt,0.0pt)
* modes: 
* h-part:(L,W,R)=(71.13188pt, 472.03123pt, 71.13188pt)
* v-part:(T,H,B)=(71.13188pt, 652.70622pt, 71.13188pt)
* \paperwidth=614.295pt
* \paperheight=794.96999pt
* \textwidth=472.03123pt
* \textheight=652.70622pt
* \oddsidemargin=-1.1381pt
* \evensidemargin=-1.1381pt
* \topmargin=-38.1381pt
* \headheight=12.0pt
* \headsep=25.0pt
* \topskip=12.0pt
* \footskip=30.0pt
* \marginparwidth=44.0pt
* \marginparsep=10.0pt
* \columnsep=10.0pt
* \skip\footins=10.8pt plus 4.0pt minus 2.0pt
* \hoffset=0.0pt
* \voffset=0.0pt
* \mag=1000
* \@twocolumnfalse
* \@twosidefalse
* \@mparswitchfalse
* \@reversemarginfalse
* (1in=72.27pt=25.4mm, 1cm=28.453pt)

(/usr/local/texlive/2018/texmf-dist/tex/context/base/mkii/supp-pdf.mkii
[Loading MPS to PDF converter (version 2006.09.02).]
\scratchcounter=\count116
\scratchdimen=\dimen127
\scratchbox=\box28
\nofMPsegments=\count117
\nofMParguments=\count118
\everyMPshowfont=\toks24
\MPscratchCnt=\count119
\MPscratchDim=\dimen128
\MPnumerator=\count120
\makeMPintoPDFobject=\count121
\everyMPtoPDFconversion=\toks25
) (/usr/local/texlive/2018/texmf-dist/tex/latex/oberdiek/epstopdf-base.sty
Package: epstopdf-base 2016/05/15 v2.6 Base part for package epstopdf

(/usr/local/texlive/2018/texmf-dist/tex/latex/oberdiek/grfext.sty
Package: grfext 2016/05/16 v1.2 Manage graphics extensions (HO)
)
Package epstopdf-base Info: Redefining graphics rule for `.eps' on input line 4
38.
Package grfext Info: Graphics extension search list:
(grfext)             [.pdf,.png,.jpg,.mps,.jpeg,.jbig2,.jb2,.PDF,.PNG,.JPG,.JPE
G,.JBIG2,.JB2,.eps]
(grfext)             \AppendGraphicsExtensions on input line 456.

(/usr/local/texlive/2018/texmf-dist/tex/latex/latexconfig/epstopdf-sys.cfg
File: epstopdf-sys.cfg 2010/07/13 v1.3 Configuration of (r)epstopdf for TeX Liv
e
))
\AtBeginShipoutBox=\box29
Package hyperref Info: Link coloring OFF on input line 16.

(/usr/local/texlive/2018/texmf-dist/tex/latex/hyperref/nameref.sty
Package: nameref 2016/05/21 v2.44 Cross-referencing by name of section

(/usr/local/texlive/2018/texmf-dist/tex/generic/oberdiek/gettitlestring.sty
Package: gettitlestring 2016/05/16 v1.5 Cleanup title references (HO)
)
\c@section@level=\count122
)
LaTeX Info: Redefining \ref on input line 16.
LaTeX Info: Redefining \pageref on input line 16.
LaTeX Info: Redefining \nameref on input line 16.

(./Proyecto-SECITI.out) (./Proyecto-SECITI.out)
\@outlinefile=\write3
\openout3 = `Proyecto-SECITI.out'.

LaTeX Font Info:    Try loading font information for U+msa on input line 19.

(/usr/local/texlive/2018/texmf-dist/tex/latex/amsfonts/umsa.fd
File: umsa.fd 2013/01/14 v3.01 AMS symbols A
)
LaTeX Font Info:    Try loading font information for U+msb on input line 19.

(/usr/local/texlive/2018/texmf-dist/tex/latex/amsfonts/umsb.fd
File: umsb.fd 2013/01/14 v3.01 AMS symbols B
)
(./Proyecto-SECITI.toc
LaTeX Info: Redefining \. on input line 1.
LaTeX Info: Redefining \% on input line 1.
Package babel Info: Redefining spanish shorthand <<
(babel)             in language  on input line 17.
Package babel Info: Redefining spanish shorthand >>
(babel)             in language  on input line 17.
Package babel Info: Redefining spanish shorthand "=
(babel)             in language  on input line 17.
Package babel Info: Redefining spanish shorthand "~
(babel)             in language  on input line 17.
Package babel Info: Redefining spanish shorthand "!
(babel)             in language  on input line 17.
Package babel Info: Redefining spanish shorthand "?
(babel)             in language  on input line 17.
Package babel Info: Redefining spanish shorthand <<
(babel)             in language  on input line 17.
Package babel Info: Redefining spanish shorthand >>
(babel)             in language  on input line 17.
Package babel Info: Redefining spanish shorthand "=
(babel)             in language  on input line 17.
Package babel Info: Redefining spanish shorthand "~
(babel)             in language  on input line 17.
Package babel Info: Redefining spanish shorthand "!
(babel)             in language  on input line 17.
Package babel Info: Redefining spanish shorthand "?
(babel)             in language  on input line 17.
 [1

{/usr/local/texlive/2018/texmf-var/fonts/map/pdftex/updmap/pdftex.map}]
Package babel Info: Redefining spanish shorthand <<
(babel)             in language  on input line 42.
Package babel Info: Redefining spanish shorthand >>
(babel)             in language  on input line 42.
Package babel Info: Redefining spanish shorthand "=
(babel)             in language  on input line 42.
Package babel Info: Redefining spanish shorthand "~
(babel)             in language  on input line 42.
Package babel Info: Redefining spanish shorthand "!
(babel)             in language  on input line 42.
Package babel Info: Redefining spanish shorthand "?
(babel)             in language  on input line 42.
Package babel Info: Redefining spanish shorthand <<
(babel)             in language  on input line 42.
Package babel Info: Redefining spanish shorthand >>
(babel)             in language  on input line 42.
Package babel Info: Redefining spanish shorthand "=
(babel)             in language  on input line 42.
Package babel Info: Redefining spanish shorthand "~
(babel)             in language  on input line 42.
Package babel Info: Redefining spanish shorthand "!
(babel)             in language  on input line 42.
Package babel Info: Redefining spanish shorthand "?
(babel)             in language  on input line 42.
 [2])
\tf@toc=\write4
\openout4 = `Proyecto-SECITI.toc'.

Package babel Info: Redefining spanish shorthand <<
(babel)             in language  on input line 20.
Package babel Info: Redefining spanish shorthand >>
(babel)             in language  on input line 20.
Package babel Info: Redefining spanish shorthand "=
(babel)             in language  on input line 20.
Package babel Info: Redefining spanish shorthand "~
(babel)             in language  on input line 20.
Package babel Info: Redefining spanish shorthand "!
(babel)             in language  on input line 20.
Package babel Info: Redefining spanish shorthand "?
(babel)             in language  on input line 20.
Package babel Info: Redefining spanish shorthand <<
(babel)             in language  on input line 20.
Package babel Info: Redefining spanish shorthand >>
(babel)             in language  on input line 20.
Package babel Info: Redefining spanish shorthand "=
(babel)             in language  on input line 20.
Package babel Info: Redefining spanish shorthand "~
(babel)             in language  on input line 20.
Package babel Info: Redefining spanish shorthand "!
(babel)             in language  on input line 20.
Package babel Info: Redefining spanish shorthand "?
(babel)             in language  on input line 20.
 [3]
Package babel Info: Redefining spanish shorthand <<
(babel)             in language  on input line 22.
Package babel Info: Redefining spanish shorthand >>
(babel)             in language  on input line 22.
Package babel Info: Redefining spanish shorthand "=
(babel)             in language  on input line 22.
Package babel Info: Redefining spanish shorthand "~
(babel)             in language  on input line 22.
Package babel Info: Redefining spanish shorthand "!
(babel)             in language  on input line 22.
Package babel Info: Redefining spanish shorthand "?
(babel)             in language  on input line 22.
Package babel Info: Redefining spanish shorthand <<
(babel)             in language  on input line 24.
Package babel Info: Redefining spanish shorthand >>
(babel)             in language  on input line 24.
Package babel Info: Redefining spanish shorthand "=
(babel)             in language  on input line 24.
Package babel Info: Redefining spanish shorthand "~
(babel)             in language  on input line 24.
Package babel Info: Redefining spanish shorthand "!
(babel)             in language  on input line 24.
Package babel Info: Redefining spanish shorthand "?
(babel)             in language  on input line 24.
Package babel Info: Redefining spanish shorthand <<
(babel)             in language  on input line 24.
Package babel Info: Redefining spanish shorthand >>
(babel)             in language  on input line 24.
Package babel Info: Redefining spanish shorthand "=
(babel)             in language  on input line 24.
Package babel Info: Redefining spanish shorthand "~
(babel)             in language  on input line 24.
Package babel Info: Redefining spanish shorthand "!
(babel)             in language  on input line 24.
Package babel Info: Redefining spanish shorthand "?
(babel)             in language  on input line 24.
 [4]
Underfull \hbox (badness 10000) in paragraph at lines 51--55

 []

Package babel Info: Redefining spanish shorthand <<
(babel)             in language  on input line 56.
Package babel Info: Redefining spanish shorthand >>
(babel)             in language  on input line 56.
Package babel Info: Redefining spanish shorthand "=
(babel)             in language  on input line 56.
Package babel Info: Redefining spanish shorthand "~
(babel)             in language  on input line 56.
Package babel Info: Redefining spanish shorthand "!
(babel)             in language  on input line 56.
Package babel Info: Redefining spanish shorthand "?
(babel)             in language  on input line 56.
Package babel Info: Redefining spanish shorthand <<
(babel)             in language  on input line 56.
Package babel Info: Redefining spanish shorthand >>
(babel)             in language  on input line 56.
Package babel Info: Redefining spanish shorthand "=
(babel)             in language  on input line 56.
Package babel Info: Redefining spanish shorthand "~
(babel)             in language  on input line 56.
Package babel Info: Redefining spanish shorthand "!
(babel)             in language  on input line 56.
Package babel Info: Redefining spanish shorthand "?
(babel)             in language  on input line 56.
[5]
Package babel Info: Redefining spanish shorthand <<
(babel)             in language  on input line 59.
Package babel Info: Redefining spanish shorthand >>
(babel)             in language  on input line 59.
Package babel Info: Redefining spanish shorthand "=
(babel)             in language  on input line 59.
Package babel Info: Redefining spanish shorthand "~
(babel)             in language  on input line 59.
Package babel Info: Redefining spanish shorthand "!
(babel)             in language  on input line 59.
Package babel Info: Redefining spanish shorthand "?
(babel)             in language  on input line 59.
Package babel Info: Redefining spanish shorthand <<
(babel)             in language  on input line 65.
Package babel Info: Redefining spanish shorthand >>
(babel)             in language  on input line 65.
Package babel Info: Redefining spanish shorthand "=
(babel)             in language  on input line 65.
Package babel Info: Redefining spanish shorthand "~
(babel)             in language  on input line 65.
Package babel Info: Redefining spanish shorthand "!
(babel)             in language  on input line 65.
Package babel Info: Redefining spanish shorthand "?
(babel)             in language  on input line 65.
Package babel Info: Redefining spanish shorthand <<
(babel)             in language  on input line 70.
Package babel Info: Redefining spanish shorthand >>
(babel)             in language  on input line 70.
Package babel Info: Redefining spanish shorthand "=
(babel)             in language  on input line 70.
Package babel Info: Redefining spanish shorthand "~
(babel)             in language  on input line 70.
Package babel Info: Redefining spanish shorthand "!
(babel)             in language  on input line 70.
Package babel Info: Redefining spanish shorthand "?
(babel)             in language  on input line 70.
Package babel Info: Redefining spanish shorthand <<
(babel)             in language  on input line 79.
Package babel Info: Redefining spanish shorthand >>
(babel)             in language  on input line 79.
Package babel Info: Redefining spanish shorthand "=
(babel)             in language  on input line 79.
Package babel Info: Redefining spanish shorthand "~
(babel)             in language  on input line 79.
Package babel Info: Redefining spanish shorthand "!
(babel)             in language  on input line 79.
Package babel Info: Redefining spanish shorthand "?
(babel)             in language  on input line 79.
Package babel Info: Redefining spanish shorthand <<
(babel)             in language  on input line 79.
Package babel Info: Redefining spanish shorthand >>
(babel)             in language  on input line 79.
Package babel Info: Redefining spanish shorthand "=
(babel)             in language  on input line 79.
Package babel Info: Redefining spanish shorthand "~
(babel)             in language  on input line 79.
Package babel Info: Redefining spanish shorthand "!
(babel)             in language  on input line 79.
Package babel Info: Redefining spanish shorthand "?
(babel)             in language  on input line 79.
 [6]
Package babel Info: Redefining spanish shorthand <<
(babel)             in language  on input line 83.
Package babel Info: Redefining spanish shorthand >>
(babel)             in language  on input line 83.
Package babel Info: Redefining spanish shorthand "=
(babel)             in language  on input line 83.
Package babel Info: Redefining spanish shorthand "~
(babel)             in language  on input line 83.
Package babel Info: Redefining spanish shorthand "!
(babel)             in language  on input line 83.
Package babel Info: Redefining spanish shorthand "?
(babel)             in language  on input line 83.
Package babel Info: Redefining spanish shorthand <<
(babel)             in language  on input line 101.
Package babel Info: Redefining spanish shorthand >>
(babel)             in language  on input line 101.
Package babel Info: Redefining spanish shorthand "=
(babel)             in language  on input line 101.
Package babel Info: Redefining spanish shorthand "~
(babel)             in language  on input line 101.
Package babel Info: Redefining spanish shorthand "!
(babel)             in language  on input line 101.
Package babel Info: Redefining spanish shorthand "?
(babel)             in language  on input line 101.
Package babel Info: Redefining spanish shorthand <<
(babel)             in language  on input line 101.
Package babel Info: Redefining spanish shorthand >>
(babel)             in language  on input line 101.
Package babel Info: Redefining spanish shorthand "=
(babel)             in language  on input line 101.
Package babel Info: Redefining spanish shorthand "~
(babel)             in language  on input line 101.
Package babel Info: Redefining spanish shorthand "!
(babel)             in language  on input line 101.
Package babel Info: Redefining spanish shorthand "?
(babel)             in language  on input line 101.
 [7]
Package babel Info: Redefining spanish shorthand <<
(babel)             in language  on input line 101.
Package babel Info: Redefining spanish shorthand >>
(babel)             in language  on input line 101.
Package babel Info: Redefining spanish shorthand "=
(babel)             in language  on input line 101.
Package babel Info: Redefining spanish shorthand "~
(babel)             in language  on input line 101.
Package babel Info: Redefining spanish shorthand "!
(babel)             in language  on input line 101.
Package babel Info: Redefining spanish shorthand "?
(babel)             in language  on input line 101.
Package babel Info: Redefining spanish shorthand <<
(babel)             in language  on input line 107.
Package babel Info: Redefining spanish shorthand >>
(babel)             in language  on input line 107.
Package babel Info: Redefining spanish shorthand "=
(babel)             in language  on input line 107.
Package babel Info: Redefining spanish shorthand "~
(babel)             in language  on input line 107.
Package babel Info: Redefining spanish shorthand "!
(babel)             in language  on input line 107.
Package babel Info: Redefining spanish shorthand "?
(babel)             in language  on input line 107.
Package babel Info: Redefining spanish shorthand <<
(babel)             in language  on input line 110.
Package babel Info: Redefining spanish shorthand >>
(babel)             in language  on input line 110.
Package babel Info: Redefining spanish shorthand "=
(babel)             in language  on input line 110.
Package babel Info: Redefining spanish shorthand "~
(babel)             in language  on input line 110.
Package babel Info: Redefining spanish shorthand "!
(babel)             in language  on input line 110.
Package babel Info: Redefining spanish shorthand "?
(babel)             in language  on input line 110.
Package babel Info: Redefining spanish shorthand <<
(babel)             in language  on input line 113.
Package babel Info: Redefining spanish shorthand >>
(babel)             in language  on input line 113.
Package babel Info: Redefining spanish shorthand "=
(babel)             in language  on input line 113.
Package babel Info: Redefining spanish shorthand "~
(babel)             in language  on input line 113.
Package babel Info: Redefining spanish shorthand "!
(babel)             in language  on input line 113.
Package babel Info: Redefining spanish shorthand "?
(babel)             in language  on input line 113.
Package babel Info: Redefining spanish shorthand <<
(babel)             in language  on input line 116.
Package babel Info: Redefining spanish shorthand >>
(babel)             in language  on input line 116.
Package babel Info: Redefining spanish shorthand "=
(babel)             in language  on input line 116.
Package babel Info: Redefining spanish shorthand "~
(babel)             in language  on input line 116.
Package babel Info: Redefining spanish shorthand "!
(babel)             in language  on input line 116.
Package babel Info: Redefining spanish shorthand "?
(babel)             in language  on input line 116.
Package babel Info: Redefining spanish shorthand <<
(babel)             in language  on input line 119.
Package babel Info: Redefining spanish shorthand >>
(babel)             in language  on input line 119.
Package babel Info: Redefining spanish shorthand "=
(babel)             in language  on input line 119.
Package babel Info: Redefining spanish shorthand "~
(babel)             in language  on input line 119.
Package babel Info: Redefining spanish shorthand "!
(babel)             in language  on input line 119.
Package babel Info: Redefining spanish shorthand "?
(babel)             in language  on input line 119.
Package babel Info: Redefining spanish shorthand <<
(babel)             in language  on input line 121.
Package babel Info: Redefining spanish shorthand >>
(babel)             in language  on input line 121.
Package babel Info: Redefining spanish shorthand "=
(babel)             in language  on input line 121.
Package babel Info: Redefining spanish shorthand "~
(babel)             in language  on input line 121.
Package babel Info: Redefining spanish shorthand "!
(babel)             in language  on input line 121.
Package babel Info: Redefining spanish shorthand "?
(babel)             in language  on input line 121.
Package babel Info: Redefining spanish shorthand <<
(babel)             in language  on input line 121.
Package babel Info: Redefining spanish shorthand >>
(babel)             in language  on input line 121.
Package babel Info: Redefining spanish shorthand "=
(babel)             in language  on input line 121.
Package babel Info: Redefining spanish shorthand "~
(babel)             in language  on input line 121.
Package babel Info: Redefining spanish shorthand "!
(babel)             in language  on input line 121.
Package babel Info: Redefining spanish shorthand "?
(babel)             in language  on input line 121.
 [8]
Package babel Info: Redefining spanish shorthand <<
(babel)             in language  on input line 121.
Package babel Info: Redefining spanish shorthand >>
(babel)             in language  on input line 121.
Package babel Info: Redefining spanish shorthand "=
(babel)             in language  on input line 121.
Package babel Info: Redefining spanish shorthand "~
(babel)             in language  on input line 121.
Package babel Info: Redefining spanish shorthand "!
(babel)             in language  on input line 121.
Package babel Info: Redefining spanish shorthand "?
(babel)             in language  on input line 121.
Package babel Info: Redefining spanish shorthand <<
(babel)             in language  on input line 152.
Package babel Info: Redefining spanish shorthand >>
(babel)             in language  on input line 152.
Package babel Info: Redefining spanish shorthand "=
(babel)             in language  on input line 152.
Package babel Info: Redefining spanish shorthand "~
(babel)             in language  on input line 152.
Package babel Info: Redefining spanish shorthand "!
(babel)             in language  on input line 152.
Package babel Info: Redefining spanish shorthand "?
(babel)             in language  on input line 152.
Package babel Info: Redefining spanish shorthand <<
(babel)             in language  on input line 152.
Package babel Info: Redefining spanish shorthand >>
(babel)             in language  on input line 152.
Package babel Info: Redefining spanish shorthand "=
(babel)             in language  on input line 152.
Package babel Info: Redefining spanish shorthand "~
(babel)             in language  on input line 152.
Package babel Info: Redefining spanish shorthand "!
(babel)             in language  on input line 152.
Package babel Info: Redefining spanish shorthand "?
(babel)             in language  on input line 152.
 [9]
Package babel Info: Redefining spanish shorthand <<
(babel)             in language  on input line 191.
Package babel Info: Redefining spanish shorthand >>
(babel)             in language  on input line 191.
Package babel Info: Redefining spanish shorthand "=
(babel)             in language  on input line 191.
Package babel Info: Redefining spanish shorthand "~
(babel)             in language  on input line 191.
Package babel Info: Redefining spanish shorthand "!
(babel)             in language  on input line 191.
Package babel Info: Redefining spanish shorthand "?
(babel)             in language  on input line 191.
Package babel Info: Redefining spanish shorthand <<
(babel)             in language  on input line 196.
Package babel Info: Redefining spanish shorthand >>
(babel)             in language  on input line 196.
Package babel Info: Redefining spanish shorthand "=
(babel)             in language  on input line 196.
Package babel Info: Redefining spanish shorthand "~
(babel)             in language  on input line 196.
Package babel Info: Redefining spanish shorthand "!
(babel)             in language  on input line 196.
Package babel Info: Redefining spanish shorthand "?
(babel)             in language  on input line 196.
Package babel Info: Redefining spanish shorthand <<
(babel)             in language  on input line 196.
Package babel Info: Redefining spanish shorthand >>
(babel)             in language  on input line 196.
Package babel Info: Redefining spanish shorthand "=
(babel)             in language  on input line 196.
Package babel Info: Redefining spanish shorthand "~
(babel)             in language  on input line 196.
Package babel Info: Redefining spanish shorthand "!
(babel)             in language  on input line 196.
Package babel Info: Redefining spanish shorthand "?
(babel)             in language  on input line 196.
 [10]
Package babel Info: Redefining spanish shorthand <<
(babel)             in language  on input line 229.
Package babel Info: Redefining spanish shorthand >>
(babel)             in language  on input line 229.
Package babel Info: Redefining spanish shorthand "=
(babel)             in language  on input line 229.
Package babel Info: Redefining spanish shorthand "~
(babel)             in language  on input line 229.
Package babel Info: Redefining spanish shorthand "!
(babel)             in language  on input line 229.
Package babel Info: Redefining spanish shorthand "?
(babel)             in language  on input line 229.
Package babel Info: Redefining spanish shorthand <<
(babel)             in language  on input line 229.
Package babel Info: Redefining spanish shorthand >>
(babel)             in language  on input line 229.
Package babel Info: Redefining spanish shorthand "=
(babel)             in language  on input line 229.
Package babel Info: Redefining spanish shorthand "~
(babel)             in language  on input line 229.
Package babel Info: Redefining spanish shorthand "!
(babel)             in language  on input line 229.
Package babel Info: Redefining spanish shorthand "?
(babel)             in language  on input line 229.
 [11]
Package babel Info: Redefining spanish shorthand <<
(babel)             in language  on input line 265.
Package babel Info: Redefining spanish shorthand >>
(babel)             in language  on input line 265.
Package babel Info: Redefining spanish shorthand "=
(babel)             in language  on input line 265.
Package babel Info: Redefining spanish shorthand "~
(babel)             in language  on input line 265.
Package babel Info: Redefining spanish shorthand "!
(babel)             in language  on input line 265.
Package babel Info: Redefining spanish shorthand "?
(babel)             in language  on input line 265.
Package babel Info: Redefining spanish shorthand <<
(babel)             in language  on input line 270.
Package babel Info: Redefining spanish shorthand >>
(babel)             in language  on input line 270.
Package babel Info: Redefining spanish shorthand "=
(babel)             in language  on input line 270.
Package babel Info: Redefining spanish shorthand "~
(babel)             in language  on input line 270.
Package babel Info: Redefining spanish shorthand "!
(babel)             in language  on input line 270.
Package babel Info: Redefining spanish shorthand "?
(babel)             in language  on input line 270.
Package babel Info: Redefining spanish shorthand <<
(babel)             in language  on input line 270.
Package babel Info: Redefining spanish shorthand >>
(babel)             in language  on input line 270.
Package babel Info: Redefining spanish shorthand "=
(babel)             in language  on input line 270.
Package babel Info: Redefining spanish shorthand "~
(babel)             in language  on input line 270.
Package babel Info: Redefining spanish shorthand "!
(babel)             in language  on input line 270.
Package babel Info: Redefining spanish shorthand "?
(babel)             in language  on input line 270.
 [12]
Overfull \hbox (6.365pt too wide) in paragraph at lines 282--283
[]\OT1/cmr/bx/n/12 Participaci^^Son en con-gre-so na-cio-nal/internacional (via
-je + ins-crip-ci^^Son)\OT1/cmr/m/n/12 : $50,000
 []

Package babel Info: Redefining spanish shorthand <<
(babel)             in language  on input line 300.
Package babel Info: Redefining spanish shorthand >>
(babel)             in language  on input line 300.
Package babel Info: Redefining spanish shorthand "=
(babel)             in language  on input line 300.
Package babel Info: Redefining spanish shorthand "~
(babel)             in language  on input line 300.
Package babel Info: Redefining spanish shorthand "!
(babel)             in language  on input line 300.
Package babel Info: Redefining spanish shorthand "?
(babel)             in language  on input line 300.
Package babel Info: Redefining spanish shorthand <<
(babel)             in language  on input line 302.
Package babel Info: Redefining spanish shorthand >>
(babel)             in language  on input line 302.
Package babel Info: Redefining spanish shorthand "=
(babel)             in language  on input line 302.
Package babel Info: Redefining spanish shorthand "~
(babel)             in language  on input line 302.
Package babel Info: Redefining spanish shorthand "!
(babel)             in language  on input line 302.
Package babel Info: Redefining spanish shorthand "?
(babel)             in language  on input line 302.
Package babel Info: Redefining spanish shorthand <<
(babel)             in language  on input line 302.
Package babel Info: Redefining spanish shorthand >>
(babel)             in language  on input line 302.
Package babel Info: Redefining spanish shorthand "=
(babel)             in language  on input line 302.
Package babel Info: Redefining spanish shorthand "~
(babel)             in language  on input line 302.
Package babel Info: Redefining spanish shorthand "!
(babel)             in language  on input line 302.
Package babel Info: Redefining spanish shorthand "?
(babel)             in language  on input line 302.
[13]
Package babel Info: Redefining spanish shorthand <<
(babel)             in language  on input line 309.
Package babel Info: Redefining spanish shorthand >>
(babel)             in language  on input line 309.
Package babel Info: Redefining spanish shorthand "=
(babel)             in language  on input line 309.
Package babel Info: Redefining spanish shorthand "~
(babel)             in language  on input line 309.
Package babel Info: Redefining spanish shorthand "!
(babel)             in language  on input line 309.
Package babel Info: Redefining spanish shorthand "?
(babel)             in language  on input line 309.

Overfull \hbox (3.37576pt too wide) in paragraph at lines 312--313
[]\OT1/cmr/m/n/12 Cuellar, P., Cas-ta~neda-Ortiz, E.J., Rosales-Zarza, C., Mart
^^S^^Pnez-Rodr^^S^^Pguez, C.E., Canela-
 []

Package babel Info: Redefining spanish shorthand <<
(babel)             in language  on input line 316.
Package babel Info: Redefining spanish shorthand >>
(babel)             in language  on input line 316.
Package babel Info: Redefining spanish shorthand "=
(babel)             in language  on input line 316.
Package babel Info: Redefining spanish shorthand "~
(babel)             in language  on input line 316.
Package babel Info: Redefining spanish shorthand "!
(babel)             in language  on input line 316.
Package babel Info: Redefining spanish shorthand "?
(babel)             in language  on input line 316.
Package babel Info: Redefining spanish shorthand <<
(babel)             in language  on input line 325.
Package babel Info: Redefining spanish shorthand >>
(babel)             in language  on input line 325.
Package babel Info: Redefining spanish shorthand "=
(babel)             in language  on input line 325.
Package babel Info: Redefining spanish shorthand "~
(babel)             in language  on input line 325.
Package babel Info: Redefining spanish shorthand "!
(babel)             in language  on input line 325.
Package babel Info: Redefining spanish shorthand "?
(babel)             in language  on input line 325.
Package babel Info: Redefining spanish shorthand <<
(babel)             in language  on input line 325.
Package babel Info: Redefining spanish shorthand >>
(babel)             in language  on input line 325.
Package babel Info: Redefining spanish shorthand "=
(babel)             in language  on input line 325.
Package babel Info: Redefining spanish shorthand "~
(babel)             in language  on input line 325.
Package babel Info: Redefining spanish shorthand "!
(babel)             in language  on input line 325.
Package babel Info: Redefining spanish shorthand "?
(babel)             in language  on input line 325.
[14]
Package babel Info: Redefining spanish shorthand <<
(babel)             in language  on input line 369.
Package babel Info: Redefining spanish shorthand >>
(babel)             in language  on input line 369.
Package babel Info: Redefining spanish shorthand "=
(babel)             in language  on input line 369.
Package babel Info: Redefining spanish shorthand "~
(babel)             in language  on input line 369.
Package babel Info: Redefining spanish shorthand "!
(babel)             in language  on input line 369.
Package babel Info: Redefining spanish shorthand "?
(babel)             in language  on input line 369.
Package babel Info: Redefining spanish shorthand <<
(babel)             in language  on input line 369.
Package babel Info: Redefining spanish shorthand >>
(babel)             in language  on input line 369.
Package babel Info: Redefining spanish shorthand "=
(babel)             in language  on input line 369.
Package babel Info: Redefining spanish shorthand "~
(babel)             in language  on input line 369.
Package babel Info: Redefining spanish shorthand "!
(babel)             in language  on input line 369.
Package babel Info: Redefining spanish shorthand "?
(babel)             in language  on input line 369.
 [15]
Package babel Info: Redefining spanish shorthand <<
(babel)             in language  on input line 390.
Package babel Info: Redefining spanish shorthand >>
(babel)             in language  on input line 390.
Package babel Info: Redefining spanish shorthand "=
(babel)             in language  on input line 390.
Package babel Info: Redefining spanish shorthand "~
(babel)             in language  on input line 390.
Package babel Info: Redefining spanish shorthand "!
(babel)             in language  on input line 390.
Package babel Info: Redefining spanish shorthand "?
(babel)             in language  on input line 390.
Package babel Info: Redefining spanish shorthand <<
(babel)             in language  on input line 396.
Package babel Info: Redefining spanish shorthand >>
(babel)             in language  on input line 396.
Package babel Info: Redefining spanish shorthand "=
(babel)             in language  on input line 396.
Package babel Info: Redefining spanish shorthand "~
(babel)             in language  on input line 396.
Package babel Info: Redefining spanish shorthand "!
(babel)             in language  on input line 396.
Package babel Info: Redefining spanish shorthand "?
(babel)             in language  on input line 396.
Package babel Info: Redefining spanish shorthand <<
(babel)             in language  on input line 399.
Package babel Info: Redefining spanish shorthand >>
(babel)             in language  on input line 399.
Package babel Info: Redefining spanish shorthand "=
(babel)             in language  on input line 399.
Package babel Info: Redefining spanish shorthand "~
(babel)             in language  on input line 399.
Package babel Info: Redefining spanish shorthand "!
(babel)             in language  on input line 399.
Package babel Info: Redefining spanish shorthand "?
(babel)             in language  on input line 399.
Package babel Info: Redefining spanish shorthand <<
(babel)             in language  on input line 401.
Package babel Info: Redefining spanish shorthand >>
(babel)             in language  on input line 401.
Package babel Info: Redefining spanish shorthand "=
(babel)             in language  on input line 401.
Package babel Info: Redefining spanish shorthand "~
(babel)             in language  on input line 401.
Package babel Info: Redefining spanish shorthand "!
(babel)             in language  on input line 401.
Package babel Info: Redefining spanish shorthand "?
(babel)             in language  on input line 401.
Package babel Info: Redefining spanish shorthand <<
(babel)             in language  on input line 401.
Package babel Info: Redefining spanish shorthand >>
(babel)             in language  on input line 401.
Package babel Info: Redefining spanish shorthand "=
(babel)             in language  on input line 401.
Package babel Info: Redefining spanish shorthand "~
(babel)             in language  on input line 401.
Package babel Info: Redefining spanish shorthand "!
(babel)             in language  on input line 401.
Package babel Info: Redefining spanish shorthand "?
(babel)             in language  on input line 401.
 [16]
Package babel Info: Redefining spanish shorthand <<
(babel)             in language  on input line 402.
Package babel Info: Redefining spanish shorthand >>
(babel)             in language  on input line 402.
Package babel Info: Redefining spanish shorthand "=
(babel)             in language  on input line 402.
Package babel Info: Redefining spanish shorthand "~
(babel)             in language  on input line 402.
Package babel Info: Redefining spanish shorthand "!
(babel)             in language  on input line 402.
Package babel Info: Redefining spanish shorthand "?
(babel)             in language  on input line 402.
Package babel Info: Redefining spanish shorthand <<
(babel)             in language  on input line 405.
Package babel Info: Redefining spanish shorthand >>
(babel)             in language  on input line 405.
Package babel Info: Redefining spanish shorthand "=
(babel)             in language  on input line 405.
Package babel Info: Redefining spanish shorthand "~
(babel)             in language  on input line 405.
Package babel Info: Redefining spanish shorthand "!
(babel)             in language  on input line 405.
Package babel Info: Redefining spanish shorthand "?
(babel)             in language  on input line 405.
Package babel Info: Redefining spanish shorthand <<
(babel)             in language  on input line 408.
Package babel Info: Redefining spanish shorthand >>
(babel)             in language  on input line 408.
Package babel Info: Redefining spanish shorthand "=
(babel)             in language  on input line 408.
Package babel Info: Redefining spanish shorthand "~
(babel)             in language  on input line 408.
Package babel Info: Redefining spanish shorthand "!
(babel)             in language  on input line 408.
Package babel Info: Redefining spanish shorthand "?
(babel)             in language  on input line 408.
Package babel Info: Redefining spanish shorthand <<
(babel)             in language  on input line 410.
Package babel Info: Redefining spanish shorthand >>
(babel)             in language  on input line 410.
Package babel Info: Redefining spanish shorthand "=
(babel)             in language  on input line 410.
Package babel Info: Redefining spanish shorthand "~
(babel)             in language  on input line 410.
Package babel Info: Redefining spanish shorthand "!
(babel)             in language  on input line 410.
Package babel Info: Redefining spanish shorthand "?
(babel)             in language  on input line 410.
Package babel Info: Redefining spanish shorthand <<
(babel)             in language  on input line 419.
Package babel Info: Redefining spanish shorthand >>
(babel)             in language  on input line 419.
Package babel Info: Redefining spanish shorthand "=
(babel)             in language  on input line 419.
Package babel Info: Redefining spanish shorthand "~
(babel)             in language  on input line 419.
Package babel Info: Redefining spanish shorthand "!
(babel)             in language  on input line 419.
Package babel Info: Redefining spanish shorthand "?
(babel)             in language  on input line 419.
Package babel Info: Redefining spanish shorthand <<
(babel)             in language  on input line 419.
Package babel Info: Redefining spanish shorthand >>
(babel)             in language  on input line 419.
Package babel Info: Redefining spanish shorthand "=
(babel)             in language  on input line 419.
Package babel Info: Redefining spanish shorthand "~
(babel)             in language  on input line 419.
Package babel Info: Redefining spanish shorthand "!
(babel)             in language  on input line 419.
Package babel Info: Redefining spanish shorthand "?
(babel)             in language  on input line 419.
 [17]
Package babel Info: Redefining spanish shorthand <<
(babel)             in language  on input line 463.
Package babel Info: Redefining spanish shorthand >>
(babel)             in language  on input line 463.
Package babel Info: Redefining spanish shorthand "=
(babel)             in language  on input line 463.
Package babel Info: Redefining spanish shorthand "~
(babel)             in language  on input line 463.
Package babel Info: Redefining spanish shorthand "!
(babel)             in language  on input line 463.
Package babel Info: Redefining spanish shorthand "?
(babel)             in language  on input line 463.
Package babel Info: Redefining spanish shorthand <<
(babel)             in language  on input line 463.
Package babel Info: Redefining spanish shorthand >>
(babel)             in language  on input line 463.
Package babel Info: Redefining spanish shorthand "=
(babel)             in language  on input line 463.
Package babel Info: Redefining spanish shorthand "~
(babel)             in language  on input line 463.
Package babel Info: Redefining spanish shorthand "!
(babel)             in language  on input line 463.
Package babel Info: Redefining spanish shorthand "?
(babel)             in language  on input line 463.
 [18]
Package babel Info: Redefining spanish shorthand <<
(babel)             in language  on input line 480.
Package babel Info: Redefining spanish shorthand >>
(babel)             in language  on input line 480.
Package babel Info: Redefining spanish shorthand "=
(babel)             in language  on input line 480.
Package babel Info: Redefining spanish shorthand "~
(babel)             in language  on input line 480.
Package babel Info: Redefining spanish shorthand "!
(babel)             in language  on input line 480.
Package babel Info: Redefining spanish shorthand "?
(babel)             in language  on input line 480.
Package babel Info: Redefining spanish shorthand <<
(babel)             in language  on input line 500.
Package babel Info: Redefining spanish shorthand >>
(babel)             in language  on input line 500.
Package babel Info: Redefining spanish shorthand "=
(babel)             in language  on input line 500.
Package babel Info: Redefining spanish shorthand "~
(babel)             in language  on input line 500.
Package babel Info: Redefining spanish shorthand "!
(babel)             in language  on input line 500.
Package babel Info: Redefining spanish shorthand "?
(babel)             in language  on input line 500.
Package babel Info: Redefining spanish shorthand <<
(babel)             in language  on input line 500.
Package babel Info: Redefining spanish shorthand >>
(babel)             in language  on input line 500.
Package babel Info: Redefining spanish shorthand "=
(babel)             in language  on input line 500.
Package babel Info: Redefining spanish shorthand "~
(babel)             in language  on input line 500.
Package babel Info: Redefining spanish shorthand "!
(babel)             in language  on input line 500.
Package babel Info: Redefining spanish shorthand "?
(babel)             in language  on input line 500.
 [19]
Package babel Info: Redefining spanish shorthand <<
(babel)             in language  on input line 534.
Package babel Info: Redefining spanish shorthand >>
(babel)             in language  on input line 534.
Package babel Info: Redefining spanish shorthand "=
(babel)             in language  on input line 534.
Package babel Info: Redefining spanish shorthand "~
(babel)             in language  on input line 534.
Package babel Info: Redefining spanish shorthand "!
(babel)             in language  on input line 534.
Package babel Info: Redefining spanish shorthand "?
(babel)             in language  on input line 534.
Package babel Info: Redefining spanish shorthand <<
(babel)             in language  on input line 534.
Package babel Info: Redefining spanish shorthand >>
(babel)             in language  on input line 534.
Package babel Info: Redefining spanish shorthand "=
(babel)             in language  on input line 534.
Package babel Info: Redefining spanish shorthand "~
(babel)             in language  on input line 534.
Package babel Info: Redefining spanish shorthand "!
(babel)             in language  on input line 534.
Package babel Info: Redefining spanish shorthand "?
(babel)             in language  on input line 534.
 [20]
Package babel Info: Redefining spanish shorthand <<
(babel)             in language  on input line 554.
Package babel Info: Redefining spanish shorthand >>
(babel)             in language  on input line 554.
Package babel Info: Redefining spanish shorthand "=
(babel)             in language  on input line 554.
Package babel Info: Redefining spanish shorthand "~
(babel)             in language  on input line 554.
Package babel Info: Redefining spanish shorthand "!
(babel)             in language  on input line 554.
Package babel Info: Redefining spanish shorthand "?
(babel)             in language  on input line 554.
Package babel Info: Redefining spanish shorthand <<
(babel)             in language  on input line 567.
Package babel Info: Redefining spanish shorthand >>
(babel)             in language  on input line 567.
Package babel Info: Redefining spanish shorthand "=
(babel)             in language  on input line 567.
Package babel Info: Redefining spanish shorthand "~
(babel)             in language  on input line 567.
Package babel Info: Redefining spanish shorthand "!
(babel)             in language  on input line 567.
Package babel Info: Redefining spanish shorthand "?
(babel)             in language  on input line 567.
Package babel Info: Redefining spanish shorthand <<
(babel)             in language  on input line 567.
Package babel Info: Redefining spanish shorthand >>
(babel)             in language  on input line 567.
Package babel Info: Redefining spanish shorthand "=
(babel)             in language  on input line 567.
Package babel Info: Redefining spanish shorthand "~
(babel)             in language  on input line 567.
Package babel Info: Redefining spanish shorthand "!
(babel)             in language  on input line 567.
Package babel Info: Redefining spanish shorthand "?
(babel)             in language  on input line 567.
 [21]
Overfull \hbox (6.365pt too wide) in paragraph at lines 571--572
[]\OT1/cmr/bx/n/12 Participaci^^Son en con-gre-so na-cio-nal/internacional (via
-je + ins-crip-ci^^Son)\OT1/cmr/m/n/12 : $50,000
 []

Package babel Info: Redefining spanish shorthand <<
(babel)             in language  on input line 590.
Package babel Info: Redefining spanish shorthand >>
(babel)             in language  on input line 590.
Package babel Info: Redefining spanish shorthand "=
(babel)             in language  on input line 590.
Package babel Info: Redefining spanish shorthand "~
(babel)             in language  on input line 590.
Package babel Info: Redefining spanish shorthand "!
(babel)             in language  on input line 590.
Package babel Info: Redefining spanish shorthand "?
(babel)             in language  on input line 590.
Package babel Info: Redefining spanish shorthand <<
(babel)             in language  on input line 596.
Package babel Info: Redefining spanish shorthand >>
(babel)             in language  on input line 596.
Package babel Info: Redefining spanish shorthand "=
(babel)             in language  on input line 596.
Package babel Info: Redefining spanish shorthand "~
(babel)             in language  on input line 596.
Package babel Info: Redefining spanish shorthand "!
(babel)             in language  on input line 596.
Package babel Info: Redefining spanish shorthand "?
(babel)             in language  on input line 596.
Package babel Info: Redefining spanish shorthand <<
(babel)             in language  on input line 599.
Package babel Info: Redefining spanish shorthand >>
(babel)             in language  on input line 599.
Package babel Info: Redefining spanish shorthand "=
(babel)             in language  on input line 599.
Package babel Info: Redefining spanish shorthand "~
(babel)             in language  on input line 599.
Package babel Info: Redefining spanish shorthand "!
(babel)             in language  on input line 599.
Package babel Info: Redefining spanish shorthand "?
(babel)             in language  on input line 599.
Package babel Info: Redefining spanish shorthand <<
(babel)             in language  on input line 601.
Package babel Info: Redefining spanish shorthand >>
(babel)             in language  on input line 601.
Package babel Info: Redefining spanish shorthand "=
(babel)             in language  on input line 601.
Package babel Info: Redefining spanish shorthand "~
(babel)             in language  on input line 601.
Package babel Info: Redefining spanish shorthand "!
(babel)             in language  on input line 601.
Package babel Info: Redefining spanish shorthand "?
(babel)             in language  on input line 601.
Package babel Info: Redefining spanish shorthand <<
(babel)             in language  on input line 601.
Package babel Info: Redefining spanish shorthand >>
(babel)             in language  on input line 601.
Package babel Info: Redefining spanish shorthand "=
(babel)             in language  on input line 601.
Package babel Info: Redefining spanish shorthand "~
(babel)             in language  on input line 601.
Package babel Info: Redefining spanish shorthand "!
(babel)             in language  on input line 601.
Package babel Info: Redefining spanish shorthand "?
(babel)             in language  on input line 601.
[22]
Package babel Info: Redefining spanish shorthand <<
(babel)             in language  on input line 602.
Package babel Info: Redefining spanish shorthand >>
(babel)             in language  on input line 602.
Package babel Info: Redefining spanish shorthand "=
(babel)             in language  on input line 602.
Package babel Info: Redefining spanish shorthand "~
(babel)             in language  on input line 602.
Package babel Info: Redefining spanish shorthand "!
(babel)             in language  on input line 602.
Package babel Info: Redefining spanish shorthand "?
(babel)             in language  on input line 602.
Package babel Info: Redefining spanish shorthand <<
(babel)             in language  on input line 605.
Package babel Info: Redefining spanish shorthand >>
(babel)             in language  on input line 605.
Package babel Info: Redefining spanish shorthand "=
(babel)             in language  on input line 605.
Package babel Info: Redefining spanish shorthand "~
(babel)             in language  on input line 605.
Package babel Info: Redefining spanish shorthand "!
(babel)             in language  on input line 605.
Package babel Info: Redefining spanish shorthand "?
(babel)             in language  on input line 605.
Package babel Info: Redefining spanish shorthand <<
(babel)             in language  on input line 608.
Package babel Info: Redefining spanish shorthand >>
(babel)             in language  on input line 608.
Package babel Info: Redefining spanish shorthand "=
(babel)             in language  on input line 608.
Package babel Info: Redefining spanish shorthand "~
(babel)             in language  on input line 608.
Package babel Info: Redefining spanish shorthand "!
(babel)             in language  on input line 608.
Package babel Info: Redefining spanish shorthand "?
(babel)             in language  on input line 608.
Package babel Info: Redefining spanish shorthand <<
(babel)             in language  on input line 610.
Package babel Info: Redefining spanish shorthand >>
(babel)             in language  on input line 610.
Package babel Info: Redefining spanish shorthand "=
(babel)             in language  on input line 610.
Package babel Info: Redefining spanish shorthand "~
(babel)             in language  on input line 610.
Package babel Info: Redefining spanish shorthand "!
(babel)             in language  on input line 610.
Package babel Info: Redefining spanish shorthand "?
(babel)             in language  on input line 610.
Package babel Info: Redefining spanish shorthand <<
(babel)             in language  on input line 619.
Package babel Info: Redefining spanish shorthand >>
(babel)             in language  on input line 619.
Package babel Info: Redefining spanish shorthand "=
(babel)             in language  on input line 619.
Package babel Info: Redefining spanish shorthand "~
(babel)             in language  on input line 619.
Package babel Info: Redefining spanish shorthand "!
(babel)             in language  on input line 619.
Package babel Info: Redefining spanish shorthand "?
(babel)             in language  on input line 619.
Package babel Info: Redefining spanish shorthand <<
(babel)             in language  on input line 619.
Package babel Info: Redefining spanish shorthand >>
(babel)             in language  on input line 619.
Package babel Info: Redefining spanish shorthand "=
(babel)             in language  on input line 619.
Package babel Info: Redefining spanish shorthand "~
(babel)             in language  on input line 619.
Package babel Info: Redefining spanish shorthand "!
(babel)             in language  on input line 619.
Package babel Info: Redefining spanish shorthand "?
(babel)             in language  on input line 619.
 [23]
Package babel Info: Redefining spanish shorthand <<
(babel)             in language  on input line 663.
Package babel Info: Redefining spanish shorthand >>
(babel)             in language  on input line 663.
Package babel Info: Redefining spanish shorthand "=
(babel)             in language  on input line 663.
Package babel Info: Redefining spanish shorthand "~
(babel)             in language  on input line 663.
Package babel Info: Redefining spanish shorthand "!
(babel)             in language  on input line 663.
Package babel Info: Redefining spanish shorthand "?
(babel)             in language  on input line 663.
Package babel Info: Redefining spanish shorthand <<
(babel)             in language  on input line 663.
Package babel Info: Redefining spanish shorthand >>
(babel)             in language  on input line 663.
Package babel Info: Redefining spanish shorthand "=
(babel)             in language  on input line 663.
Package babel Info: Redefining spanish shorthand "~
(babel)             in language  on input line 663.
Package babel Info: Redefining spanish shorthand "!
(babel)             in language  on input line 663.
Package babel Info: Redefining spanish shorthand "?
(babel)             in language  on input line 663.
 [24]
Package babel Info: Redefining spanish shorthand <<
(babel)             in language  on input line 680.
Package babel Info: Redefining spanish shorthand >>
(babel)             in language  on input line 680.
Package babel Info: Redefining spanish shorthand "=
(babel)             in language  on input line 680.
Package babel Info: Redefining spanish shorthand "~
(babel)             in language  on input line 680.
Package babel Info: Redefining spanish shorthand "!
(babel)             in language  on input line 680.
Package babel Info: Redefining spanish shorthand "?
(babel)             in language  on input line 680.
Package babel Info: Redefining spanish shorthand <<
(babel)             in language  on input line 700.
Package babel Info: Redefining spanish shorthand >>
(babel)             in language  on input line 700.
Package babel Info: Redefining spanish shorthand "=
(babel)             in language  on input line 700.
Package babel Info: Redefining spanish shorthand "~
(babel)             in language  on input line 700.
Package babel Info: Redefining spanish shorthand "!
(babel)             in language  on input line 700.
Package babel Info: Redefining spanish shorthand "?
(babel)             in language  on input line 700.
Package babel Info: Redefining spanish shorthand <<
(babel)             in language  on input line 700.
Package babel Info: Redefining spanish shorthand >>
(babel)             in language  on input line 700.
Package babel Info: Redefining spanish shorthand "=
(babel)             in language  on input line 700.
Package babel Info: Redefining spanish shorthand "~
(babel)             in language  on input line 700.
Package babel Info: Redefining spanish shorthand "!
(babel)             in language  on input line 700.
Package babel Info: Redefining spanish shorthand "?
(babel)             in language  on input line 700.
 [25]
Package babel Info: Redefining spanish shorthand <<
(babel)             in language  on input line 734.
Package babel Info: Redefining spanish shorthand >>
(babel)             in language  on input line 734.
Package babel Info: Redefining spanish shorthand "=
(babel)             in language  on input line 734.
Package babel Info: Redefining spanish shorthand "~
(babel)             in language  on input line 734.
Package babel Info: Redefining spanish shorthand "!
(babel)             in language  on input line 734.
Package babel Info: Redefining spanish shorthand "?
(babel)             in language  on input line 734.
Package babel Info: Redefining spanish shorthand <<
(babel)             in language  on input line 734.
Package babel Info: Redefining spanish shorthand >>
(babel)             in language  on input line 734.
Package babel Info: Redefining spanish shorthand "=
(babel)             in language  on input line 734.
Package babel Info: Redefining spanish shorthand "~
(babel)             in language  on input line 734.
Package babel Info: Redefining spanish shorthand "!
(babel)             in language  on input line 734.
Package babel Info: Redefining spanish shorthand "?
(babel)             in language  on input line 734.
 [26]
Package babel Info: Redefining spanish shorthand <<
(babel)             in language  on input line 754.
Package babel Info: Redefining spanish shorthand >>
(babel)             in language  on input line 754.
Package babel Info: Redefining spanish shorthand "=
(babel)             in language  on input line 754.
Package babel Info: Redefining spanish shorthand "~
(babel)             in language  on input line 754.
Package babel Info: Redefining spanish shorthand "!
(babel)             in language  on input line 754.
Package babel Info: Redefining spanish shorthand "?
(babel)             in language  on input line 754.
Package babel Info: Redefining spanish shorthand <<
(babel)             in language  on input line 767.
Package babel Info: Redefining spanish shorthand >>
(babel)             in language  on input line 767.
Package babel Info: Redefining spanish shorthand "=
(babel)             in language  on input line 767.
Package babel Info: Redefining spanish shorthand "~
(babel)             in language  on input line 767.
Package babel Info: Redefining spanish shorthand "!
(babel)             in language  on input line 767.
Package babel Info: Redefining spanish shorthand "?
(babel)             in language  on input line 767.
Package babel Info: Redefining spanish shorthand <<
(babel)             in language  on input line 767.
Package babel Info: Redefining spanish shorthand >>
(babel)             in language  on input line 767.
Package babel Info: Redefining spanish shorthand "=
(babel)             in language  on input line 767.
Package babel Info: Redefining spanish shorthand "~
(babel)             in language  on input line 767.
Package babel Info: Redefining spanish shorthand "!
(babel)             in language  on input line 767.
Package babel Info: Redefining spanish shorthand "?
(babel)             in language  on input line 767.
 [27]
Overfull \hbox (6.365pt too wide) in paragraph at lines 771--772
[]\OT1/cmr/bx/n/12 Participaci^^Son en con-gre-so na-cio-nal/internacional (via
-je + ins-crip-ci^^Son)\OT1/cmr/m/n/12 : $50,000
 []

Package babel Info: Redefining spanish shorthand <<
(babel)             in language  on input line 804.
Package babel Info: Redefining spanish shorthand >>
(babel)             in language  on input line 804.
Package babel Info: Redefining spanish shorthand "=
(babel)             in language  on input line 804.
Package babel Info: Redefining spanish shorthand "~
(babel)             in language  on input line 804.
Package babel Info: Redefining spanish shorthand "!
(babel)             in language  on input line 804.
Package babel Info: Redefining spanish shorthand "?
(babel)             in language  on input line 804.
Package babel Info: Redefining spanish shorthand <<
(babel)             in language  on input line 804.
Package babel Info: Redefining spanish shorthand >>
(babel)             in language  on input line 804.
Package babel Info: Redefining spanish shorthand "=
(babel)             in language  on input line 804.
Package babel Info: Redefining spanish shorthand "~
(babel)             in language  on input line 804.
Package babel Info: Redefining spanish shorthand "!
(babel)             in language  on input line 804.
Package babel Info: Redefining spanish shorthand "?
(babel)             in language  on input line 804.
[28]
Package babel Info: Redefining spanish shorthand <<
(babel)             in language  on input line 817.
Package babel Info: Redefining spanish shorthand >>
(babel)             in language  on input line 817.
Package babel Info: Redefining spanish shorthand "=
(babel)             in language  on input line 817.
Package babel Info: Redefining spanish shorthand "~
(babel)             in language  on input line 817.
Package babel Info: Redefining spanish shorthand "!
(babel)             in language  on input line 817.
Package babel Info: Redefining spanish shorthand "?
(babel)             in language  on input line 817.
Package babel Info: Redefining spanish shorthand <<
(babel)             in language  on input line 827.
Package babel Info: Redefining spanish shorthand >>
(babel)             in language  on input line 827.
Package babel Info: Redefining spanish shorthand "=
(babel)             in language  on input line 827.
Package babel Info: Redefining spanish shorthand "~
(babel)             in language  on input line 827.
Package babel Info: Redefining spanish shorthand "!
(babel)             in language  on input line 827.
Package babel Info: Redefining spanish shorthand "?
(babel)             in language  on input line 827.
Package babel Info: Redefining spanish shorthand <<
(babel)             in language  on input line 827.
Package babel Info: Redefining spanish shorthand >>
(babel)             in language  on input line 827.
Package babel Info: Redefining spanish shorthand "=
(babel)             in language  on input line 827.
Package babel Info: Redefining spanish shorthand "~
(babel)             in language  on input line 827.
Package babel Info: Redefining spanish shorthand "!
(babel)             in language  on input line 827.
Package babel Info: Redefining spanish shorthand "?
(babel)             in language  on input line 827.
 [29]
Package babel Info: Redefining spanish shorthand <<
(babel)             in language  on input line 870.
Package babel Info: Redefining spanish shorthand >>
(babel)             in language  on input line 870.
Package babel Info: Redefining spanish shorthand "=
(babel)             in language  on input line 870.
Package babel Info: Redefining spanish shorthand "~
(babel)             in language  on input line 870.
Package babel Info: Redefining spanish shorthand "!
(babel)             in language  on input line 870.
Package babel Info: Redefining spanish shorthand "?
(babel)             in language  on input line 870.
Package babel Info: Redefining spanish shorthand <<
(babel)             in language  on input line 870.
Package babel Info: Redefining spanish shorthand >>
(babel)             in language  on input line 870.
Package babel Info: Redefining spanish shorthand "=
(babel)             in language  on input line 870.
Package babel Info: Redefining spanish shorthand "~
(babel)             in language  on input line 870.
Package babel Info: Redefining spanish shorthand "!
(babel)             in language  on input line 870.
Package babel Info: Redefining spanish shorthand "?
(babel)             in language  on input line 870.
 [30]
Package babel Info: Redefining spanish shorthand <<
(babel)             in language  on input line 892.
Package babel Info: Redefining spanish shorthand >>
(babel)             in language  on input line 892.
Package babel Info: Redefining spanish shorthand "=
(babel)             in language  on input line 892.
Package babel Info: Redefining spanish shorthand "~
(babel)             in language  on input line 892.
Package babel Info: Redefining spanish shorthand "!
(babel)             in language  on input line 892.
Package babel Info: Redefining spanish shorthand "?
(babel)             in language  on input line 892.
Package babel Info: Redefining spanish shorthand <<
(babel)             in language  on input line 896.
Package babel Info: Redefining spanish shorthand >>
(babel)             in language  on input line 896.
Package babel Info: Redefining spanish shorthand "=
(babel)             in language  on input line 896.
Package babel Info: Redefining spanish shorthand "~
(babel)             in language  on input line 896.
Package babel Info: Redefining spanish shorthand "!
(babel)             in language  on input line 896.
Package babel Info: Redefining spanish shorthand "?
(babel)             in language  on input line 896.
Package babel Info: Redefining spanish shorthand <<
(babel)             in language  on input line 907.
Package babel Info: Redefining spanish shorthand >>
(babel)             in language  on input line 907.
Package babel Info: Redefining spanish shorthand "=
(babel)             in language  on input line 907.
Package babel Info: Redefining spanish shorthand "~
(babel)             in language  on input line 907.
Package babel Info: Redefining spanish shorthand "!
(babel)             in language  on input line 907.
Package babel Info: Redefining spanish shorthand "?
(babel)             in language  on input line 907.
Package babel Info: Redefining spanish shorthand <<
(babel)             in language  on input line 907.
Package babel Info: Redefining spanish shorthand >>
(babel)             in language  on input line 907.
Package babel Info: Redefining spanish shorthand "=
(babel)             in language  on input line 907.
Package babel Info: Redefining spanish shorthand "~
(babel)             in language  on input line 907.
Package babel Info: Redefining spanish shorthand "!
(babel)             in language  on input line 907.
Package babel Info: Redefining spanish shorthand "?
(babel)             in language  on input line 907.
 [31]
Overfull \hbox (6.365pt too wide) in paragraph at lines 913--914
[]\OT1/cmr/bx/n/12 Participaci^^Son en con-gre-so na-cio-nal/internacional (via
-je + ins-crip-ci^^Son)\OT1/cmr/m/n/12 : $50,000
 []

Package babel Info: Redefining spanish shorthand <<
(babel)             in language  on input line 935.
Package babel Info: Redefining spanish shorthand >>
(babel)             in language  on input line 935.
Package babel Info: Redefining spanish shorthand "=
(babel)             in language  on input line 935.
Package babel Info: Redefining spanish shorthand "~
(babel)             in language  on input line 935.
Package babel Info: Redefining spanish shorthand "!
(babel)             in language  on input line 935.
Package babel Info: Redefining spanish shorthand "?
(babel)             in language  on input line 935.
Package babel Info: Redefining spanish shorthand <<
(babel)             in language  on input line 941.
Package babel Info: Redefining spanish shorthand >>
(babel)             in language  on input line 941.
Package babel Info: Redefining spanish shorthand "=
(babel)             in language  on input line 941.
Package babel Info: Redefining spanish shorthand "~
(babel)             in language  on input line 941.
Package babel Info: Redefining spanish shorthand "!
(babel)             in language  on input line 941.
Package babel Info: Redefining spanish shorthand "?
(babel)             in language  on input line 941.
Package babel Info: Redefining spanish shorthand <<
(babel)             in language  on input line 944.
Package babel Info: Redefining spanish shorthand >>
(babel)             in language  on input line 944.
Package babel Info: Redefining spanish shorthand "=
(babel)             in language  on input line 944.
Package babel Info: Redefining spanish shorthand "~
(babel)             in language  on input line 944.
Package babel Info: Redefining spanish shorthand "!
(babel)             in language  on input line 944.
Package babel Info: Redefining spanish shorthand "?
(babel)             in language  on input line 944.
Package babel Info: Redefining spanish shorthand <<
(babel)             in language  on input line 946.
Package babel Info: Redefining spanish shorthand >>
(babel)             in language  on input line 946.
Package babel Info: Redefining spanish shorthand "=
(babel)             in language  on input line 946.
Package babel Info: Redefining spanish shorthand "~
(babel)             in language  on input line 946.
Package babel Info: Redefining spanish shorthand "!
(babel)             in language  on input line 946.
Package babel Info: Redefining spanish shorthand "?
(babel)             in language  on input line 946.
Package babel Info: Redefining spanish shorthand <<
(babel)             in language  on input line 946.
Package babel Info: Redefining spanish shorthand >>
(babel)             in language  on input line 946.
Package babel Info: Redefining spanish shorthand "=
(babel)             in language  on input line 946.
Package babel Info: Redefining spanish shorthand "~
(babel)             in language  on input line 946.
Package babel Info: Redefining spanish shorthand "!
(babel)             in language  on input line 946.
Package babel Info: Redefining spanish shorthand "?
(babel)             in language  on input line 946.
[32]
Package babel Info: Redefining spanish shorthand <<
(babel)             in language  on input line 947.
Package babel Info: Redefining spanish shorthand >>
(babel)             in language  on input line 947.
Package babel Info: Redefining spanish shorthand "=
(babel)             in language  on input line 947.
Package babel Info: Redefining spanish shorthand "~
(babel)             in language  on input line 947.
Package babel Info: Redefining spanish shorthand "!
(babel)             in language  on input line 947.
Package babel Info: Redefining spanish shorthand "?
(babel)             in language  on input line 947.
Package babel Info: Redefining spanish shorthand <<
(babel)             in language  on input line 954.
Package babel Info: Redefining spanish shorthand >>
(babel)             in language  on input line 954.
Package babel Info: Redefining spanish shorthand "=
(babel)             in language  on input line 954.
Package babel Info: Redefining spanish shorthand "~
(babel)             in language  on input line 954.
Package babel Info: Redefining spanish shorthand "!
(babel)             in language  on input line 954.
Package babel Info: Redefining spanish shorthand "?
(babel)             in language  on input line 954.
Package babel Info: Redefining spanish shorthand <<
(babel)             in language  on input line 957.
Package babel Info: Redefining spanish shorthand >>
(babel)             in language  on input line 957.
Package babel Info: Redefining spanish shorthand "=
(babel)             in language  on input line 957.
Package babel Info: Redefining spanish shorthand "~
(babel)             in language  on input line 957.
Package babel Info: Redefining spanish shorthand "!
(babel)             in language  on input line 957.
Package babel Info: Redefining spanish shorthand "?
(babel)             in language  on input line 957.
Package babel Info: Redefining spanish shorthand <<
(babel)             in language  on input line 960.
Package babel Info: Redefining spanish shorthand >>
(babel)             in language  on input line 960.
Package babel Info: Redefining spanish shorthand "=
(babel)             in language  on input line 960.
Package babel Info: Redefining spanish shorthand "~
(babel)             in language  on input line 960.
Package babel Info: Redefining spanish shorthand "!
(babel)             in language  on input line 960.
Package babel Info: Redefining spanish shorthand "?
(babel)             in language  on input line 960.
Package babel Info: Redefining spanish shorthand <<
(babel)             in language  on input line 963.
Package babel Info: Redefining spanish shorthand >>
(babel)             in language  on input line 963.
Package babel Info: Redefining spanish shorthand "=
(babel)             in language  on input line 963.
Package babel Info: Redefining spanish shorthand "~
(babel)             in language  on input line 963.
Package babel Info: Redefining spanish shorthand "!
(babel)             in language  on input line 963.
Package babel Info: Redefining spanish shorthand "?
(babel)             in language  on input line 963.
Package babel Info: Redefining spanish shorthand <<
(babel)             in language  on input line 976.
Package babel Info: Redefining spanish shorthand >>
(babel)             in language  on input line 976.
Package babel Info: Redefining spanish shorthand "=
(babel)             in language  on input line 976.
Package babel Info: Redefining spanish shorthand "~
(babel)             in language  on input line 976.
Package babel Info: Redefining spanish shorthand "!
(babel)             in language  on input line 976.
Package babel Info: Redefining spanish shorthand "?
(babel)             in language  on input line 976.
Package babel Info: Redefining spanish shorthand <<
(babel)             in language  on input line 976.
Package babel Info: Redefining spanish shorthand >>
(babel)             in language  on input line 976.
Package babel Info: Redefining spanish shorthand "=
(babel)             in language  on input line 976.
Package babel Info: Redefining spanish shorthand "~
(babel)             in language  on input line 976.
Package babel Info: Redefining spanish shorthand "!
(babel)             in language  on input line 976.
Package babel Info: Redefining spanish shorthand "?
(babel)             in language  on input line 976.
 [33]
Overfull \hbox (6.365pt too wide) in paragraph at lines 980--981
[]\OT1/cmr/bx/n/12 Participaci^^Son en con-gre-so na-cio-nal/internacional (via
-je + ins-crip-ci^^Son)\OT1/cmr/m/n/12 : $50,000
 []

Package babel Info: Redefining spanish shorthand <<
(babel)             in language  on input line 998.
Package babel Info: Redefining spanish shorthand >>
(babel)             in language  on input line 998.
Package babel Info: Redefining spanish shorthand "=
(babel)             in language  on input line 998.
Package babel Info: Redefining spanish shorthand "~
(babel)             in language  on input line 998.
Package babel Info: Redefining spanish shorthand "!
(babel)             in language  on input line 998.
Package babel Info: Redefining spanish shorthand "?
(babel)             in language  on input line 998.
Package babel Info: Redefining spanish shorthand <<
(babel)             in language  on input line 1001.
Package babel Info: Redefining spanish shorthand >>
(babel)             in language  on input line 1001.
Package babel Info: Redefining spanish shorthand "=
(babel)             in language  on input line 1001.
Package babel Info: Redefining spanish shorthand "~
(babel)             in language  on input line 1001.
Package babel Info: Redefining spanish shorthand "!
(babel)             in language  on input line 1001.
Package babel Info: Redefining spanish shorthand "?
(babel)             in language  on input line 1001.
Package babel Info: Redefining spanish shorthand <<
(babel)             in language  on input line 1007.
Package babel Info: Redefining spanish shorthand >>
(babel)             in language  on input line 1007.
Package babel Info: Redefining spanish shorthand "=
(babel)             in language  on input line 1007.
Package babel Info: Redefining spanish shorthand "~
(babel)             in language  on input line 1007.
Package babel Info: Redefining spanish shorthand "!
(babel)             in language  on input line 1007.
Package babel Info: Redefining spanish shorthand "?
(babel)             in language  on input line 1007.
Package babel Info: Redefining spanish shorthand <<
(babel)             in language  on input line 1011.
Package babel Info: Redefining spanish shorthand >>
(babel)             in language  on input line 1011.
Package babel Info: Redefining spanish shorthand "=
(babel)             in language  on input line 1011.
Package babel Info: Redefining spanish shorthand "~
(babel)             in language  on input line 1011.
Package babel Info: Redefining spanish shorthand "!
(babel)             in language  on input line 1011.
Package babel Info: Redefining spanish shorthand "?
(babel)             in language  on input line 1011.
Package babel Info: Redefining spanish shorthand <<
(babel)             in language  on input line 1011.
Package babel Info: Redefining spanish shorthand >>
(babel)             in language  on input line 1011.
Package babel Info: Redefining spanish shorthand "=
(babel)             in language  on input line 1011.
Package babel Info: Redefining spanish shorthand "~
(babel)             in language  on input line 1011.
Package babel Info: Redefining spanish shorthand "!
(babel)             in language  on input line 1011.
Package babel Info: Redefining spanish shorthand "?
(babel)             in language  on input line 1011.
[34]
Package babel Info: Redefining spanish shorthand <<
(babel)             in language  on input line 1017.
Package babel Info: Redefining spanish shorthand >>
(babel)             in language  on input line 1017.
Package babel Info: Redefining spanish shorthand "=
(babel)             in language  on input line 1017.
Package babel Info: Redefining spanish shorthand "~
(babel)             in language  on input line 1017.
Package babel Info: Redefining spanish shorthand "!
(babel)             in language  on input line 1017.
Package babel Info: Redefining spanish shorthand "?
(babel)             in language  on input line 1017.
Package babel Info: Redefining spanish shorthand <<
(babel)             in language  on input line 1047.
Package babel Info: Redefining spanish shorthand >>
(babel)             in language  on input line 1047.
Package babel Info: Redefining spanish shorthand "=
(babel)             in language  on input line 1047.
Package babel Info: Redefining spanish shorthand "~
(babel)             in language  on input line 1047.
Package babel Info: Redefining spanish shorthand "!
(babel)             in language  on input line 1047.
Package babel Info: Redefining spanish shorthand "?
(babel)             in language  on input line 1047.
Package babel Info: Redefining spanish shorthand <<
(babel)             in language  on input line 1047.
Package babel Info: Redefining spanish shorthand >>
(babel)             in language  on input line 1047.
Package babel Info: Redefining spanish shorthand "=
(babel)             in language  on input line 1047.
Package babel Info: Redefining spanish shorthand "~
(babel)             in language  on input line 1047.
Package babel Info: Redefining spanish shorthand "!
(babel)             in language  on input line 1047.
Package babel Info: Redefining spanish shorthand "?
(babel)             in language  on input line 1047.
 [35]
Package babel Info: Redefining spanish shorthand <<
(babel)             in language  on input line 1086.
Package babel Info: Redefining spanish shorthand >>
(babel)             in language  on input line 1086.
Package babel Info: Redefining spanish shorthand "=
(babel)             in language  on input line 1086.
Package babel Info: Redefining spanish shorthand "~
(babel)             in language  on input line 1086.
Package babel Info: Redefining spanish shorthand "!
(babel)             in language  on input line 1086.
Package babel Info: Redefining spanish shorthand "?
(babel)             in language  on input line 1086.
Package babel Info: Redefining spanish shorthand <<
(babel)             in language  on input line 1086.
Package babel Info: Redefining spanish shorthand >>
(babel)             in language  on input line 1086.
Package babel Info: Redefining spanish shorthand "=
(babel)             in language  on input line 1086.
Package babel Info: Redefining spanish shorthand "~
(babel)             in language  on input line 1086.
Package babel Info: Redefining spanish shorthand "!
(babel)             in language  on input line 1086.
Package babel Info: Redefining spanish shorthand "?
(babel)             in language  on input line 1086.
 [36]
Package atveryend Info: Empty hook `BeforeClearDocument' on input line 1087.
Package babel Info: Redefining spanish shorthand <<
(babel)             in language  on input line 1087.
Package babel Info: Redefining spanish shorthand >>
(babel)             in language  on input line 1087.
Package babel Info: Redefining spanish shorthand "=
(babel)             in language  on input line 1087.
Package babel Info: Redefining spanish shorthand "~
(babel)             in language  on input line 1087.
Package babel Info: Redefining spanish shorthand "!
(babel)             in language  on input line 1087.
Package babel Info: Redefining spanish shorthand "?
(babel)             in language  on input line 1087.
Package babel Info: Redefining spanish shorthand <<
(babel)             in language  on input line 1087.
Package babel Info: Redefining spanish shorthand >>
(babel)             in language  on input line 1087.
Package babel Info: Redefining spanish shorthand "=
(babel)             in language  on input line 1087.
Package babel Info: Redefining spanish shorthand "~
(babel)             in language  on input line 1087.
Package babel Info: Redefining spanish shorthand "!
(babel)             in language  on input line 1087.
Package babel Info: Redefining spanish shorthand "?
(babel)             in language  on input line 1087.
 [37]
Package atveryend Info: Empty hook `AfterLastShipout' on input line 1087.
 (./Proyecto-SECITI.aux
LaTeX Info: Redefining \. on input line 23.
LaTeX Info: Redefining \% on input line 23.
)
Package atveryend Info: Executing hook `AtVeryEndDocument' on input line 1087.
Package atveryend Info: Executing hook `AtEndAfterFileList' on input line 1087.

Package rerunfilecheck Info: File `Proyecto-SECITI.out' has not changed.
(rerunfilecheck)             Checksum: 1FB27DF96CCB0BAA225A4EA6C0F62138;3074.
Package atveryend Info: Empty hook `AtVeryVeryEnd' on input line 1087.
 ) 
Here is how much of TeX's memory you used:
 7455 strings out of 492649
 105673 string characters out of 6129622
 214160 words of memory out of 5000000
 11093 multiletter control sequences out of 15000+600000
 13741 words of font info for 53 fonts, out of 8000000 for 9000
 1141 hyphenation exceptions out of 8191
 28i,8n,32p,1470b,649s stack positions out of 5000i,500n,10000p,200000b,80000s
</usr/local/texlive/2018/texmf-dist/fonts/type1/public/amsfonts/cm/cmbx12.pfb
></usr/local/texlive/2018/texmf-dist/fonts/type1/public/amsfonts/cm/cmmi12.pfb>
</usr/local/texlive/2018/texmf-dist/fonts/type1/public/amsfonts/cm/cmr12.pfb></
usr/local/texlive/2018/texmf-dist/fonts/type1/public/amsfonts/cm/cmr17.pfb></us
r/local/texlive/2018/texmf-dist/fonts/type1/public/amsfonts/cm/cmr7.pfb></usr/l
ocal/texlive/2018/texmf-dist/fonts/type1/public/amsfonts/cm/cmr8.pfb></usr/loca
l/texlive/2018/texmf-dist/fonts/type1/public/amsfonts/cm/cmti10.pfb></usr/local
/texlive/2018/texmf-dist/fonts/type1/public/amsfonts/cm/cmti12.pfb>
Output written on Proyecto-SECITI.pdf (37 pages, 183973 bytes).
PDF statistics:
 569 PDF objects out of 1000 (max. 8388607)
 516 compressed objects within 6 object streams
 166 named destinations out of 1000 (max. 500000)
 401 words of extra memory for PDF output out of 10000 (max. 10000000)

