\BOOKMARK [1][-]{section.1}{Carta de Postulaci\363n}{}% 1
\BOOKMARK [1][-]{section.2}{Resumen Ejecutivo}{}% 2
\BOOKMARK [1][-]{section.3}{Objetivo General}{}% 3
\BOOKMARK [1][-]{section.4}{Objetivos Espec\355ficos}{}% 4
\BOOKMARK [1][-]{section.5}{Antecedentes}{}% 5
\BOOKMARK [1][-]{section.6}{Hip\363tesis o Preguntas de Investigaci\363n}{}% 6
\BOOKMARK [1][-]{section.7}{Pertinencia de la Propuesta}{}% 7
\BOOKMARK [1][-]{section.8}{Metodolog\355a}{}% 8
\BOOKMARK [1][-]{section.9}{Resultados Esperados}{}% 9
\BOOKMARK [1][-]{section.10}{Factores de Riesgo y Estrategias}{}% 10
\BOOKMARK [1][-]{section.11}{Impacto Social}{}% 11
\BOOKMARK [1][-]{section.12}{Plan de Trabajo por Etapas}{}% 12
\BOOKMARK [1][-]{section.13}{Plan de Trabajo por Etapas}{}% 13
\BOOKMARK [1][-]{section.14}{Desglose Financiero Estimado por Etapa}{}% 14
\BOOKMARK [1][-]{section.15}{Semblanza}{}% 15
\BOOKMARK [1][-]{section.16}{Publicaciones Destacadas}{}% 16
\BOOKMARK [1][-]{section.17}{Plan de Trabajo por Etapas}{}% 17
\BOOKMARK [1][-]{section.18}{Antecedentes}{}% 18
\BOOKMARK [1][-]{section.19}{Hip\363tesis o Preguntas de Investigaci\363n}{}% 19
\BOOKMARK [1][-]{section.20}{Pertinencia de la Propuesta}{}% 20
\BOOKMARK [1][-]{section.21}{Metodolog\355a}{}% 21
\BOOKMARK [1][-]{section.22}{Resultados Esperados}{}% 22
\BOOKMARK [1][-]{section.23}{Factores de Riesgo y Estrategias}{}% 23
\BOOKMARK [1][-]{section.24}{Impacto Social}{}% 24
\BOOKMARK [1][-]{section.25}{Plan de Trabajo por Etapas}{}% 25
\BOOKMARK [1][-]{section.26}{Plan de Trabajo por Etapas}{}% 26
\BOOKMARK [1][-]{section.27}{Desglose Financiero Estimado por Etapa}{}% 27
\BOOKMARK [1][-]{section.28}{Antecedentes}{}% 28
\BOOKMARK [1][-]{section.29}{Hip\363tesis o Preguntas de Investigaci\363n}{}% 29
\BOOKMARK [1][-]{section.30}{Pertinencia de la Propuesta}{}% 30
\BOOKMARK [1][-]{section.31}{Metodolog\355a}{}% 31
\BOOKMARK [1][-]{section.32}{Resultados Esperados}{}% 32
\BOOKMARK [1][-]{section.33}{Factores de Riesgo y Estrategias}{}% 33
\BOOKMARK [1][-]{section.34}{Impacto Social}{}% 34
\BOOKMARK [1][-]{section.35}{Plan de Trabajo por Etapas}{}% 35
\BOOKMARK [1][-]{section.36}{Plan de Trabajo por Etapas}{}% 36
\BOOKMARK [1][-]{section.37}{Desglose Financiero Estimado por Etapa}{}% 37
\BOOKMARK [1][-]{section.38}{Plan de Trabajo por Etapas}{}% 38
\BOOKMARK [1][-]{section.39}{Plan de Trabajo por Etapas}{}% 39
\BOOKMARK [1][-]{section.40}{Desglose Financiero Estimado por Etapa}{}% 40
\BOOKMARK [1][-]{section.41}{Antecedentes}{}% 41
\BOOKMARK [1][-]{section.42}{Hip\363tesis o Preguntas de Investigaci\363n}{}% 42
\BOOKMARK [1][-]{section.43}{Pertinencia de la Propuesta}{}% 43
\BOOKMARK [1][-]{section.44}{Metodolog\355a}{}% 44
\BOOKMARK [1][-]{section.45}{Resultados Esperados}{}% 45
\BOOKMARK [1][-]{section.46}{Factores de Riesgo y Estrategias}{}% 46
\BOOKMARK [1][-]{section.47}{Impacto Social}{}% 47
\BOOKMARK [1][-]{section.48}{Plan de Trabajo por Etapas}{}% 48
\BOOKMARK [1][-]{section.49}{Desglose Financiero Estimado por Etapa}{}% 49
\BOOKMARK [1][-]{section.50}{Semblanza}{}% 50
\BOOKMARK [1][-]{section.51}{Publicaciones Destacadas}{}% 51
\BOOKMARK [1][-]{section.52}{Bibliograf\355a}{}% 52
\BOOKMARK [1][-]{section.53}{Bibliograf\355a}{}% 53
