\BOOKMARK [1][-]{section.1}{Random Forest: Explanation in Mathematical Terms}{}% 1
\BOOKMARK [1][-]{section.2}{Deep Learning: Overview}{}% 2
\BOOKMARK [1][-]{section.3}{Example of Implementation in R:}{}% 3
\BOOKMARK [2][-]{subsection.3.1}{Install and Load the Keras Library:}{section.3}% 4
\BOOKMARK [2][-]{subsection.3.2}{Build a Simple Neural Network:}{section.3}% 5
\BOOKMARK [2][-]{subsection.3.3}{Compile and Train the Neural Network:}{section.3}% 6
\BOOKMARK [2][-]{subsection.3.4}{Evaluate the Model:}{section.3}% 7
\BOOKMARK [1][-]{section.4}{Impurity Measures in Random Forest}{}% 8
\BOOKMARK [2][-]{subsection.4.1}{Gini Index for Classification}{section.4}% 9
\BOOKMARK [2][-]{subsection.4.2}{Mean Squared Error for Regression}{section.4}% 10
\BOOKMARK [1][-]{section.5}{Construcci\363n del \301rbol de Decisi\363n}{}% 11
\BOOKMARK [2][-]{subsection.5.1}{Teor\355a:}{section.5}% 12
\BOOKMARK [2][-]{subsection.5.2}{Elementos Matem\341ticos:}{section.5}% 13
\BOOKMARK [1][-]{section.6}{Reducci\363n de Varianza en Random Forest}{}% 14
\BOOKMARK [2][-]{subsection.6.1}{Teor\355a:}{section.6}% 15
\BOOKMARK [3][-]{subsubsection.6.1.1}{Bagging \(Bootstrap Aggregating\):}{subsection.6.1}% 16
\BOOKMARK [3][-]{subsubsection.6.1.2}{Random Subspace:}{subsection.6.1}% 17
\BOOKMARK [2][-]{subsection.6.2}{Elementos Matem\341ticos:}{section.6}% 18
\BOOKMARK [1][-]{section.7}{Votaci\363n y Promedio en Random Forest}{}% 19
\BOOKMARK [2][-]{subsection.7.1}{Teor\355a:}{section.7}% 20
\BOOKMARK [3][-]{subsubsection.7.1.1}{Para Problemas de Clasificaci\363n:}{subsection.7.1}% 21
\BOOKMARK [3][-]{subsubsection.7.1.2}{Para Problemas de Regresi\363n:}{subsection.7.1}% 22
\BOOKMARK [2][-]{subsection.7.2}{Elementos Matem\341ticos:}{section.7}% 23
\BOOKMARK [1][-]{section.8}{Resumen}{}% 24
\BOOKMARK [2][-]{subsection.8.1}{Ejemplo en R: Random Forest}{section.8}% 25
\BOOKMARK [2][-]{subsection.8.2}{Deep Learning}{section.8}% 26
