\BOOKMARK [0][-]{chapter.1}{Ciencia de Datos y Machine Learning}{}% 1
\BOOKMARK [1][-]{section.1.1}{Algoritmos de Aprendizaje Supervisado}{chapter.1}% 2
\BOOKMARK [2][-]{subsection.1.1.1}{Regresi\363n Lineal y Log\355stica}{section.1.1}% 3
\BOOKMARK [2][-]{subsection.1.1.2}{M\341quinas de Soporte Vectorial \(SVM\)}{section.1.1}% 4
\BOOKMARK [2][-]{subsection.1.1.3}{\301rboles de Decisi\363n y Bosques Aleatorios}{section.1.1}% 5
\BOOKMARK [2][-]{subsection.1.1.4}{Redes Neuronales}{section.1.1}% 6
\BOOKMARK [1][-]{section.1.2}{Aprendizaje No Supervisado}{chapter.1}% 7
\BOOKMARK [2][-]{subsection.1.2.1}{K-Means y Clustering Jer\341rquico}{section.1.2}% 8
\BOOKMARK [2][-]{subsection.1.2.2}{An\341lisis de Componentes Principales \(PCA\)}{section.1.2}% 9
\BOOKMARK [2][-]{subsection.1.2.3}{Algoritmos de Asociaci\363n}{section.1.2}% 10
\BOOKMARK [2][-]{subsection.1.2.4}{Mapas Autoorganizados \(SOM\)}{section.1.2}% 11
\BOOKMARK [1][-]{section.1.3}{Evaluaci\363n de Modelos y M\351tricas}{chapter.1}% 12
\BOOKMARK [2][-]{subsection.1.3.1}{Precisi\363n, Sensibilidad, Especificidad}{section.1.3}% 13
\BOOKMARK [2][-]{subsection.1.3.2}{Curvas ROC y \301rea Bajo la Curva \(AUC-ROC\)}{section.1.3}% 14
\BOOKMARK [2][-]{subsection.1.3.3}{Matriz de Confusi\363n}{section.1.3}% 15
\BOOKMARK [2][-]{subsection.1.3.4}{Validaci\363n Cruzada}{section.1.3}% 16
\BOOKMARK [1][-]{section.1.4}{Preprocesamiento de Datos}{chapter.1}% 17
\BOOKMARK [2][-]{subsection.1.4.1}{Normalizaci\363n y Estandarizaci\363n}{section.1.4}% 18
\BOOKMARK [2][-]{subsection.1.4.2}{Manejo de Datos Faltantes}{section.1.4}% 19
\BOOKMARK [2][-]{subsection.1.4.3}{Ingenier\355a de Caracter\355sticas}{section.1.4}% 20
\BOOKMARK [2][-]{subsection.1.4.4}{Selecci\363n de Caracter\355sticas}{section.1.4}% 21
\BOOKMARK [1][-]{section.1.5}{Optimizaci\363n de Modelos}{chapter.1}% 22
\BOOKMARK [2][-]{subsection.1.5.1}{Hiperpar\341metros y B\372squeda en Cuadr\355cula}{section.1.5}% 23
\BOOKMARK [2][-]{subsection.1.5.2}{Optimizaci\363n Bayesiana}{section.1.5}% 24
\BOOKMARK [2][-]{subsection.1.5.3}{Regularizaci\363n}{section.1.5}% 25
\BOOKMARK [2][-]{subsection.1.5.4}{Redes Neuronales Convolucionales \(CNN\) y Recurrentes \(RNN\)}{section.1.5}% 26
\BOOKMARK [1][-]{section.1.6}{Aprendizaje por Refuerzo}{chapter.1}% 27
\BOOKMARK [2][-]{subsection.1.6.1}{Q-Learning}{section.1.6}% 28
\BOOKMARK [2][-]{subsection.1.6.2}{Algoritmos de Pol\355ticas}{section.1.6}% 29
\BOOKMARK [2][-]{subsection.1.6.3}{Exploraci\363n y Explotaci\363n}{section.1.6}% 30
\BOOKMARK [2][-]{subsection.1.6.4}{Funciones de Valor}{section.1.6}% 31
\BOOKMARK [1][-]{section.1.7}{\311tica en el Machine Learning}{chapter.1}% 32
\BOOKMARK [2][-]{subsection.1.7.1}{Sesgo y Equidad}{section.1.7}% 33
\BOOKMARK [2][-]{subsection.1.7.2}{Transparencia y Explicabilidad}{section.1.7}% 34
\BOOKMARK [2][-]{subsection.1.7.3}{Privacidad y Seguridad}{section.1.7}% 35
\BOOKMARK [2][-]{subsection.1.7.4}{Responsabilidad en el Despliegue de Modelos}{section.1.7}% 36
\BOOKMARK [0][-]{chapter.2}{Gu\355a de Estudio de Deep Learning}{}% 37
\BOOKMARK [1][-]{section.2.1}{Redes Neuronales Profundas}{chapter.2}% 38
\BOOKMARK [2][-]{subsection.2.1.1}{Perceptrones Multicapa \(MLP\)}{section.2.1}% 39
\BOOKMARK [2][-]{subsection.2.1.2}{Funciones de Activaci\363n: ReLU, Sigmoid, Tanh}{section.2.1}% 40
\BOOKMARK [2][-]{subsection.2.1.3}{Backpropagation}{section.2.1}% 41
\BOOKMARK [2][-]{subsection.2.1.4}{Regularizaci\363n en Redes Neuronales}{section.2.1}% 42
\BOOKMARK [1][-]{section.2.2}{Redes Neuronales Convolucionales \(CNN\)}{chapter.2}% 43
\BOOKMARK [2][-]{subsection.2.2.1}{Convolutional Layers}{section.2.2}% 44
\BOOKMARK [2][-]{subsection.2.2.2}{Pooling Layers}{section.2.2}% 45
\BOOKMARK [2][-]{subsection.2.2.3}{Transfer Learning con CNN}{section.2.2}% 46
\BOOKMARK [2][-]{subsection.2.2.4}{Aplicaciones en Visi\363n por Computadora}{section.2.2}% 47
\BOOKMARK [1][-]{section.2.3}{Redes Neuronales Recurrentes \(RNN\)}{chapter.2}% 48
\BOOKMARK [2][-]{subsection.2.3.1}{Arquitecturas de RNN}{section.2.3}% 49
\BOOKMARK [2][-]{subsection.2.3.2}{Long Short-Term Memory \(LSTM\)}{section.2.3}% 50
\BOOKMARK [2][-]{subsection.2.3.3}{Gated Recurrent Unit \(GRU\)}{section.2.3}% 51
\BOOKMARK [2][-]{subsection.2.3.4}{Aplicaciones en Procesamiento de Lenguaje Natural}{section.2.3}% 52
\BOOKMARK [1][-]{section.2.4}{Redes Generativas}{chapter.2}% 53
\BOOKMARK [2][-]{subsection.2.4.1}{Generative Adversarial Networks \(GAN\)}{section.2.4}% 54
\BOOKMARK [2][-]{subsection.2.4.2}{Variational Autoencoders \(VAE\)}{section.2.4}% 55
\BOOKMARK [2][-]{subsection.2.4.3}{Aplicaciones en Generaci\363n de Im\341genes y Texto}{section.2.4}% 56
\BOOKMARK [1][-]{section.2.5}{Transferencia de Aprendizaje en Deep Learning}{chapter.2}% 57
\BOOKMARK [2][-]{subsection.2.5.1}{Fine-Tuning de Modelos Preentrenados}{section.2.5}% 58
\BOOKMARK [2][-]{subsection.2.5.2}{Domain Adaptation}{section.2.5}% 59
\BOOKMARK [2][-]{subsection.2.5.3}{Modelos Preentrenados como BERT, GPT}{section.2.5}% 60
\BOOKMARK [1][-]{section.2.6}{T\351cnicas Avanzadas}{chapter.2}% 61
\BOOKMARK [2][-]{subsection.2.6.1}{Normalizaci\363n por Lotes \(Batch Normalization\)}{section.2.6}% 62
\BOOKMARK [2][-]{subsection.2.6.2}{Dropout}{section.2.6}% 63
\BOOKMARK [2][-]{subsection.2.6.3}{Redes Siamesas}{section.2.6}% 64
\BOOKMARK [2][-]{subsection.2.6.4}{Redes Neuronales Adversarias Condicionales \(cGAN\)}{section.2.6}% 65
\BOOKMARK [1][-]{section.2.7}{Herramientas y Frameworks}{chapter.2}% 66
\BOOKMARK [2][-]{subsection.2.7.1}{TensorFlow}{section.2.7}% 67
\BOOKMARK [2][-]{subsection.2.7.2}{PyTorch}{section.2.7}% 68
\BOOKMARK [2][-]{subsection.2.7.3}{Keras}{section.2.7}% 69
\BOOKMARK [2][-]{subsection.2.7.4}{TensorBoard para Visualizaci\363n}{section.2.7}% 70
