This is pdfTeX, Version 3.141592653-2.6-1.40.26 (TeX Live 2024) (preloaded format=pdflatex 2024.11.10)  24 APR 2025 23:22
entering extended mode
 restricted \write18 enabled.
 file:line:error style messages enabled.
 %&-line parsing enabled.
**Compendio_IA.tex
(./Compendio_IA.tex
LaTeX2e <2023-11-01> patch level 1
L3 programming layer <2024-02-20>
(/usr/local/texlive/2024/texmf-dist/tex/latex/base/article.cls
Document Class: article 2023/05/17 v1.4n Standard LaTeX document class
(/usr/local/texlive/2024/texmf-dist/tex/latex/base/size12.clo
File: size12.clo 2023/05/17 v1.4n Standard LaTeX file (size option)
)
\c@part=\count188
\c@section=\count189
\c@subsection=\count190
\c@subsubsection=\count191
\c@paragraph=\count192
\c@subparagraph=\count193
\c@figure=\count194
\c@table=\count195
\abovecaptionskip=\skip48
\belowcaptionskip=\skip49
\bibindent=\dimen140
)
(/usr/local/texlive/2024/texmf-dist/tex/latex/xcolor/xcolor.sty
Package: xcolor 2023/11/15 v3.01 LaTeX color extensions (UK)

(/usr/local/texlive/2024/texmf-dist/tex/latex/graphics-cfg/color.cfg
File: color.cfg 2016/01/02 v1.6 sample color configuration
)
Package xcolor Info: Driver file: pdftex.def on input line 274.

(/usr/local/texlive/2024/texmf-dist/tex/latex/graphics-def/pdftex.def
File: pdftex.def 2022/09/22 v1.2b Graphics/color driver for pdftex
)
(/usr/local/texlive/2024/texmf-dist/tex/latex/graphics/mathcolor.ltx)
Package xcolor Info: Model `cmy' substituted by `cmy0' on input line 1350.
Package xcolor Info: Model `hsb' substituted by `rgb' on input line 1354.
Package xcolor Info: Model `RGB' extended on input line 1366.
Package xcolor Info: Model `HTML' substituted by `rgb' on input line 1368.
Package xcolor Info: Model `Hsb' substituted by `hsb' on input line 1369.
Package xcolor Info: Model `tHsb' substituted by `hsb' on input line 1370.
Package xcolor Info: Model `HSB' substituted by `hsb' on input line 1371.
Package xcolor Info: Model `Gray' substituted by `gray' on input line 1372.
Package xcolor Info: Model `wave' substituted by `hsb' on input line 1373.
)
(/usr/local/texlive/2024/texmf-dist/tex/latex/graphics/dvipsnam.def
File: dvipsnam.def 2016/06/17 v3.0m Driver-dependent file (DPC,SPQR)
)
(/usr/local/texlive/2024/texmf-dist/tex/latex/graphics/rotating.sty
Package: rotating 2016/08/11 v2.16d rotated objects in LaTeX

(/usr/local/texlive/2024/texmf-dist/tex/latex/graphics/graphicx.sty
Package: graphicx 2021/09/16 v1.2d Enhanced LaTeX Graphics (DPC,SPQR)

(/usr/local/texlive/2024/texmf-dist/tex/latex/graphics/keyval.sty
Package: keyval 2022/05/29 v1.15 key=value parser (DPC)
\KV@toks@=\toks17
)
(/usr/local/texlive/2024/texmf-dist/tex/latex/graphics/graphics.sty
Package: graphics 2022/03/10 v1.4e Standard LaTeX Graphics (DPC,SPQR)

(/usr/local/texlive/2024/texmf-dist/tex/latex/graphics/trig.sty
Package: trig 2021/08/11 v1.11 sin cos tan (DPC)
)
(/usr/local/texlive/2024/texmf-dist/tex/latex/graphics-cfg/graphics.cfg
File: graphics.cfg 2016/06/04 v1.11 sample graphics configuration
)
Package graphics Info: Driver file: pdftex.def on input line 107.
)
\Gin@req@height=\dimen141
\Gin@req@width=\dimen142
)
(/usr/local/texlive/2024/texmf-dist/tex/latex/base/ifthen.sty
Package: ifthen 2022/04/13 v1.1d Standard LaTeX ifthen package (DPC)
)
\c@r@tfl@t=\count196
\rotFPtop=\skip50
\rotFPbot=\skip51
\rot@float@box=\box51
\rot@mess@toks=\toks18
)
(/usr/local/texlive/2024/texmf-dist/tex/latex/geometry/geometry.sty
Package: geometry 2020/01/02 v5.9 Page Geometry

(/usr/local/texlive/2024/texmf-dist/tex/generic/iftex/ifvtex.sty
Package: ifvtex 2019/10/25 v1.7 ifvtex legacy package. Use iftex instead.

(/usr/local/texlive/2024/texmf-dist/tex/generic/iftex/iftex.sty
Package: iftex 2022/02/03 v1.0f TeX engine tests
))
\Gm@cnth=\count197
\Gm@cntv=\count198
\c@Gm@tempcnt=\count199
\Gm@bindingoffset=\dimen143
\Gm@wd@mp=\dimen144
\Gm@odd@mp=\dimen145
\Gm@even@mp=\dimen146
\Gm@layoutwidth=\dimen147
\Gm@layoutheight=\dimen148
\Gm@layouthoffset=\dimen149
\Gm@layoutvoffset=\dimen150
\Gm@dimlist=\toks19
)
(/usr/local/texlive/2024/texmf-dist/tex/latex/graphics/lscape.sty
Package: lscape 2020/05/28 v3.02 Landscape Pages (DPC)
)
(/usr/local/texlive/2024/texmf-dist/tex/generic/babel/babel.sty
Package: babel 2024/02/07 v24.2 The Babel package
\babel@savecnt=\count266
\U@D=\dimen151
\l@unhyphenated=\language89

(/usr/local/texlive/2024/texmf-dist/tex/generic/babel/txtbabel.def)
\bbl@readstream=\read2
\bbl@dirlevel=\count267

(/usr/local/texlive/2024/texmf-dist/tex/generic/babel-spanish/spanish.ldf
Language: spanish.ldf 2021/05/27 v5.0q Spanish support from the babel system
\es@quottoks=\toks20
\es@quotdepth=\count268
Package babel Info: Making " an active character on input line 570.
Package babel Info: Making . an active character on input line 675.
Package babel Info: Making < an active character on input line 722.
Package babel Info: Making > an active character on input line 722.
))
(/usr/local/texlive/2024/texmf-dist/tex/generic/babel/locale/es/babel-spanish.t
ex
Package babel Info: Importing font and identification data for spanish
(babel)             from babel-es.ini. Reported on input line 11.
) (/usr/local/texlive/2024/texmf-dist/tex/latex/base/inputenc.sty
Package: inputenc 2021/02/14 v1.3d Input encoding file
\inpenc@prehook=\toks21
\inpenc@posthook=\toks22
)
(/usr/local/texlive/2024/texmf-dist/tex/latex/amsmath/amsmath.sty
Package: amsmath 2023/05/13 v2.17o AMS math features
\@mathmargin=\skip52

For additional information on amsmath, use the `?' option.
(/usr/local/texlive/2024/texmf-dist/tex/latex/amsmath/amstext.sty
Package: amstext 2021/08/26 v2.01 AMS text

(/usr/local/texlive/2024/texmf-dist/tex/latex/amsmath/amsgen.sty
File: amsgen.sty 1999/11/30 v2.0 generic functions
\@emptytoks=\toks23
\ex@=\dimen152
))
(/usr/local/texlive/2024/texmf-dist/tex/latex/amsmath/amsbsy.sty
Package: amsbsy 1999/11/29 v1.2d Bold Symbols
\pmbraise@=\dimen153
)
(/usr/local/texlive/2024/texmf-dist/tex/latex/amsmath/amsopn.sty
Package: amsopn 2022/04/08 v2.04 operator names
)
\inf@bad=\count269
LaTeX Info: Redefining \frac on input line 234.
\uproot@=\count270
\leftroot@=\count271
LaTeX Info: Redefining \overline on input line 399.
LaTeX Info: Redefining \colon on input line 410.
\classnum@=\count272
\DOTSCASE@=\count273
LaTeX Info: Redefining \ldots on input line 496.
LaTeX Info: Redefining \dots on input line 499.
LaTeX Info: Redefining \cdots on input line 620.
\Mathstrutbox@=\box52
\strutbox@=\box53
LaTeX Info: Redefining \big on input line 722.
LaTeX Info: Redefining \Big on input line 723.
LaTeX Info: Redefining \bigg on input line 724.
LaTeX Info: Redefining \Bigg on input line 725.
\big@size=\dimen154
LaTeX Font Info:    Redeclaring font encoding OML on input line 743.
LaTeX Font Info:    Redeclaring font encoding OMS on input line 744.
\macc@depth=\count274
LaTeX Info: Redefining \bmod on input line 905.
LaTeX Info: Redefining \pmod on input line 910.
LaTeX Info: Redefining \smash on input line 940.
LaTeX Info: Redefining \relbar on input line 970.
LaTeX Info: Redefining \Relbar on input line 971.
\c@MaxMatrixCols=\count275
\dotsspace@=\muskip16
\c@parentequation=\count276
\dspbrk@lvl=\count277
\tag@help=\toks24
\row@=\count278
\column@=\count279
\maxfields@=\count280
\andhelp@=\toks25
\eqnshift@=\dimen155
\alignsep@=\dimen156
\tagshift@=\dimen157
\tagwidth@=\dimen158
\totwidth@=\dimen159
\lineht@=\dimen160
\@envbody=\toks26
\multlinegap=\skip53
\multlinetaggap=\skip54
\mathdisplay@stack=\toks27
LaTeX Info: Redefining \[ on input line 2953.
LaTeX Info: Redefining \] on input line 2954.
)
(/usr/local/texlive/2024/texmf-dist/tex/latex/amsfonts/amssymb.sty
Package: amssymb 2013/01/14 v3.01 AMS font symbols

(/usr/local/texlive/2024/texmf-dist/tex/latex/amsfonts/amsfonts.sty
Package: amsfonts 2013/01/14 v3.01 Basic AMSFonts support
\symAMSa=\mathgroup4
\symAMSb=\mathgroup5
LaTeX Font Info:    Redeclaring math symbol \hbar on input line 98.
LaTeX Font Info:    Overwriting math alphabet `\mathfrak' in version `bold'
(Font)                  U/euf/m/n --> U/euf/b/n on input line 106.
))
(/usr/local/texlive/2024/texmf-dist/tex/latex/amscls/amsthm.sty
Package: amsthm 2020/05/29 v2.20.6
\thm@style=\toks28
\thm@bodyfont=\toks29
\thm@headfont=\toks30
\thm@notefont=\toks31
\thm@headpunct=\toks32
\thm@preskip=\skip55
\thm@postskip=\skip56
\thm@headsep=\skip57
\dth@everypar=\toks33
)
(/usr/local/texlive/2024/texmf-dist/tex/latex/anysize/anysize.sty
Package: anysize 1994/08/13 setting margin sizes

document style option `anysize' loaded
Michael Salzenberg, Thomas Esser, Dirk Hillbrecht
Version 1.0, Aug 13, 1994
\@Leftmargin=\dimen161
\@Rightmargin=\dimen162
\@Topmargin=\dimen163
\@Bottommargin=\dimen164
) (/usr/local/texlive/2024/texmf-dist/tex/latex/tools/enumerate.sty
Package: enumerate 2023/07/04 v3.00 enumerate extensions (DPC)
\@enLab=\toks34
)
(/usr/local/texlive/2024/texmf-dist/tex/latex/fancyhdr/fancyhdr.sty
Package: fancyhdr 2022/11/09 v4.1 Extensive control of page headers and footers

\f@nch@headwidth=\skip58
\f@nch@O@elh=\skip59
\f@nch@O@erh=\skip60
\f@nch@O@olh=\skip61
\f@nch@O@orh=\skip62
\f@nch@O@elf=\skip63
\f@nch@O@erf=\skip64
\f@nch@O@olf=\skip65
\f@nch@O@orf=\skip66
)
(/usr/local/texlive/2024/texmf-dist/tex/latex/float/float.sty
Package: float 2001/11/08 v1.3d Float enhancements (AL)
\c@float@type=\count281
\float@exts=\toks35
\float@box=\box54
\@float@everytoks=\toks36
\@floatcapt=\box55
)
(/usr/local/texlive/2024/texmf-dist/tex/latex/hyperref/hyperref.sty
Package: hyperref 2024-01-20 v7.01h Hypertext links for LaTeX

(/usr/local/texlive/2024/texmf-dist/tex/latex/kvsetkeys/kvsetkeys.sty
Package: kvsetkeys 2022-10-05 v1.19 Key value parser (HO)
)
(/usr/local/texlive/2024/texmf-dist/tex/generic/kvdefinekeys/kvdefinekeys.sty
Package: kvdefinekeys 2019-12-19 v1.6 Define keys (HO)
)
(/usr/local/texlive/2024/texmf-dist/tex/generic/pdfescape/pdfescape.sty
Package: pdfescape 2019/12/09 v1.15 Implements pdfTeX's escape features (HO)

(/usr/local/texlive/2024/texmf-dist/tex/generic/ltxcmds/ltxcmds.sty
Package: ltxcmds 2023-12-04 v1.26 LaTeX kernel commands for general use (HO)
)
(/usr/local/texlive/2024/texmf-dist/tex/generic/pdftexcmds/pdftexcmds.sty
Package: pdftexcmds 2020-06-27 v0.33 Utility functions of pdfTeX for LuaTeX (HO
)

(/usr/local/texlive/2024/texmf-dist/tex/generic/infwarerr/infwarerr.sty
Package: infwarerr 2019/12/03 v1.5 Providing info/warning/error messages (HO)
)
Package pdftexcmds Info: \pdf@primitive is available.
Package pdftexcmds Info: \pdf@ifprimitive is available.
Package pdftexcmds Info: \pdfdraftmode found.
))
(/usr/local/texlive/2024/texmf-dist/tex/latex/hycolor/hycolor.sty
Package: hycolor 2020-01-27 v1.10 Color options for hyperref/bookmark (HO)
)
(/usr/local/texlive/2024/texmf-dist/tex/latex/auxhook/auxhook.sty
Package: auxhook 2019-12-17 v1.6 Hooks for auxiliary files (HO)
)
(/usr/local/texlive/2024/texmf-dist/tex/latex/hyperref/nameref.sty
Package: nameref 2023-11-26 v2.56 Cross-referencing by name of section

(/usr/local/texlive/2024/texmf-dist/tex/latex/refcount/refcount.sty
Package: refcount 2019/12/15 v3.6 Data extraction from label references (HO)
)
(/usr/local/texlive/2024/texmf-dist/tex/generic/gettitlestring/gettitlestring.s
ty
Package: gettitlestring 2019/12/15 v1.6 Cleanup title references (HO)
 (/usr/local/texlive/2024/texmf-dist/tex/latex/kvoptions/kvoptions.sty
Package: kvoptions 2022-06-15 v3.15 Key value format for package options (HO)
))
\c@section@level=\count282
)
(/usr/local/texlive/2024/texmf-dist/tex/latex/etoolbox/etoolbox.sty
Package: etoolbox 2020/10/05 v2.5k e-TeX tools for LaTeX (JAW)
\etb@tempcnta=\count283
)
\@linkdim=\dimen165
\Hy@linkcounter=\count284
\Hy@pagecounter=\count285

(/usr/local/texlive/2024/texmf-dist/tex/latex/hyperref/pd1enc.def
File: pd1enc.def 2024-01-20 v7.01h Hyperref: PDFDocEncoding definition (HO)
Now handling font encoding PD1 ...
... no UTF-8 mapping file for font encoding PD1
)
(/usr/local/texlive/2024/texmf-dist/tex/generic/intcalc/intcalc.sty
Package: intcalc 2019/12/15 v1.3 Expandable calculations with integers (HO)
)
\Hy@SavedSpaceFactor=\count286

(/usr/local/texlive/2024/texmf-dist/tex/latex/hyperref/puenc.def
File: puenc.def 2024-01-20 v7.01h Hyperref: PDF Unicode definition (HO)
Now handling font encoding PU ...
... no UTF-8 mapping file for font encoding PU
)
Package hyperref Info: Hyper figures OFF on input line 4179.
Package hyperref Info: Link nesting OFF on input line 4184.
Package hyperref Info: Hyper index ON on input line 4187.
Package hyperref Info: Plain pages OFF on input line 4194.
Package hyperref Info: Backreferencing OFF on input line 4199.
Package hyperref Info: Implicit mode ON; LaTeX internals redefined.
Package hyperref Info: Bookmarks ON on input line 4446.
\c@Hy@tempcnt=\count287

(/usr/local/texlive/2024/texmf-dist/tex/latex/url/url.sty
\Urlmuskip=\muskip17
Package: url 2013/09/16  ver 3.4  Verb mode for urls, etc.
)
LaTeX Info: Redefining \url on input line 4784.
\XeTeXLinkMargin=\dimen166

(/usr/local/texlive/2024/texmf-dist/tex/generic/bitset/bitset.sty
Package: bitset 2019/12/09 v1.3 Handle bit-vector datatype (HO)

(/usr/local/texlive/2024/texmf-dist/tex/generic/bigintcalc/bigintcalc.sty
Package: bigintcalc 2019/12/15 v1.5 Expandable calculations on big integers (HO
)
))
\Fld@menulength=\count288
\Field@Width=\dimen167
\Fld@charsize=\dimen168
Package hyperref Info: Hyper figures OFF on input line 6063.
Package hyperref Info: Link nesting OFF on input line 6068.
Package hyperref Info: Hyper index ON on input line 6071.
Package hyperref Info: backreferencing OFF on input line 6078.
Package hyperref Info: Link coloring OFF on input line 6083.
Package hyperref Info: Link coloring with OCG OFF on input line 6088.
Package hyperref Info: PDF/A mode OFF on input line 6093.

(/usr/local/texlive/2024/texmf-dist/tex/latex/base/atbegshi-ltx.sty
Package: atbegshi-ltx 2021/01/10 v1.0c Emulation of the original atbegshi
package with kernel methods
)
\Hy@abspage=\count289
\c@Item=\count290
\c@Hfootnote=\count291
)
Package hyperref Info: Driver (autodetected): hpdftex.

(/usr/local/texlive/2024/texmf-dist/tex/latex/hyperref/hpdftex.def
File: hpdftex.def 2024-01-20 v7.01h Hyperref driver for pdfTeX

(/usr/local/texlive/2024/texmf-dist/tex/latex/base/atveryend-ltx.sty
Package: atveryend-ltx 2020/08/19 v1.0a Emulation of the original atveryend pac
kage
with kernel methods
)
\Fld@listcount=\count292
\c@bookmark@seq@number=\count293

(/usr/local/texlive/2024/texmf-dist/tex/latex/rerunfilecheck/rerunfilecheck.sty
Package: rerunfilecheck 2022-07-10 v1.10 Rerun checks for auxiliary files (HO)

(/usr/local/texlive/2024/texmf-dist/tex/generic/uniquecounter/uniquecounter.sty
Package: uniquecounter 2019/12/15 v1.4 Provide unlimited unique counter (HO)
)
Package uniquecounter Info: New unique counter `rerunfilecheck' on input line 2
85.
)
\Hy@SectionHShift=\skip67
) (/usr/local/texlive/2024/texmf-dist/tex/latex/imakeidx/imakeidx.sty
Package: imakeidx 2016/10/15 v1.3e Package for typesetting indices in a synchro
nous mode

(/usr/local/texlive/2024/texmf-dist/tex/latex/xkeyval/xkeyval.sty
Package: xkeyval 2022/06/16 v2.9 package option processing (HA)

(/usr/local/texlive/2024/texmf-dist/tex/generic/xkeyval/xkeyval.tex
(/usr/local/texlive/2024/texmf-dist/tex/generic/xkeyval/xkvutils.tex
\XKV@toks=\toks37
\XKV@tempa@toks=\toks38
)
\XKV@depth=\count294
File: xkeyval.tex 2014/12/03 v2.7a key=value parser (HA)
))
(/usr/local/texlive/2024/texmf-dist/tex/generic/iftex/ifxetex.sty
Package: ifxetex 2019/10/25 v0.7 ifxetex legacy package. Use iftex instead.
)
(/usr/local/texlive/2024/texmf-dist/tex/generic/iftex/ifluatex.sty
Package: ifluatex 2019/10/25 v1.5 ifluatex legacy package. Use iftex instead.
)
(/usr/local/texlive/2024/texmf-dist/tex/latex/tools/multicol.sty
Package: multicol 2023/03/30 v1.9f multicolumn formatting (FMi)
\c@tracingmulticols=\count295
\mult@box=\box56
\multicol@leftmargin=\dimen169
\c@unbalance=\count296
\c@collectmore=\count297
\doublecol@number=\count298
\multicoltolerance=\count299
\multicolpretolerance=\count300
\full@width=\dimen170
\page@free=\dimen171
\premulticols=\dimen172
\postmulticols=\dimen173
\multicolsep=\skip68
\multicolbaselineskip=\skip69
\partial@page=\box57
\last@line=\box58
\mc@boxedresult=\box59
\maxbalancingoverflow=\dimen174
\mult@rightbox=\box60
\mult@grightbox=\box61
\mult@firstbox=\box62
\mult@gfirstbox=\box63
\@tempa=\box64
\@tempa=\box65
\@tempa=\box66
\@tempa=\box67
\@tempa=\box68
\@tempa=\box69
\@tempa=\box70
\@tempa=\box71
\@tempa=\box72
\@tempa=\box73
\@tempa=\box74
\@tempa=\box75
\@tempa=\box76
\@tempa=\box77
\@tempa=\box78
\@tempa=\box79
\@tempa=\box80
\@tempa=\box81
\@tempa=\box82
\@tempa=\box83
\@tempa=\box84
\@tempa=\box85
\@tempa=\box86
\@tempa=\box87
\@tempa=\box88
\@tempa=\box89
\@tempa=\box90
\@tempa=\box91
\@tempa=\box92
\@tempa=\box93
\@tempa=\box94
\@tempa=\box95
\@tempa=\box96
\@tempa=\box97
\@tempa=\box98
\@tempa=\box99
\c@minrows=\count301
\c@columnbadness=\count302
\c@finalcolumnbadness=\count303
\last@try=\dimen175
\multicolovershoot=\dimen176
\multicolundershoot=\dimen177
\mult@nat@firstbox=\box100
\colbreak@box=\box101
\mc@col@check@num=\count304
))
(/usr/local/texlive/2024/texmf-dist/tex/latex/listings/listings.sty
\lst@mode=\count305
\lst@gtempboxa=\box102
\lst@token=\toks39
\lst@length=\count306
\lst@currlwidth=\dimen178
\lst@column=\count307
\lst@pos=\count308
\lst@lostspace=\dimen179
\lst@width=\dimen180
\lst@newlines=\count309
\lst@lineno=\count310
\lst@maxwidth=\dimen181

(/usr/local/texlive/2024/texmf-dist/tex/latex/listings/lstpatch.sty
File: lstpatch.sty 2024/02/21 1.10 (Carsten Heinz)
)
(/usr/local/texlive/2024/texmf-dist/tex/latex/listings/lstmisc.sty
File: lstmisc.sty 2024/02/21 1.10 (Carsten Heinz)
\c@lstnumber=\count311
\lst@skipnumbers=\count312
\lst@framebox=\box103
)
(/usr/local/texlive/2024/texmf-dist/tex/latex/listings/listings.cfg
File: listings.cfg 2024/02/21 1.10 listings configuration
))
Package: listings 2024/02/21 1.10 (Carsten Heinz)

(/usr/local/texlive/2024/texmf-dist/tex/latex/tools/longtable.sty
Package: longtable 2023-11-01 v4.19 Multi-page Table package (DPC)
\LTleft=\skip70
\LTright=\skip71
\LTpre=\skip72
\LTpost=\skip73
\LTchunksize=\count313
\LTcapwidth=\dimen182
\LT@head=\box104
\LT@firsthead=\box105
\LT@foot=\box106
\LT@lastfoot=\box107
\LT@gbox=\box108
\LT@cols=\count314
\LT@rows=\count315
\c@LT@tables=\count316
\c@LT@chunks=\count317
\LT@p@ftn=\toks40
)
(/usr/local/texlive/2024/texmf-dist/tex/latex/multirow/multirow.sty
Package: multirow 2021/03/15 v2.8 Span multiple rows of a table
\multirow@colwidth=\skip74
\multirow@cntb=\count318
\multirow@dima=\skip75
\bigstrutjot=\dimen183
)
(/usr/local/texlive/2024/texmf-dist/tex/latex/subfig/subfig.sty
Package: subfig 2005/06/28 ver: 1.3 subfig package

(/usr/local/texlive/2024/texmf-dist/tex/latex/caption/caption.sty
Package: caption 2023/08/05 v3.6o Customizing captions (AR)

(/usr/local/texlive/2024/texmf-dist/tex/latex/caption/caption3.sty
Package: caption3 2023/07/31 v2.4d caption3 kernel (AR)
\caption@tempdima=\dimen184
\captionmargin=\dimen185
\caption@leftmargin=\dimen186
\caption@rightmargin=\dimen187
\caption@width=\dimen188
\caption@indent=\dimen189
\caption@parindent=\dimen190
\caption@hangindent=\dimen191
Package caption Info: Standard document class detected.
)
\c@caption@flags=\count319
\c@continuedfloat=\count320
Package caption Info: float package is loaded.
Package caption Info: hyperref package is loaded.
Package caption Info: listings package is loaded.
Package caption Info: longtable package is loaded.

(/usr/local/texlive/2024/texmf-dist/tex/latex/caption/ltcaption.sty
Package: ltcaption 2021/01/08 v1.4c longtable captions (AR)
)
Package caption Info: rotating package is loaded.
)
\c@KVtest=\count321
\sf@farskip=\skip76
\sf@captopadj=\dimen192
\sf@capskip=\skip77
\sf@nearskip=\skip78
\c@subfigure=\count322
\c@subfigure@save=\count323
\c@lofdepth=\count324
\c@subtable=\count325
\c@subtable@save=\count326
\c@lotdepth=\count327
\sf@top=\skip79
\sf@bottom=\skip80
)
(/usr/local/texlive/2024/texmf-dist/tex/latex/pgf/frontendlayer/tikz.sty
(/usr/local/texlive/2024/texmf-dist/tex/latex/pgf/basiclayer/pgf.sty
(/usr/local/texlive/2024/texmf-dist/tex/latex/pgf/utilities/pgfrcs.sty
(/usr/local/texlive/2024/texmf-dist/tex/generic/pgf/utilities/pgfutil-common.te
x
\pgfutil@everybye=\toks41
\pgfutil@tempdima=\dimen193
\pgfutil@tempdimb=\dimen194
)
(/usr/local/texlive/2024/texmf-dist/tex/generic/pgf/utilities/pgfutil-latex.def
\pgfutil@abb=\box109
) (/usr/local/texlive/2024/texmf-dist/tex/generic/pgf/utilities/pgfrcs.code.tex
(/usr/local/texlive/2024/texmf-dist/tex/generic/pgf/pgf.revision.tex)
Package: pgfrcs 2023-01-15 v3.1.10 (3.1.10)
))
Package: pgf 2023-01-15 v3.1.10 (3.1.10)

(/usr/local/texlive/2024/texmf-dist/tex/latex/pgf/basiclayer/pgfcore.sty
(/usr/local/texlive/2024/texmf-dist/tex/latex/pgf/systemlayer/pgfsys.sty
(/usr/local/texlive/2024/texmf-dist/tex/generic/pgf/systemlayer/pgfsys.code.tex
Package: pgfsys 2023-01-15 v3.1.10 (3.1.10)
(/usr/local/texlive/2024/texmf-dist/tex/generic/pgf/utilities/pgfkeys.code.tex
\pgfkeys@pathtoks=\toks42
\pgfkeys@temptoks=\toks43

(/usr/local/texlive/2024/texmf-dist/tex/generic/pgf/utilities/pgfkeyslibraryfil
tered.code.tex
\pgfkeys@tmptoks=\toks44
))
\pgf@x=\dimen195
\pgf@y=\dimen196
\pgf@xa=\dimen197
\pgf@ya=\dimen198
\pgf@xb=\dimen199
\pgf@yb=\dimen256
\pgf@xc=\dimen257
\pgf@yc=\dimen258
\pgf@xd=\dimen259
\pgf@yd=\dimen260
\w@pgf@writea=\write3
\r@pgf@reada=\read3
\c@pgf@counta=\count328
\c@pgf@countb=\count329
\c@pgf@countc=\count330
\c@pgf@countd=\count331
\t@pgf@toka=\toks45
\t@pgf@tokb=\toks46
\t@pgf@tokc=\toks47
\pgf@sys@id@count=\count332

(/usr/local/texlive/2024/texmf-dist/tex/generic/pgf/systemlayer/pgf.cfg
File: pgf.cfg 2023-01-15 v3.1.10 (3.1.10)
)
Driver file for pgf: pgfsys-pdftex.def

(/usr/local/texlive/2024/texmf-dist/tex/generic/pgf/systemlayer/pgfsys-pdftex.d
ef
File: pgfsys-pdftex.def 2023-01-15 v3.1.10 (3.1.10)

(/usr/local/texlive/2024/texmf-dist/tex/generic/pgf/systemlayer/pgfsys-common-p
df.def
File: pgfsys-common-pdf.def 2023-01-15 v3.1.10 (3.1.10)
)))
(/usr/local/texlive/2024/texmf-dist/tex/generic/pgf/systemlayer/pgfsyssoftpath.
code.tex
File: pgfsyssoftpath.code.tex 2023-01-15 v3.1.10 (3.1.10)
\pgfsyssoftpath@smallbuffer@items=\count333
\pgfsyssoftpath@bigbuffer@items=\count334
)
(/usr/local/texlive/2024/texmf-dist/tex/generic/pgf/systemlayer/pgfsysprotocol.
code.tex
File: pgfsysprotocol.code.tex 2023-01-15 v3.1.10 (3.1.10)
))
(/usr/local/texlive/2024/texmf-dist/tex/generic/pgf/basiclayer/pgfcore.code.tex
Package: pgfcore 2023-01-15 v3.1.10 (3.1.10)
(/usr/local/texlive/2024/texmf-dist/tex/generic/pgf/math/pgfmath.code.tex
(/usr/local/texlive/2024/texmf-dist/tex/generic/pgf/math/pgfmathutil.code.tex)
(/usr/local/texlive/2024/texmf-dist/tex/generic/pgf/math/pgfmathparser.code.tex
\pgfmath@dimen=\dimen261
\pgfmath@count=\count335
\pgfmath@box=\box110
\pgfmath@toks=\toks48
\pgfmath@stack@operand=\toks49
\pgfmath@stack@operation=\toks50
)
(/usr/local/texlive/2024/texmf-dist/tex/generic/pgf/math/pgfmathfunctions.code.
tex)
(/usr/local/texlive/2024/texmf-dist/tex/generic/pgf/math/pgfmathfunctions.basic
.code.tex)
(/usr/local/texlive/2024/texmf-dist/tex/generic/pgf/math/pgfmathfunctions.trigo
nometric.code.tex)
(/usr/local/texlive/2024/texmf-dist/tex/generic/pgf/math/pgfmathfunctions.rando
m.code.tex)
(/usr/local/texlive/2024/texmf-dist/tex/generic/pgf/math/pgfmathfunctions.compa
rison.code.tex)
(/usr/local/texlive/2024/texmf-dist/tex/generic/pgf/math/pgfmathfunctions.base.
code.tex)
(/usr/local/texlive/2024/texmf-dist/tex/generic/pgf/math/pgfmathfunctions.round
.code.tex)
(/usr/local/texlive/2024/texmf-dist/tex/generic/pgf/math/pgfmathfunctions.misc.
code.tex)
(/usr/local/texlive/2024/texmf-dist/tex/generic/pgf/math/pgfmathfunctions.integ
erarithmetics.code.tex)
(/usr/local/texlive/2024/texmf-dist/tex/generic/pgf/math/pgfmathcalc.code.tex)
(/usr/local/texlive/2024/texmf-dist/tex/generic/pgf/math/pgfmathfloat.code.tex
\c@pgfmathroundto@lastzeros=\count336
)) (/usr/local/texlive/2024/texmf-dist/tex/generic/pgf/math/pgfint.code.tex)
(/usr/local/texlive/2024/texmf-dist/tex/generic/pgf/basiclayer/pgfcorepoints.co
de.tex
File: pgfcorepoints.code.tex 2023-01-15 v3.1.10 (3.1.10)
\pgf@picminx=\dimen262
\pgf@picmaxx=\dimen263
\pgf@picminy=\dimen264
\pgf@picmaxy=\dimen265
\pgf@pathminx=\dimen266
\pgf@pathmaxx=\dimen267
\pgf@pathminy=\dimen268
\pgf@pathmaxy=\dimen269
\pgf@xx=\dimen270
\pgf@xy=\dimen271
\pgf@yx=\dimen272
\pgf@yy=\dimen273
\pgf@zx=\dimen274
\pgf@zy=\dimen275
)
(/usr/local/texlive/2024/texmf-dist/tex/generic/pgf/basiclayer/pgfcorepathconst
ruct.code.tex
File: pgfcorepathconstruct.code.tex 2023-01-15 v3.1.10 (3.1.10)
\pgf@path@lastx=\dimen276
\pgf@path@lasty=\dimen277
)
(/usr/local/texlive/2024/texmf-dist/tex/generic/pgf/basiclayer/pgfcorepathusage
.code.tex
File: pgfcorepathusage.code.tex 2023-01-15 v3.1.10 (3.1.10)
\pgf@shorten@end@additional=\dimen278
\pgf@shorten@start@additional=\dimen279
)
(/usr/local/texlive/2024/texmf-dist/tex/generic/pgf/basiclayer/pgfcorescopes.co
de.tex
File: pgfcorescopes.code.tex 2023-01-15 v3.1.10 (3.1.10)
\pgfpic=\box111
\pgf@hbox=\box112
\pgf@layerbox@main=\box113
\pgf@picture@serial@count=\count337
)
(/usr/local/texlive/2024/texmf-dist/tex/generic/pgf/basiclayer/pgfcoregraphicst
ate.code.tex
File: pgfcoregraphicstate.code.tex 2023-01-15 v3.1.10 (3.1.10)
\pgflinewidth=\dimen280
)
(/usr/local/texlive/2024/texmf-dist/tex/generic/pgf/basiclayer/pgfcoretransform
ations.code.tex
File: pgfcoretransformations.code.tex 2023-01-15 v3.1.10 (3.1.10)
\pgf@pt@x=\dimen281
\pgf@pt@y=\dimen282
\pgf@pt@temp=\dimen283
)
(/usr/local/texlive/2024/texmf-dist/tex/generic/pgf/basiclayer/pgfcorequick.cod
e.tex
File: pgfcorequick.code.tex 2023-01-15 v3.1.10 (3.1.10)
)
(/usr/local/texlive/2024/texmf-dist/tex/generic/pgf/basiclayer/pgfcoreobjects.c
ode.tex
File: pgfcoreobjects.code.tex 2023-01-15 v3.1.10 (3.1.10)
)
(/usr/local/texlive/2024/texmf-dist/tex/generic/pgf/basiclayer/pgfcorepathproce
ssing.code.tex
File: pgfcorepathprocessing.code.tex 2023-01-15 v3.1.10 (3.1.10)
)
(/usr/local/texlive/2024/texmf-dist/tex/generic/pgf/basiclayer/pgfcorearrows.co
de.tex
File: pgfcorearrows.code.tex 2023-01-15 v3.1.10 (3.1.10)
\pgfarrowsep=\dimen284
)
(/usr/local/texlive/2024/texmf-dist/tex/generic/pgf/basiclayer/pgfcoreshade.cod
e.tex
File: pgfcoreshade.code.tex 2023-01-15 v3.1.10 (3.1.10)
\pgf@max=\dimen285
\pgf@sys@shading@range@num=\count338
\pgf@shadingcount=\count339
)
(/usr/local/texlive/2024/texmf-dist/tex/generic/pgf/basiclayer/pgfcoreimage.cod
e.tex
File: pgfcoreimage.code.tex 2023-01-15 v3.1.10 (3.1.10)
)
(/usr/local/texlive/2024/texmf-dist/tex/generic/pgf/basiclayer/pgfcoreexternal.
code.tex
File: pgfcoreexternal.code.tex 2023-01-15 v3.1.10 (3.1.10)
\pgfexternal@startupbox=\box114
)
(/usr/local/texlive/2024/texmf-dist/tex/generic/pgf/basiclayer/pgfcorelayers.co
de.tex
File: pgfcorelayers.code.tex 2023-01-15 v3.1.10 (3.1.10)
)
(/usr/local/texlive/2024/texmf-dist/tex/generic/pgf/basiclayer/pgfcoretranspare
ncy.code.tex
File: pgfcoretransparency.code.tex 2023-01-15 v3.1.10 (3.1.10)
)
(/usr/local/texlive/2024/texmf-dist/tex/generic/pgf/basiclayer/pgfcorepatterns.
code.tex
File: pgfcorepatterns.code.tex 2023-01-15 v3.1.10 (3.1.10)
)
(/usr/local/texlive/2024/texmf-dist/tex/generic/pgf/basiclayer/pgfcorerdf.code.
tex
File: pgfcorerdf.code.tex 2023-01-15 v3.1.10 (3.1.10)
)))
(/usr/local/texlive/2024/texmf-dist/tex/generic/pgf/modules/pgfmoduleshapes.cod
e.tex
File: pgfmoduleshapes.code.tex 2023-01-15 v3.1.10 (3.1.10)
\pgfnodeparttextbox=\box115
)
(/usr/local/texlive/2024/texmf-dist/tex/generic/pgf/modules/pgfmoduleplot.code.
tex
File: pgfmoduleplot.code.tex 2023-01-15 v3.1.10 (3.1.10)
)
(/usr/local/texlive/2024/texmf-dist/tex/latex/pgf/compatibility/pgfcomp-version
-0-65.sty
Package: pgfcomp-version-0-65 2023-01-15 v3.1.10 (3.1.10)
\pgf@nodesepstart=\dimen286
\pgf@nodesepend=\dimen287
)
(/usr/local/texlive/2024/texmf-dist/tex/latex/pgf/compatibility/pgfcomp-version
-1-18.sty
Package: pgfcomp-version-1-18 2023-01-15 v3.1.10 (3.1.10)
))
(/usr/local/texlive/2024/texmf-dist/tex/latex/pgf/utilities/pgffor.sty
(/usr/local/texlive/2024/texmf-dist/tex/latex/pgf/utilities/pgfkeys.sty
(/usr/local/texlive/2024/texmf-dist/tex/generic/pgf/utilities/pgfkeys.code.tex)
) (/usr/local/texlive/2024/texmf-dist/tex/latex/pgf/math/pgfmath.sty
(/usr/local/texlive/2024/texmf-dist/tex/generic/pgf/math/pgfmath.code.tex))
(/usr/local/texlive/2024/texmf-dist/tex/generic/pgf/utilities/pgffor.code.tex
Package: pgffor 2023-01-15 v3.1.10 (3.1.10)
\pgffor@iter=\dimen288
\pgffor@skip=\dimen289
\pgffor@stack=\toks51
\pgffor@toks=\toks52
))
(/usr/local/texlive/2024/texmf-dist/tex/generic/pgf/frontendlayer/tikz/tikz.cod
e.tex
Package: tikz 2023-01-15 v3.1.10 (3.1.10)

(/usr/local/texlive/2024/texmf-dist/tex/generic/pgf/libraries/pgflibraryplothan
dlers.code.tex
File: pgflibraryplothandlers.code.tex 2023-01-15 v3.1.10 (3.1.10)
\pgf@plot@mark@count=\count340
\pgfplotmarksize=\dimen290
)
\tikz@lastx=\dimen291
\tikz@lasty=\dimen292
\tikz@lastxsaved=\dimen293
\tikz@lastysaved=\dimen294
\tikz@lastmovetox=\dimen295
\tikz@lastmovetoy=\dimen296
\tikzleveldistance=\dimen297
\tikzsiblingdistance=\dimen298
\tikz@figbox=\box116
\tikz@figbox@bg=\box117
\tikz@tempbox=\box118
\tikz@tempbox@bg=\box119
\tikztreelevel=\count341
\tikznumberofchildren=\count342
\tikznumberofcurrentchild=\count343
\tikz@fig@count=\count344

(/usr/local/texlive/2024/texmf-dist/tex/generic/pgf/modules/pgfmodulematrix.cod
e.tex
File: pgfmodulematrix.code.tex 2023-01-15 v3.1.10 (3.1.10)
\pgfmatrixcurrentrow=\count345
\pgfmatrixcurrentcolumn=\count346
\pgf@matrix@numberofcolumns=\count347
)
\tikz@expandcount=\count348

(/usr/local/texlive/2024/texmf-dist/tex/generic/pgf/frontendlayer/tikz/librarie
s/tikzlibrarytopaths.code.tex
File: tikzlibrarytopaths.code.tex 2023-01-15 v3.1.10 (3.1.10)
)))
(/usr/local/texlive/2024/texmf-dist/tex/latex/titlesec/titlesec.sty
Package: titlesec 2023/10/27 v2.16 Sectioning titles
\ttl@box=\box120
\beforetitleunit=\skip81
\aftertitleunit=\skip82
\ttl@plus=\dimen299
\ttl@minus=\dimen300
\ttl@toksa=\toks53
\titlewidth=\dimen301
\titlewidthlast=\dimen302
\titlewidthfirst=\dimen303
)
(/usr/local/texlive/2024/texmf-dist/tex/generic/pgf/frontendlayer/tikz/librarie
s/tikzlibraryshapes.code.tex
File: tikzlibraryshapes.code.tex 2023-01-15 v3.1.10 (3.1.10)

(/usr/local/texlive/2024/texmf-dist/tex/generic/pgf/frontendlayer/tikz/librarie
s/tikzlibraryshapes.geometric.code.tex
File: tikzlibraryshapes.geometric.code.tex 2023-01-15 v3.1.10 (3.1.10)

(/usr/local/texlive/2024/texmf-dist/tex/generic/pgf/libraries/shapes/pgflibrary
shapes.geometric.code.tex
File: pgflibraryshapes.geometric.code.tex 2023-01-15 v3.1.10 (3.1.10)
))
(/usr/local/texlive/2024/texmf-dist/tex/generic/pgf/frontendlayer/tikz/librarie
s/tikzlibraryshapes.misc.code.tex
File: tikzlibraryshapes.misc.code.tex 2023-01-15 v3.1.10 (3.1.10)

(/usr/local/texlive/2024/texmf-dist/tex/generic/pgf/libraries/shapes/pgflibrary
shapes.misc.code.tex
File: pgflibraryshapes.misc.code.tex 2023-01-15 v3.1.10 (3.1.10)
))
(/usr/local/texlive/2024/texmf-dist/tex/generic/pgf/frontendlayer/tikz/librarie
s/tikzlibraryshapes.symbols.code.tex
File: tikzlibraryshapes.symbols.code.tex 2023-01-15 v3.1.10 (3.1.10)

(/usr/local/texlive/2024/texmf-dist/tex/generic/pgf/libraries/shapes/pgflibrary
shapes.symbols.code.tex
File: pgflibraryshapes.symbols.code.tex 2023-01-15 v3.1.10 (3.1.10)
))
(/usr/local/texlive/2024/texmf-dist/tex/generic/pgf/frontendlayer/tikz/librarie
s/tikzlibraryshapes.arrows.code.tex
File: tikzlibraryshapes.arrows.code.tex 2023-01-15 v3.1.10 (3.1.10)

(/usr/local/texlive/2024/texmf-dist/tex/generic/pgf/libraries/shapes/pgflibrary
shapes.arrows.code.tex
File: pgflibraryshapes.arrows.code.tex 2023-01-15 v3.1.10 (3.1.10)
))
(/usr/local/texlive/2024/texmf-dist/tex/generic/pgf/frontendlayer/tikz/librarie
s/tikzlibraryshapes.callouts.code.tex
(/usr/local/texlive/2024/texmf-dist/tex/generic/pgf/libraries/shapes/pgflibrary
shapes.callouts.code.tex))
(/usr/local/texlive/2024/texmf-dist/tex/generic/pgf/frontendlayer/tikz/librarie
s/tikzlibraryshapes.multipart.code.tex
File: tikzlibraryshapes.multipart.code.tex 2023-01-15 v3.1.10 (3.1.10)

(/usr/local/texlive/2024/texmf-dist/tex/generic/pgf/libraries/shapes/pgflibrary
shapes.multipart.code.tex
File: pgflibraryshapes.multipart.code.tex 2023-01-15 v3.1.10 (3.1.10)
\pgfnodepartlowerbox=\box121
\pgfnodeparttwobox=\box122
\pgfnodepartthreebox=\box123
\pgfnodepartfourbox=\box124
\pgfnodeparttwentybox=\box125
\pgfnodepartnineteenbox=\box126
\pgfnodeparteighteenbox=\box127
\pgfnodepartseventeenbox=\box128
\pgfnodepartsixteenbox=\box129
\pgfnodepartfifteenbox=\box130
\pgfnodepartfourteenbox=\box131
\pgfnodepartthirteenbox=\box132
\pgfnodeparttwelvebox=\box133
\pgfnodepartelevenbox=\box134
\pgfnodeparttenbox=\box135
\pgfnodepartninebox=\box136
\pgfnodeparteightbox=\box137
\pgfnodepartsevenbox=\box138
\pgfnodepartsixbox=\box139
\pgfnodepartfivebox=\box140
)))
(/usr/local/texlive/2024/texmf-dist/tex/generic/pgf/frontendlayer/tikz/librarie
s/tikzlibraryarrows.code.tex
File: tikzlibraryarrows.code.tex 2023-01-15 v3.1.10 (3.1.10)

(/usr/local/texlive/2024/texmf-dist/tex/generic/pgf/libraries/pgflibraryarrows.
code.tex
File: pgflibraryarrows.code.tex 2023-01-15 v3.1.10 (3.1.10)
\arrowsize=\dimen304
))
(/usr/local/texlive/2024/texmf-dist/tex/generic/pgf/frontendlayer/tikz/librarie
s/tikzlibrarypositioning.code.tex
File: tikzlibrarypositioning.code.tex 2023-01-15 v3.1.10 (3.1.10)
)
\c@Def=\count349
\c@Ejem=\count350
\c@Teo=\count351
\c@Dem=\count352
\c@Note=\count353
\c@Sol=\count354
\c@Prop=\count355
\c@Coro=\count356
\c@Quest=\count357
\c@Criterio=\count358
\c@Sup=\count359

(/usr/local/texlive/2024/texmf-dist/tex/latex/l3backend/l3backend-pdftex.def
File: l3backend-pdftex.def 2024-02-20 L3 backend support: PDF output (pdfTeX)
\l__color_backend_stack_int=\count360
\l__pdf_internal_box=\box141
)
(./Compendio_IA.aux
LaTeX Info: Redefining \. on input line 11.
LaTeX Info: Redefining \% on input line 11.
)
\openout1 = `Compendio_IA.aux'.

LaTeX Font Info:    Checking defaults for OML/cmm/m/it on input line 56.
LaTeX Font Info:    ... okay on input line 56.
LaTeX Font Info:    Checking defaults for OMS/cmsy/m/n on input line 56.
LaTeX Font Info:    ... okay on input line 56.
LaTeX Font Info:    Checking defaults for OT1/cmr/m/n on input line 56.
LaTeX Font Info:    ... okay on input line 56.
LaTeX Font Info:    Checking defaults for T1/cmr/m/n on input line 56.
LaTeX Font Info:    ... okay on input line 56.
LaTeX Font Info:    Checking defaults for TS1/cmr/m/n on input line 56.
LaTeX Font Info:    ... okay on input line 56.
LaTeX Font Info:    Checking defaults for OMX/cmex/m/n on input line 56.
LaTeX Font Info:    ... okay on input line 56.
LaTeX Font Info:    Checking defaults for U/cmr/m/n on input line 56.
LaTeX Font Info:    ... okay on input line 56.
LaTeX Font Info:    Checking defaults for PD1/pdf/m/n on input line 56.
LaTeX Font Info:    ... okay on input line 56.
LaTeX Font Info:    Checking defaults for PU/pdf/m/n on input line 56.
LaTeX Font Info:    ... okay on input line 56.

(/usr/local/texlive/2024/texmf-dist/tex/context/base/mkii/supp-pdf.mkii
[Loading MPS to PDF converter (version 2006.09.02).]
\scratchcounter=\count361
\scratchdimen=\dimen305
\scratchbox=\box142
\nofMPsegments=\count362
\nofMParguments=\count363
\everyMPshowfont=\toks54
\MPscratchCnt=\count364
\MPscratchDim=\dimen306
\MPnumerator=\count365
\makeMPintoPDFobject=\count366
\everyMPtoPDFconversion=\toks55
) (/usr/local/texlive/2024/texmf-dist/tex/latex/epstopdf-pkg/epstopdf-base.sty
Package: epstopdf-base 2020-01-24 v2.11 Base part for package epstopdf
Package epstopdf-base Info: Redefining graphics rule for `.eps' on input line 4
85.

(/usr/local/texlive/2024/texmf-dist/tex/latex/latexconfig/epstopdf-sys.cfg
File: epstopdf-sys.cfg 2010/07/13 v1.3 Configuration of (r)epstopdf for TeX Liv
e
))
*geometry* driver: auto-detecting
*geometry* detected driver: pdftex
*geometry* verbose mode - [ preamble ] result:
* driver: pdftex
* paper: <default>
* layout: <same size as paper>
* layoutoffset:(h,v)=(0.0pt,0.0pt)
* modes: 
* h-part:(L,W,R)=(72.26999pt, 469.75502pt, 72.26999pt)
* v-part:(T,H,B)=(72.26999pt, 650.43001pt, 72.26999pt)
* \paperwidth=597.50787pt
* \paperheight=845.04684pt
* \textwidth=455.24411pt
* \textheight=664.23584pt
* \oddsidemargin=13.08827pt
* \evensidemargin=-15.36449pt
* \topmargin=-15.36449pt
* \headheight=12.0pt
* \headsep=25.0pt
* \topskip=12.0pt
* \footskip=30.0pt
* \marginparwidth=44.0pt
* \marginparsep=10.0pt
* \columnsep=10.0pt
* \skip\footins=10.8pt plus 4.0pt minus 2.0pt
* \hoffset=0.0pt
* \voffset=0.0pt
* \mag=1000
* \@twocolumnfalse
* \@twosidefalse
* \@mparswitchfalse
* \@reversemarginfalse
* (1in=72.27pt=25.4mm, 1cm=28.453pt)

LaTeX Info: Redefining \. on input line 56.
LaTeX Info: Redefining \% on input line 56.
Package hyperref Info: Link coloring OFF on input line 56.
(./Compendio_IA.out) (./Compendio_IA.out)
\@outlinefile=\write4
\openout4 = `Compendio_IA.out'.

\c@lstlisting=\count367
Package caption Info: Begin \AtBeginDocument code.
Package caption Info: subfig package v1.3 is loaded.
Package caption Info: End \AtBeginDocument code.
LaTeX Font Info:    Trying to load font information for U+msa on input line 59.


(/usr/local/texlive/2024/texmf-dist/tex/latex/amsfonts/umsa.fd
File: umsa.fd 2013/01/14 v3.01 AMS symbols A
)
LaTeX Font Info:    Trying to load font information for U+msb on input line 59.


(/usr/local/texlive/2024/texmf-dist/tex/latex/amsfonts/umsb.fd
File: umsb.fd 2013/01/14 v3.01 AMS symbols B
)
(./Compendio_IA.toc
LaTeX Info: Redefining \. on input line 1.
LaTeX Info: Redefining \% on input line 1.
 [1

{/usr/local/texlive/2024/texmf-var/fonts/map/pdftex/updmap/pdftex.map}] [2] [3]
 [4] [5] [6] [7])
\tf@toc=\write5
\openout5 = `Compendio_IA.toc'.

 [8]
Overfull \hbox (18.54816pt too wide) in paragraph at lines 75--75
|[]\OT1/cmr/bx/n/17.28 Random Fo-rest: Ex-pla-na-tion in Mathe-ma-ti-cal Terms|
 
 []

[9] [10] [11] [12] [13] [14] [15] [16]
Overfull \hbox (38.75613pt too wide) in paragraph at lines 370--370
[]\OT1/cmtt/m/n/12 trainIndex <- createDataPartition(iris$Species, p = .8, list
 = FALSE, times = 1)[] 
 []


Overfull \hbox (38.75613pt too wide) in paragraph at lines 407--407
[]\OT1/cmtt/m/n/12 trainIndex <- createDataPartition(iris$Species, p = .8, list
 = FALSE, times = 1)[] 
 []


Overfull \hbox (125.20618pt too wide) in paragraph at lines 407--407
[]\OT1/cmtt/m/n/12 model %>% compile(loss = "categorical_crossentropy", optimiz
er = "adam", metrics = "accuracy")[] 
 []

[17] [18]
<TaxonomicalQuestion.pdf, id=1515, 794.97pt x 614.295pt>
File: TaxonomicalQuestion.pdf Graphic file (type pdf)
<use TaxonomicalQuestion.pdf>
Package pdftex.def Info: TaxonomicalQuestion.pdf  used on input line 445.
(pdftex.def)             Requested size: 397.48402pt x 307.14674pt.
 [19 <./TaxonomicalQuestion.pdf, page is rotated 90 degrees>] [20]
[21{/usr/local/texlive/2024/texmf-dist/fonts/enc/dvips/cm-super/cm-super-ts1.en
c}] [22] [23] [24] [25] [26]
Overfull \hbox (28.26814pt too wide) in paragraph at lines 800--800
|[]\OT1/cmr/bx/n/17.28 Random Fo-rest: Ex-pla-na-tion in Mathe-ma-ti-cal Terms|
 
 []

[27] [28] [29] [30] [31] [32] [33] [34]
Overfull \hbox (38.75613pt too wide) in paragraph at lines 1095--1095
[]\OT1/cmtt/m/n/12 trainIndex <- createDataPartition(iris$Species, p = .8, list
 = FALSE, times = 1)[] 
 []

[35]
Overfull \hbox (38.75613pt too wide) in paragraph at lines 1132--1132
[]\OT1/cmtt/m/n/12 trainIndex <- createDataPartition(iris$Species, p = .8, list
 = FALSE, times = 1)[] 
 []


Overfull \hbox (125.20618pt too wide) in paragraph at lines 1132--1132
[]\OT1/cmtt/m/n/12 model %>% compile(loss = "categorical_crossentropy", optimiz
er = "adam", metrics = "accuracy")[] 
 []

[36] [37] [38] [39] [40] [41] [42] [43] [44] [45] [46] [47] [48] [49] [50]
[51] [52] [53] [54] [55] [56] [57] [58] [59] [60] [61] [62] [63] [64] [65]
[66] [67] [68] [69] [70] [71] [72] [73] [74] [75] [76] [77] [78] [79] [80]
[81] [82] [83] [84] [85] [86] [87] [88] [89] [90] [91] [92] [93] [94] [95]
[96] [97] [98] [99] [100] [101] [102] [103] [104] [105] [106] [107] [108]
[109] [110] [111] [112] [113] [114] [115] [116] [117] [118] [119] [120]
[121] [122] [123] [124] [125] [126] [127] [128] [129] [130] [131] [132]
[133] [134] [135] [136] [137] [138] [139] [140] [141] [142] [143] [144]
[145] [146] [147] [148] [149] [150] [151] [152] [153] [154]

LaTeX Warning: Citation `Mazurenko' on page 155 undefined on input line 2351.


LaTeX Warning: Citation `15' on page 155 undefined on input line 2356.


LaTeX Warning: Citation `16' on page 155 undefined on input line 2356.


LaTeX Warning: Citation `17' on page 155 undefined on input line 2356.


LaTeX Warning: Citation `18' on page 155 undefined on input line 2356.


LaTeX Warning: Citation `19' on page 155 undefined on input line 2356.


LaTeX Warning: Citation `20' on page 155 undefined on input line 2356.


LaTeX Warning: Citation `21' on page 155 undefined on input line 2356.


LaTeX Warning: Citation `22' on page 155 undefined on input line 2356.

<Figura2.png, id=2245, 587.19376pt x 830.10126pt>
File: Figura2.png Graphic file (type png)
<use Figura2.png>
Package pdftex.def Info: Figura2.png  used on input line 2368.
(pdftex.def)             Requested size: 264.23474pt x 373.54211pt.
[155] [156 <./Figura2.png>] [157] [158] [159]

LaTeX Warning: Citation `47' on page 160 undefined on input line 2506.


LaTeX Warning: Citation `48' on page 160 undefined on input line 2506.

[160]

LaTeX Warning: Citation `50' on page 161 undefined on input line 2510.


LaTeX Warning: Citation `51' on page 161 undefined on input line 2510.


LaTeX Warning: Citation `52' on page 161 undefined on input line 2519.


LaTeX Warning: Citation `55' on page 161 undefined on input line 2519.


LaTeX Warning: Citation `52' on page 161 undefined on input line 2519.


LaTeX Warning: Citation `56' on page 161 undefined on input line 2519.


LaTeX Warning: Citation `57' on page 161 undefined on input line 2519.

[161]

LaTeX Warning: Citation `28' on page 162 undefined on input line 2538.


LaTeX Warning: Citation `60' on page 162 undefined on input line 2543.


LaTeX Warning: Citation `61' on page 162 undefined on input line 2543.


LaTeX Warning: Citation `62' on page 162 undefined on input line 2548.


LaTeX Warning: Citation `63' on page 162 undefined on input line 2554.


LaTeX Warning: Citation `64' on page 162 undefined on input line 2554.


LaTeX Warning: Citation `65' on page 162 undefined on input line 2556.


LaTeX Warning: Citation `66' on page 162 undefined on input line 2564.

[162]

LaTeX Warning: Citation `35' on page 163 undefined on input line 2571.


LaTeX Warning: Citation `68' on page 163 undefined on input line 2575.


LaTeX Warning: Citation `69' on page 163 undefined on input line 2582.


LaTeX Warning: Citation `5' on page 163 undefined on input line 2585.


LaTeX Warning: Citation `70' on page 163 undefined on input line 2587.


LaTeX Warning: Citation `71' on page 163 undefined on input line 2589.

[163]

LaTeX Warning: Citation `85' on page 164 undefined on input line 2601.


LaTeX Warning: Citation `86' on page 164 undefined on input line 2601.


LaTeX Warning: Citation `87' on page 164 undefined on input line 2608.

[164]

LaTeX Warning: Citation `88' on page 165 undefined on input line 2629.


LaTeX Warning: Citation `71' on page 165 undefined on input line 2631.


LaTeX Warning: Citation `89' on page 165 undefined on input line 2631.


LaTeX Warning: Citation `14' on page 165 undefined on input line 2633.


LaTeX Warning: Citation `90' on page 165 undefined on input line 2636.


LaTeX Warning: Citation `91' on page 165 undefined on input line 2636.


Overfull \hbox (13.88025pt too wide) in paragraph at lines 2636--2637
\OT1/cmr/m/n/12 tho-se ac-tually ob-ser-ved in 42 high-throughput deep mu-ta-ti
o-nal scan-ning experiments[[]] 
 []


LaTeX Warning: Citation `92' on page 165 undefined on input line 2639.


LaTeX Warning: Citation `93' on page 165 undefined on input line 2639.


LaTeX Warning: Citation `94' on page 165 undefined on input line 2639.


LaTeX Warning: Citation `95' on page 165 undefined on input line 2643.


LaTeX Warning: Citation `96' on page 165 undefined on input line 2643.


LaTeX Warning: Citation `97' on page 165 undefined on input line 2643.


Overfull \hbox (1.82492pt too wide) in paragraph at lines 2643--2644
[]\OT1/cmr/m/n/12 Another no-ti-cea-ble trend in ML is to-ward in-ter-pre-ta-bl
e and ex-plai-na-ble predictors[[]].
 []

[165]

LaTeX Warning: Citation `98' on page 166 undefined on input line 2646.


LaTeX Warning: Citation `99' on page 166 undefined on input line 2650.


LaTeX Warning: Citation `100' on page 166 undefined on input line 2650.


LaTeX Warning: Citation `101' on page 166 undefined on input line 2653.


LaTeX Warning: Citation `2.2' on page 166 undefined on input line 2673.


LaTeX Warning: Citation `2.4' on page 166 undefined on input line 2673.


LaTeX Warning: Citation `2.5' on page 166 undefined on input line 2675.


LaTeX Warning: Citation `2.6' on page 166 undefined on input line 2675.


LaTeX Warning: Citation `2.7' on page 166 undefined on input line 2675.


LaTeX Warning: Citation `2.9' on page 166 undefined on input line 2678.


LaTeX Warning: Citation `2.10' on page 166 undefined on input line 2678.


LaTeX Warning: Citation `2.11' on page 166 undefined on input line 2678.

[166]

LaTeX Warning: Citation `2.13' on page 167 undefined on input line 2683.


LaTeX Warning: Citation `2.13' on page 167 undefined on input line 2692.


LaTeX Warning: Citation `2.18' on page 167 undefined on input line 2692.


LaTeX Warning: Citation `2.14' on page 167 undefined on input line 2694.


LaTeX Warning: Citation `2.15' on page 167 undefined on input line 2697.


LaTeX Warning: Citation `2.13' on page 167 undefined on input line 2700.


LaTeX Warning: Citation `2.16' on page 167 undefined on input line 2703.


LaTeX Warning: Citation `2.17' on page 167 undefined on input line 2703.


LaTeX Warning: Citation `2.19' on page 167 undefined on input line 2706.

[167]

LaTeX Warning: Citation `2.23' on page 168 undefined on input line 2725.


LaTeX Warning: Citation `2.25' on page 168 undefined on input line 2729.


LaTeX Warning: Citation `2.29' on page 168 undefined on input line 2729.


LaTeX Warning: Citation `2.31' on page 168 undefined on input line 2731.


LaTeX Warning: Citation `2.32' on page 168 undefined on input line 2731.


LaTeX Warning: Citation `2.33' on page 168 undefined on input line 2731.


LaTeX Warning: Citation `2.34' on page 168 undefined on input line 2733.


LaTeX Warning: Citation `2.36' on page 168 undefined on input line 2733.


LaTeX Warning: Citation `2.34' on page 168 undefined on input line 2744.

[168]

LaTeX Warning: Citation `2.38' on page 169 undefined on input line 2758.


LaTeX Warning: Citation `2.39' on page 169 undefined on input line 2758.


LaTeX Warning: Citation `2.40' on page 169 undefined on input line 2758.


LaTeX Warning: Citation `2.41' on page 169 undefined on input line 2773.


LaTeX Warning: Citation `2.42' on page 169 undefined on input line 2783.

[169]

LaTeX Warning: Citation `2.44' on page 170 undefined on input line 2802.


LaTeX Warning: Command \textendash invalid in math mode on input line 2806.


LaTeX Warning: Command \textendash invalid in math mode on input line 2806.


LaTeX Warning: Command \textendash invalid in math mode on input line 2806.


LaTeX Warning: Citation `2.31' on page 170 undefined on input line 2808.

[170]

LaTeX Warning: Citation `2.38' on page 171 undefined on input line 2812.


LaTeX Warning: Citation `2.39' on page 171 undefined on input line 2812.


LaTeX Warning: Citation `2.40' on page 171 undefined on input line 2812.


LaTeX Warning: Citation `2.45' on page 171 undefined on input line 2816.


LaTeX Warning: Citation `2.46' on page 171 undefined on input line 2816.


LaTeX Warning: Citation `2.34' on page 171 undefined on input line 2822.


LaTeX Warning: Citation `2.35' on page 171 undefined on input line 2822.


LaTeX Warning: Citation `2.49' on page 171 undefined on input line 2822.


Overfull \hbox (7.85953pt too wide) in paragraph at lines 2822--2823
\OT1/cmr/m/it/12 one ty-pi-cally cal-cu-la-tes the element-wise mean across all
 amino acid representations[[],
 []

[171]

LaTeX Warning: Citation `2.47' on page 172 undefined on input line 2838.


LaTeX Warning: Citation `2.48' on page 172 undefined on input line 2838.


LaTeX Warning: Citation `2.34' on page 172 undefined on input line 2838.


LaTeX Warning: Citation `2.50' on page 172 undefined on input line 2843.

[172]

LaTeX Warning: Command \textendash invalid in math mode on input line 2872.


LaTeX Warning: Command \textendash invalid in math mode on input line 2872.

[173]

LaTeX Warning: Citation `2.14' on page 174 undefined on input line 2888.

[174] [175] [176] [177] [178]
Overfull \hbox (80.71687pt too wide) in paragraph at lines 2999--3000
 [][] 
 []

[179] [180] [181] [182]

LaTeX Warning: Citation `darlington1990' on page 183 undefined on input line 30
99.


LaTeX Warning: Citation `darlington1990' on page 183 undefined on input line 30
99.


LaTeX Warning: Citation `tabachnick2007' on page 183 undefined on input line 30
99.


LaTeX Warning: Citation `darlington1990' on page 183 undefined on input line 30
99.


LaTeX Warning: Citation `hosmer2000' on page 183 undefined on input line 3099.


LaTeX Warning: Citation `campbell1963' on page 183 undefined on input line 3099
.

[183]

LaTeX Warning: Citation `darlington1990' on page 184 undefined on input line 31
38.

[184]

LaTeX Warning: Citation `tabachnick2007' on page 185 undefined on input line 31
44.


LaTeX Warning: Citation `hosmer2000' on page 185 undefined on input line 3144.

[185] [186] [187] [188] [189] [190] [191] [192] [193] [194] [195] [196]
[197] [198]

LaTeX Warning: Citation `darlington1990' on page 199 undefined on input line 33
88.


LaTeX Warning: Citation `darlington1990' on page 199 undefined on input line 33
88.


LaTeX Warning: Citation `tabachnick2007' on page 199 undefined on input line 33
88.


LaTeX Warning: Citation `darlington1990' on page 199 undefined on input line 33
88.


LaTeX Warning: Citation `hosmer2000' on page 199 undefined on input line 3388.


LaTeX Warning: Citation `campbell1963' on page 199 undefined on input line 3388
.

[199]

LaTeX Warning: Citation `darlington1990' on page 200 undefined on input line 34
27.


LaTeX Warning: Citation `tabachnick2007' on page 200 undefined on input line 34
33.


LaTeX Warning: Citation `hosmer2000' on page 200 undefined on input line 3433.

[200]

LaTeX Warning: Citation `tabachnick2007' on page 201 undefined on input line 34
40.


LaTeX Warning: Citation `hosmer2000' on page 201 undefined on input line 3440.


LaTeX Warning: Citation `darlington1990' on page 201 undefined on input line 34
42.


LaTeX Warning: Citation `hosmer2000' on page 201 undefined on input line 3442.


LaTeX Warning: Citation `tabachnick2007' on page 201 undefined on input line 34
47.


LaTeX Warning: Citation `stokes2000' on page 201 undefined on input line 3447.


LaTeX Warning: Citation `newgard2004' on page 201 undefined on input line 3447.



LaTeX Warning: Citation `newgard2007' on page 201 undefined on input line 3447.



LaTeX Warning: Citation `allison1999' on page 201 undefined on input line 3447.



LaTeX Warning: Citation `tabachnick2007' on page 201 undefined on input line 34
50.


LaTeX Warning: Citation `hosmer2000' on page 201 undefined on input line 3450.


LaTeX Warning: Citation `hosmer2000' on page 201 undefined on input line 3450.


LaTeX Warning: Citation `tabachnick2007' on page 201 undefined on input line 34
50.


LaTeX Warning: Citation `hosmer2000' on page 201 undefined on input line 3450.


LaTeX Warning: Citation `tabachnick2007' on page 201 undefined on input line 34
53.


LaTeX Warning: Citation `tabachnick2007' on page 201 undefined on input line 34
56.


LaTeX Warning: Citation `hosmer2000' on page 201 undefined on input line 3456.


LaTeX Warning: Citation `hosmer2000' on page 201 undefined on input line 3456.


LaTeX Warning: Citation `tabachnick2007' on page 201 undefined on input line 34
56.


LaTeX Warning: Citation `hosmer2000' on page 201 undefined on input line 3456.

[201]

LaTeX Warning: Citation `tabachnick2007' on page 202 undefined on input line 34
60.


LaTeX Warning: Citation `hosmer2000' on page 202 undefined on input line 3460.


LaTeX Warning: Citation `hosmer2000' on page 202 undefined on input line 3460.


LaTeX Warning: Citation `tabachnick2007' on page 202 undefined on input line 34
60.


LaTeX Warning: Citation `hosmer2000' on page 202 undefined on input line 3460.


LaTeX Warning: Citation `peduzzi1996' on page 202 undefined on input line 3462.



LaTeX Warning: Citation `agresti2007' on page 202 undefined on input line 3462.



LaTeX Warning: Citation `feinstein1996' on page 202 undefined on input line 346
2.


LaTeX Warning: Citation `darlington1990' on page 202 undefined on input line 34
72.


LaTeX Warning: Citation `tabachnick2007' on page 202 undefined on input line 34
72.


LaTeX Warning: Citation `darlington1990' on page 202 undefined on input line 34
74.


LaTeX Warning: Citation `tabachnick2007' on page 202 undefined on input line 34
74.


LaTeX Warning: Citation `darlington1990' on page 202 undefined on input line 34
74.

[202]

LaTeX Warning: Citation `tabachnick2007' on page 203 undefined on input line 34
76.


LaTeX Warning: Citation `hosmer2000' on page 203 undefined on input line 3476.


LaTeX Warning: Citation `darlington1990' on page 203 undefined on input line 34
76.


LaTeX Warning: Citation `hosmer2000' on page 203 undefined on input line 3476.


LaTeX Warning: Citation `hosmer2000' on page 203 undefined on input line 3476.


LaTeX Warning: Citation `darlington1990' on page 203 undefined on input line 34
82.


LaTeX Warning: Citation `tabachnick2007' on page 203 undefined on input line 34
82.


LaTeX Warning: Citation `hosmer2000' on page 203 undefined on input line 3482.


LaTeX Warning: Citation `altman2000' on page 203 undefined on input line 3490.


LaTeX Warning: Citation `kohavi1995' on page 203 undefined on input line 3490.


LaTeX Warning: Citation `kohavi1995' on page 203 undefined on input line 3492.


LaTeX Warning: Citation `kohavi1995' on page 203 undefined on input line 3494.

[203]

LaTeX Warning: Citation `kohavi1995' on page 204 undefined on input line 3496.


LaTeX Warning: Citation `efron1993' on page 204 undefined on input line 3496.


LaTeX Warning: Citation `altman2000' on page 204 undefined on input line 3499.


LaTeX Warning: Citation `miller1991' on page 204 undefined on input line 3499.


LaTeX Warning: Citation `miller1991' on page 204 undefined on input line 3499.


LaTeX Warning: Citation `hosmer2000' on page 204 undefined on input line 3504.


LaTeX Warning: Citation `hosmer1997' on page 204 undefined on input line 3504.


LaTeX Warning: Citation `kuss2002' on page 204 undefined on input line 3504.


LaTeX Warning: Citation `tabachnick2007' on page 204 undefined on input line 35
06.


LaTeX Warning: Citation `hosmer2000' on page 204 undefined on input line 3506.


LaTeX Warning: Citation `hosmer1997' on page 204 undefined on input line 3508.


LaTeX Warning: Citation `kuss2002' on page 204 undefined on input line 3508.


LaTeX Warning: Citation `zou2007' on page 204 undefined on input line 3514.

[204] [205] [206] [207] [208] [209] [210] [211] [212] [213] [214] [215]
[216] [217] [218]
Overfull \hbox (28.95103pt too wide) in paragraph at lines 4207--4209
\OT1/cmr/m/it/12 Maximizar la log-verosimilitud con res-pec-to a$\OML/cmm/m/it/
12 ^^R$ \OT1/cmr/m/it/12 es equi-va-len-te a ma-xi-mi-zar $\OMS/cmsy/m/n/12 ^^@
 [][] []$
 []

[219] [220] [221] [222] [223] [224] [225] (./Compendio_IA.aux
LaTeX Info: Redefining \. on input line 11.
LaTeX Info: Redefining \% on input line 11.
)
 ***********
LaTeX2e <2023-11-01> patch level 1
L3 programming layer <2024-02-20>
 ***********


LaTeX Warning: There were undefined references.

Package rerunfilecheck Info: File `Compendio_IA.out' has not changed.
(rerunfilecheck)             Checksum: 864672C11D1E19DE177310190BDB7309;59559.
 ) 
Here is how much of TeX's memory you used:
 30161 strings out of 474116
 564906 string characters out of 5743681
 1951187 words of memory out of 5000000
 51207 multiletter control sequences out of 15000+600000
 573050 words of font info for 92 fonts, out of 8000000 for 9000
 1141 hyphenation exceptions out of 8191
 85i,14n,133p,1876b,802s stack positions out of 10000i,1000n,20000p,200000b,200000s
</usr/local/texlive/2024/texmf-dist/fonts/type1/public/amsfonts/cm/cmbx12.pfb
></usr/local/texlive/2024/texmf-dist/fonts/type1/public/amsfonts/cm/cmbx8.pfb><
/usr/local/texlive/2024/texmf-dist/fonts/type1/public/amsfonts/cm/cmbxti10.pfb>
</usr/local/texlive/2024/texmf-dist/fonts/type1/public/amsfonts/cm/cmex10.pfb><
/usr/local/texlive/2024/texmf-dist/fonts/type1/public/amsfonts/cmextra/cmex8.pf
b></usr/local/texlive/2024/texmf-dist/fonts/type1/public/amsfonts/cm/cmmi12.pfb
></usr/local/texlive/2024/texmf-dist/fonts/type1/public/amsfonts/cm/cmmi6.pfb><
/usr/local/texlive/2024/texmf-dist/fonts/type1/public/amsfonts/cm/cmmi8.pfb></u
sr/local/texlive/2024/texmf-dist/fonts/type1/public/amsfonts/cm/cmmib10.pfb></u
sr/local/texlive/2024/texmf-dist/fonts/type1/public/amsfonts/cmextra/cmmib8.pfb
></usr/local/texlive/2024/texmf-dist/fonts/type1/public/amsfonts/cm/cmr10.pfb><
/usr/local/texlive/2024/texmf-dist/fonts/type1/public/amsfonts/cm/cmr12.pfb></u
sr/local/texlive/2024/texmf-dist/fonts/type1/public/amsfonts/cm/cmr17.pfb></usr
/local/texlive/2024/texmf-dist/fonts/type1/public/amsfonts/cm/cmr6.pfb></usr/lo
cal/texlive/2024/texmf-dist/fonts/type1/public/amsfonts/cm/cmr7.pfb></usr/local
/texlive/2024/texmf-dist/fonts/type1/public/amsfonts/cm/cmr8.pfb></usr/local/te
xlive/2024/texmf-dist/fonts/type1/public/amsfonts/cm/cmsl12.pfb></usr/local/tex
live/2024/texmf-dist/fonts/type1/public/amsfonts/cm/cmsy10.pfb></usr/local/texl
ive/2024/texmf-dist/fonts/type1/public/amsfonts/cm/cmsy6.pfb></usr/local/texliv
e/2024/texmf-dist/fonts/type1/public/amsfonts/cm/cmsy8.pfb></usr/local/texlive/
2024/texmf-dist/fonts/type1/public/amsfonts/cm/cmti12.pfb></usr/local/texlive/2
024/texmf-dist/fonts/type1/public/amsfonts/cm/cmtt12.pfb></usr/local/texlive/20
24/texmf-dist/fonts/type1/public/amsfonts/symbols/msam10.pfb></usr/local/texliv
e/2024/texmf-dist/fonts/type1/public/amsfonts/symbols/msbm10.pfb></usr/local/te
xlive/2024/texmf-dist/fonts/type1/public/cm-super/sfrm1200.pfb>
Output written on Compendio_IA.pdf (225 pages, 1326128 bytes).
PDF statistics:
 3058 PDF objects out of 3580 (max. 8388607)
 2747 compressed objects within 28 object streams
 819 named destinations out of 1000 (max. 500000)
 2263 words of extra memory for PDF output out of 10000 (max. 10000000)

