\BOOKMARK [1][-]{section.1}{\376\377\000B\000i\000o\000i\000n\000f\000o\000r\000m\000a\000t\000i\000c\000s\000:\000\040\000N\000e\000w\000\040\000r\000e\000v\000i\000s\000i\000o\000n}{}% 1
\BOOKMARK [2][-]{subsection.1.1}{\376\377\000A\000\040\000b\000a\000y\000e\000s\000i\000a\000n\000\040\000f\000r\000a\000m\000e\000w\000o\000r\000k\000\040\000f\000o\000r\000\040\000c\000o\000m\000b\000i\000n\000i\000n\000g\000\040\000g\000e\000n\000e\000\040\000p\000r\000e\000d\000i\000c\000t\000i\000o\000n\000s\000\040\000-\000\040\000P\000a\000v\000l\000o\000v\000i\000c}{section.1}% 2
\BOOKMARK [1][-]{section.2}{\376\377\000R\000a\000n\000d\000o\000m\000\040\000F\000o\000r\000e\000s\000t\000:\000\040\000E\000x\000p\000l\000a\000n\000a\000t\000i\000o\000n\000\040\000i\000n\000\040\000M\000a\000t\000h\000e\000m\000a\000t\000i\000c\000a\000l\000\040\000T\000e\000r\000m\000s}{}% 3
\BOOKMARK [1][-]{section.3}{\376\377\000D\000e\000e\000p\000\040\000L\000e\000a\000r\000n\000i\000n\000g\000:\000\040\000O\000v\000e\000r\000v\000i\000e\000w}{}% 4
\BOOKMARK [1][-]{section.4}{\376\377\000E\000x\000a\000m\000p\000l\000e\000\040\000o\000f\000\040\000I\000m\000p\000l\000e\000m\000e\000n\000t\000a\000t\000i\000o\000n\000\040\000i\000n\000\040\000R\000:}{}% 5
\BOOKMARK [2][-]{subsection.4.1}{\376\377\000I\000n\000s\000t\000a\000l\000l\000\040\000a\000n\000d\000\040\000L\000o\000a\000d\000\040\000t\000h\000e\000\040\000K\000e\000r\000a\000s\000\040\000L\000i\000b\000r\000a\000r\000y\000:}{section.4}% 6
\BOOKMARK [2][-]{subsection.4.2}{\376\377\000B\000u\000i\000l\000d\000\040\000a\000\040\000S\000i\000m\000p\000l\000e\000\040\000N\000e\000u\000r\000a\000l\000\040\000N\000e\000t\000w\000o\000r\000k\000:}{section.4}% 7
\BOOKMARK [2][-]{subsection.4.3}{\376\377\000C\000o\000m\000p\000i\000l\000e\000\040\000a\000n\000d\000\040\000T\000r\000a\000i\000n\000\040\000t\000h\000e\000\040\000N\000e\000u\000r\000a\000l\000\040\000N\000e\000t\000w\000o\000r\000k\000:}{section.4}% 8
\BOOKMARK [2][-]{subsection.4.4}{\376\377\000E\000v\000a\000l\000u\000a\000t\000e\000\040\000t\000h\000e\000\040\000M\000o\000d\000e\000l\000:}{section.4}% 9
\BOOKMARK [1][-]{section.5}{\376\377\000I\000m\000p\000u\000r\000i\000t\000y\000\040\000M\000e\000a\000s\000u\000r\000e\000s\000\040\000i\000n\000\040\000R\000a\000n\000d\000o\000m\000\040\000F\000o\000r\000e\000s\000t}{}% 10
\BOOKMARK [2][-]{subsection.5.1}{\376\377\000G\000i\000n\000i\000\040\000I\000n\000d\000e\000x\000\040\000f\000o\000r\000\040\000C\000l\000a\000s\000s\000i\000f\000i\000c\000a\000t\000i\000o\000n}{section.5}% 11
\BOOKMARK [2][-]{subsection.5.2}{\376\377\000M\000e\000a\000n\000\040\000S\000q\000u\000a\000r\000e\000d\000\040\000E\000r\000r\000o\000r\000\040\000f\000o\000r\000\040\000R\000e\000g\000r\000e\000s\000s\000i\000o\000n}{section.5}% 12
\BOOKMARK [1][-]{section.6}{\376\377\000C\000o\000n\000s\000t\000r\000u\000c\000c\000i\000\363\000n\000\040\000d\000e\000l\000\040\000\301\000r\000b\000o\000l\000\040\000d\000e\000\040\000D\000e\000c\000i\000s\000i\000\363\000n}{}% 13
\BOOKMARK [2][-]{subsection.6.1}{\376\377\000T\000e\000o\000r\000\355\000a\000:}{section.6}% 14
\BOOKMARK [2][-]{subsection.6.2}{\376\377\000E\000l\000e\000m\000e\000n\000t\000o\000s\000\040\000M\000a\000t\000e\000m\000\341\000t\000i\000c\000o\000s\000:}{section.6}% 15
\BOOKMARK [1][-]{section.7}{\376\377\000R\000e\000d\000u\000c\000c\000i\000\363\000n\000\040\000d\000e\000\040\000V\000a\000r\000i\000a\000n\000z\000a\000\040\000e\000n\000\040\000R\000a\000n\000d\000o\000m\000\040\000F\000o\000r\000e\000s\000t}{}% 16
\BOOKMARK [2][-]{subsection.7.1}{\376\377\000T\000e\000o\000r\000\355\000a\000:}{section.7}% 17
\BOOKMARK [3][-]{subsubsection.7.1.1}{\376\377\000B\000a\000g\000g\000i\000n\000g\000\040\000\050\000B\000o\000o\000t\000s\000t\000r\000a\000p\000\040\000A\000g\000g\000r\000e\000g\000a\000t\000i\000n\000g\000\051\000:}{subsection.7.1}% 18
\BOOKMARK [3][-]{subsubsection.7.1.2}{\376\377\000R\000a\000n\000d\000o\000m\000\040\000S\000u\000b\000s\000p\000a\000c\000e\000:}{subsection.7.1}% 19
\BOOKMARK [2][-]{subsection.7.2}{\376\377\000E\000l\000e\000m\000e\000n\000t\000o\000s\000\040\000M\000a\000t\000e\000m\000\341\000t\000i\000c\000o\000s\000:}{section.7}% 20
\BOOKMARK [1][-]{section.8}{\376\377\000V\000o\000t\000a\000c\000i\000\363\000n\000\040\000y\000\040\000P\000r\000o\000m\000e\000d\000i\000o\000\040\000e\000n\000\040\000R\000a\000n\000d\000o\000m\000\040\000F\000o\000r\000e\000s\000t}{}% 21
\BOOKMARK [2][-]{subsection.8.1}{\376\377\000T\000e\000o\000r\000\355\000a\000:}{section.8}% 22
\BOOKMARK [3][-]{subsubsection.8.1.1}{\376\377\000P\000a\000r\000a\000\040\000P\000r\000o\000b\000l\000e\000m\000a\000s\000\040\000d\000e\000\040\000C\000l\000a\000s\000i\000f\000i\000c\000a\000c\000i\000\363\000n\000:}{subsection.8.1}% 23
\BOOKMARK [3][-]{subsubsection.8.1.2}{\376\377\000P\000a\000r\000a\000\040\000P\000r\000o\000b\000l\000e\000m\000a\000s\000\040\000d\000e\000\040\000R\000e\000g\000r\000e\000s\000i\000\363\000n\000:}{subsection.8.1}% 24
\BOOKMARK [2][-]{subsection.8.2}{\376\377\000E\000l\000e\000m\000e\000n\000t\000o\000s\000\040\000M\000a\000t\000e\000m\000\341\000t\000i\000c\000o\000s\000:}{section.8}% 25
\BOOKMARK [1][-]{section.9}{\376\377\000R\000e\000s\000u\000m\000e\000n}{}% 26
\BOOKMARK [2][-]{subsection.9.1}{\376\377\000E\000j\000e\000m\000p\000l\000o\000\040\000e\000n\000\040\000R\000:\000\040\000R\000a\000n\000d\000o\000m\000\040\000F\000o\000r\000e\000s\000t}{section.9}% 27
\BOOKMARK [2][-]{subsection.9.2}{\376\377\000D\000e\000e\000p\000\040\000L\000e\000a\000r\000n\000i\000n\000g}{section.9}% 28
\BOOKMARK [1][-]{section.10}{\376\377\000A\000n\000\341\000l\000i\000s\000i\000s\000\040\000d\000e\000\040\000C\000o\000m\000p\000o\000n\000e\000n\000t\000e\000s\000\040\000P\000r\000i\000n\000c\000i\000p\000a\000l\000e\000s}{}% 29
\BOOKMARK [2][-]{subsection.10.1}{\376\377\000I\000n\000t\000r\000o\000d\000u\000c\000t\000i\000o\000n\000\040\000t\000o\000\040\000P\000r\000i\000n\000c\000i\000p\000a\000l\000\040\000C\000o\000m\000p\000o\000n\000e\000n\000t\000s\000\040\000A\000n\000a\000l\000y\000s\000i\000s\000\040\000-\000\040\000K\000r\000i\000s\000t\000i\000n\000\040\000L\000.\000\040\000S\000a\000i\000n\000a\000n\000i}{section.10}% 30
\BOOKMARK [2][-]{subsection.10.2}{\376\377\000P\000r\000i\000n\000c\000i\000p\000a\000l\000\040\000c\000o\000m\000p\000o\000n\000e\000n\000t\000\040\000a\000n\000a\000l\000y\000s\000i\000s\000\040\000-\000\040\000H\000e\000r\000v\000e\000\040\000A\000b\000d\000i\000\040\000a\000n\000d\000\040\000L\000y\000n\000n\000e\000\040\000J\000.\000\040\000W\000i\000l\000l\000i\000a\000m\000s}{section.10}% 31
\BOOKMARK [2][-]{subsection.10.3}{\376\377\000A\000p\000p\000r\000o\000x\000i\000m\000a\000t\000e\000\040\000S\000t\000a\000t\000i\000s\000t\000i\000c\000a\000l\000\040\000T\000e\000s\000t\000\040\000f\000o\000r\000\040\000c\000o\000m\000p\000a\000r\000i\000n\000g\000\040\000S\000u\000p\000e\000r\000v\000i\000s\000e\000d\000\040\000C\000l\000a\000s\000s\000i\000f\000i\000c\000a\000t\000i\000o\000n\000\040\000L\000e\000a\000r\000n\000i\000n\000g\000\040\000A\000l\000g\000o\000r\000t\000i\000h\000m\000s\000\040\000-\000\040\000D\000i\000e\000t\000t\000e\000r\000i\000c\000h\000\040\000T\000h\000o\000m\000a\000s}{section.10}% 32
\BOOKMARK [1][-]{section.11}{\376\377\000G\000u\000i\000a\000\040\000d\000e\000\040\000e\000s\000t\000u\000d\000i\000o\000\040\000d\000e\000\040\000M\000a\000c\000h\000i\000n\000e\000\040\000L\000e\000a\000r\000n\000i\000n\000g}{}% 33
\BOOKMARK [2][-]{subsection.11.1}{\376\377\000S\000V\000M}{section.11}% 34
\BOOKMARK [3][-]{subsubsection.11.1.1}{\376\377\000E\000l\000e\000m\000e\000n\000t\000o\000s\000\040\000M\000a\000t\000e\000m\000\341\000t\000i\000c\000o\000s\000\040\000d\000e\000\040\000l\000a\000s\000\040\000S\000V\000M}{subsection.11.1}% 35
\BOOKMARK [2][-]{subsection.11.2}{\376\377\000\301\000r\000b\000o\000l\000e\000s\000\040\000d\000e\000\040\000D\000e\000c\000i\000s\000i\000\363\000n}{section.11}% 36
\BOOKMARK [3][-]{subsubsection.11.2.1}{\376\377\000B\000o\000s\000q\000u\000e\000s\000\040\000A\000l\000e\000a\000t\000o\000r\000i\000o\000s}{subsection.11.2}% 37
\BOOKMARK [3][-]{subsubsection.11.2.2}{\376\377\000E\000l\000e\000m\000e\000n\000t\000o\000s\000\040\000M\000a\000t\000e\000m\000\341\000t\000i\000c\000o\000s\000\040\000d\000e\000\040\000\301\000r\000b\000o\000l\000e\000s\000\040\000d\000e\000\040\000D\000e\000c\000i\000s\000i\000\363\000n}{subsection.11.2}% 38
\BOOKMARK [3][-]{subsubsection.11.2.3}{\376\377\000B\000o\000s\000q\000u\000e\000s\000\040\000A\000l\000e\000a\000t\000o\000r\000i\000o\000s}{subsection.11.2}% 39
\BOOKMARK [1][-]{section.12}{\376\377\000R\000e\000f\000e\000r\000e\000n\000c\000i\000a\000s}{}% 40
\BOOKMARK [1][-]{section.13}{\376\377\000B\000i\000o\000i\000n\000f\000o\000r\000m\000a\000t\000i\000c\000s\000:\000\040\000N\000e\000w\000\040\000r\000e\000v\000i\000s\000i\000o\000n}{}% 41
\BOOKMARK [2][-]{subsection.13.1}{\376\377\000A\000\040\000b\000a\000y\000e\000s\000i\000a\000n\000\040\000f\000r\000a\000m\000e\000w\000o\000r\000k\000\040\000f\000o\000r\000\040\000c\000o\000m\000b\000i\000n\000i\000n\000g\000\040\000g\000e\000n\000e\000\040\000p\000r\000e\000d\000i\000c\000t\000i\000o\000n\000s\000\040\000-\000\040\000P\000a\000v\000l\000o\000v\000i\000c}{section.13}% 42
\BOOKMARK [1][-]{section.14}{\376\377\000R\000a\000n\000d\000o\000m\000\040\000F\000o\000r\000e\000s\000t\000:\000\040\000E\000x\000p\000l\000a\000n\000a\000t\000i\000o\000n\000\040\000i\000n\000\040\000M\000a\000t\000h\000e\000m\000a\000t\000i\000c\000a\000l\000\040\000T\000e\000r\000m\000s}{}% 43
\BOOKMARK [1][-]{section.15}{\376\377\000D\000e\000e\000p\000\040\000L\000e\000a\000r\000n\000i\000n\000g\000:\000\040\000O\000v\000e\000r\000v\000i\000e\000w}{}% 44
\BOOKMARK [1][-]{section.16}{\376\377\000E\000x\000a\000m\000p\000l\000e\000\040\000o\000f\000\040\000I\000m\000p\000l\000e\000m\000e\000n\000t\000a\000t\000i\000o\000n\000\040\000i\000n\000\040\000R\000:}{}% 45
\BOOKMARK [2][-]{subsection.16.1}{\376\377\000I\000n\000s\000t\000a\000l\000l\000\040\000a\000n\000d\000\040\000L\000o\000a\000d\000\040\000t\000h\000e\000\040\000K\000e\000r\000a\000s\000\040\000L\000i\000b\000r\000a\000r\000y\000:}{section.16}% 46
\BOOKMARK [2][-]{subsection.16.2}{\376\377\000B\000u\000i\000l\000d\000\040\000a\000\040\000S\000i\000m\000p\000l\000e\000\040\000N\000e\000u\000r\000a\000l\000\040\000N\000e\000t\000w\000o\000r\000k\000:}{section.16}% 47
\BOOKMARK [2][-]{subsection.16.3}{\376\377\000C\000o\000m\000p\000i\000l\000e\000\040\000a\000n\000d\000\040\000T\000r\000a\000i\000n\000\040\000t\000h\000e\000\040\000N\000e\000u\000r\000a\000l\000\040\000N\000e\000t\000w\000o\000r\000k\000:}{section.16}% 48
\BOOKMARK [2][-]{subsection.16.4}{\376\377\000E\000v\000a\000l\000u\000a\000t\000e\000\040\000t\000h\000e\000\040\000M\000o\000d\000e\000l\000:}{section.16}% 49
\BOOKMARK [1][-]{section.17}{\376\377\000I\000m\000p\000u\000r\000i\000t\000y\000\040\000M\000e\000a\000s\000u\000r\000e\000s\000\040\000i\000n\000\040\000R\000a\000n\000d\000o\000m\000\040\000F\000o\000r\000e\000s\000t}{}% 50
\BOOKMARK [2][-]{subsection.17.1}{\376\377\000G\000i\000n\000i\000\040\000I\000n\000d\000e\000x\000\040\000f\000o\000r\000\040\000C\000l\000a\000s\000s\000i\000f\000i\000c\000a\000t\000i\000o\000n}{section.17}% 51
\BOOKMARK [2][-]{subsection.17.2}{\376\377\000M\000e\000a\000n\000\040\000S\000q\000u\000a\000r\000e\000d\000\040\000E\000r\000r\000o\000r\000\040\000f\000o\000r\000\040\000R\000e\000g\000r\000e\000s\000s\000i\000o\000n}{section.17}% 52
\BOOKMARK [1][-]{section.18}{\376\377\000C\000o\000n\000s\000t\000r\000u\000c\000c\000i\000\363\000n\000\040\000d\000e\000l\000\040\000\301\000r\000b\000o\000l\000\040\000d\000e\000\040\000D\000e\000c\000i\000s\000i\000\363\000n}{}% 53
\BOOKMARK [2][-]{subsection.18.1}{\376\377\000T\000e\000o\000r\000\355\000a\000:}{section.18}% 54
\BOOKMARK [2][-]{subsection.18.2}{\376\377\000E\000l\000e\000m\000e\000n\000t\000o\000s\000\040\000M\000a\000t\000e\000m\000\341\000t\000i\000c\000o\000s\000:}{section.18}% 55
\BOOKMARK [1][-]{section.19}{\376\377\000R\000e\000d\000u\000c\000c\000i\000\363\000n\000\040\000d\000e\000\040\000V\000a\000r\000i\000a\000n\000z\000a\000\040\000e\000n\000\040\000R\000a\000n\000d\000o\000m\000\040\000F\000o\000r\000e\000s\000t}{}% 56
\BOOKMARK [2][-]{subsection.19.1}{\376\377\000T\000e\000o\000r\000\355\000a\000:}{section.19}% 57
\BOOKMARK [3][-]{subsubsection.19.1.1}{\376\377\000B\000a\000g\000g\000i\000n\000g\000\040\000\050\000B\000o\000o\000t\000s\000t\000r\000a\000p\000\040\000A\000g\000g\000r\000e\000g\000a\000t\000i\000n\000g\000\051\000:}{subsection.19.1}% 58
\BOOKMARK [3][-]{subsubsection.19.1.2}{\376\377\000R\000a\000n\000d\000o\000m\000\040\000S\000u\000b\000s\000p\000a\000c\000e\000:}{subsection.19.1}% 59
\BOOKMARK [2][-]{subsection.19.2}{\376\377\000E\000l\000e\000m\000e\000n\000t\000o\000s\000\040\000M\000a\000t\000e\000m\000\341\000t\000i\000c\000o\000s\000:}{section.19}% 60
\BOOKMARK [1][-]{section.20}{\376\377\000V\000o\000t\000a\000c\000i\000\363\000n\000\040\000y\000\040\000P\000r\000o\000m\000e\000d\000i\000o\000\040\000e\000n\000\040\000R\000a\000n\000d\000o\000m\000\040\000F\000o\000r\000e\000s\000t}{}% 61
\BOOKMARK [2][-]{subsection.20.1}{\376\377\000T\000e\000o\000r\000\355\000a\000:}{section.20}% 62
\BOOKMARK [3][-]{subsubsection.20.1.1}{\376\377\000P\000a\000r\000a\000\040\000P\000r\000o\000b\000l\000e\000m\000a\000s\000\040\000d\000e\000\040\000C\000l\000a\000s\000i\000f\000i\000c\000a\000c\000i\000\363\000n\000:}{subsection.20.1}% 63
\BOOKMARK [3][-]{subsubsection.20.1.2}{\376\377\000P\000a\000r\000a\000\040\000P\000r\000o\000b\000l\000e\000m\000a\000s\000\040\000d\000e\000\040\000R\000e\000g\000r\000e\000s\000i\000\363\000n\000:}{subsection.20.1}% 64
\BOOKMARK [2][-]{subsection.20.2}{\376\377\000E\000l\000e\000m\000e\000n\000t\000o\000s\000\040\000M\000a\000t\000e\000m\000\341\000t\000i\000c\000o\000s\000:}{section.20}% 65
\BOOKMARK [1][-]{section.21}{\376\377\000R\000e\000s\000u\000m\000e\000n}{}% 66
\BOOKMARK [2][-]{subsection.21.1}{\376\377\000E\000j\000e\000m\000p\000l\000o\000\040\000e\000n\000\040\000R\000:\000\040\000R\000a\000n\000d\000o\000m\000\040\000F\000o\000r\000e\000s\000t}{section.21}% 67
\BOOKMARK [2][-]{subsection.21.2}{\376\377\000D\000e\000e\000p\000\040\000L\000e\000a\000r\000n\000i\000n\000g}{section.21}% 68
\BOOKMARK [1][-]{section.22}{\376\377\000A\000l\000g\000o\000r\000i\000t\000m\000o\000s\000\040\000d\000e\000\040\000A\000p\000r\000e\000n\000d\000i\000z\000a\000j\000e\000\040\000S\000u\000p\000e\000r\000v\000i\000s\000a\000d\000o}{}% 69
\BOOKMARK [2][-]{subsection.22.1}{\376\377\000R\000e\000g\000r\000e\000s\000i\000\363\000n\000\040\000L\000i\000n\000e\000a\000l\000\040\000y\000\040\000L\000o\000g\000\355\000s\000t\000i\000c\000a}{section.22}% 70
\BOOKMARK [3][-]{subsubsection.22.1.1}{\376\377\000R\000e\000g\000r\000e\000s\000i\000\363\000n\000\040\000L\000i\000n\000e\000a\000l}{subsection.22.1}% 71
\BOOKMARK [3][-]{subsubsection.22.1.2}{\376\377\000R\000e\000g\000r\000e\000s\000i\000\363\000n\000\040\000L\000o\000g\000\355\000s\000t\000i\000c\000a}{subsection.22.1}% 72
\BOOKMARK [3][-]{subsubsection.22.1.3}{\376\377\000I\000m\000p\000l\000e\000m\000e\000n\000t\000a\000c\000i\000o\000n}{subsection.22.1}% 73
\BOOKMARK [2][-]{subsection.22.2}{\376\377\000M\000\341\000q\000u\000i\000n\000a\000s\000\040\000d\000e\000\040\000S\000o\000p\000o\000r\000t\000e\000\040\000V\000e\000c\000t\000o\000r\000i\000a\000l\000\040\000\050\000S\000V\000M\000\051}{section.22}% 74
\BOOKMARK [3][-]{subsubsection.22.2.1}{\376\377\000E\000l\000e\000m\000e\000n\000t\000o\000s\000\040\000M\000a\000t\000e\000m\000\341\000t\000i\000c\000o\000s\000\040\000d\000e\000\040\000l\000a\000s\000\040\000S\000V\000M}{subsection.22.2}% 75
\BOOKMARK [2][-]{subsection.22.3}{\376\377\000\301\000r\000b\000o\000l\000e\000s\000\040\000d\000e\000\040\000D\000e\000c\000i\000s\000i\000\363\000n\000\040\000y\000\040\000B\000o\000s\000q\000u\000e\000s\000\040\000A\000l\000e\000a\000t\000o\000r\000i\000o\000s}{section.22}% 76
\BOOKMARK [3][-]{subsubsection.22.3.1}{\376\377\000B\000o\000s\000q\000u\000e\000s\000\040\000A\000l\000e\000a\000t\000o\000r\000i\000o\000s}{subsection.22.3}% 77
\BOOKMARK [3][-]{subsubsection.22.3.2}{\376\377\000E\000l\000e\000m\000e\000n\000t\000o\000s\000\040\000M\000a\000t\000e\000m\000\341\000t\000i\000c\000o\000s\000\040\000d\000e\000\040\000\301\000r\000b\000o\000l\000e\000s\000\040\000d\000e\000\040\000D\000e\000c\000i\000s\000i\000\363\000n}{subsection.22.3}% 78
\BOOKMARK [3][-]{subsubsection.22.3.3}{\376\377\000B\000o\000s\000q\000u\000e\000s\000\040\000A\000l\000e\000a\000t\000o\000r\000i\000o\000s}{subsection.22.3}% 79
\BOOKMARK [2][-]{subsection.22.4}{\376\377\000R\000e\000d\000e\000s\000\040\000N\000e\000u\000r\000o\000n\000a\000l\000e\000s}{section.22}% 80
\BOOKMARK [1][-]{section.23}{\376\377\000A\000p\000r\000e\000n\000d\000i\000z\000a\000j\000e\000\040\000N\000o\000\040\000S\000u\000p\000e\000r\000v\000i\000s\000a\000d\000o}{}% 81
\BOOKMARK [2][-]{subsection.23.1}{\376\377\000K\000-\000M\000e\000a\000n\000s\000\040\000y\000\040\000C\000l\000u\000s\000t\000e\000r\000i\000n\000g\000\040\000J\000e\000r\000\341\000r\000q\000u\000i\000c\000o}{section.23}% 82
\BOOKMARK [2][-]{subsection.23.2}{\376\377\000A\000n\000\341\000l\000i\000s\000i\000s\000\040\000d\000e\000\040\000C\000o\000m\000p\000o\000n\000e\000n\000t\000e\000s\000\040\000P\000r\000i\000n\000c\000i\000p\000a\000l\000e\000s\000\040\000\050\000P\000C\000A\000\051}{section.23}% 83
\BOOKMARK [2][-]{subsection.23.3}{\376\377\000A\000l\000g\000o\000r\000i\000t\000m\000o\000s\000\040\000d\000e\000\040\000A\000s\000o\000c\000i\000a\000c\000i\000\363\000n}{section.23}% 84
\BOOKMARK [2][-]{subsection.23.4}{\376\377\000M\000a\000p\000a\000s\000\040\000A\000u\000t\000o\000o\000r\000g\000a\000n\000i\000z\000a\000d\000o\000s\000\040\000\050\000S\000O\000M\000\051}{section.23}% 85
\BOOKMARK [1][-]{section.24}{\376\377\000E\000v\000a\000l\000u\000a\000c\000i\000\363\000n\000\040\000d\000e\000\040\000M\000o\000d\000e\000l\000o\000s\000\040\000y\000\040\000M\000\351\000t\000r\000i\000c\000a\000s}{}% 86
\BOOKMARK [2][-]{subsection.24.1}{\376\377\000P\000r\000e\000c\000i\000s\000i\000\363\000n\000,\000\040\000S\000e\000n\000s\000i\000b\000i\000l\000i\000d\000a\000d\000,\000\040\000E\000s\000p\000e\000c\000i\000f\000i\000c\000i\000d\000a\000d}{section.24}% 87
\BOOKMARK [2][-]{subsection.24.2}{\376\377\000C\000u\000r\000v\000a\000s\000\040\000R\000O\000C\000\040\000y\000\040\000\301\000r\000e\000a\000\040\000B\000a\000j\000o\000\040\000l\000a\000\040\000C\000u\000r\000v\000a\000\040\000\050\000A\000U\000C\000-\000R\000O\000C\000\051}{section.24}% 88
\BOOKMARK [2][-]{subsection.24.3}{\376\377\000M\000a\000t\000r\000i\000z\000\040\000d\000e\000\040\000C\000o\000n\000f\000u\000s\000i\000\363\000n}{section.24}% 89
\BOOKMARK [2][-]{subsection.24.4}{\376\377\000V\000a\000l\000i\000d\000a\000c\000i\000\363\000n\000\040\000C\000r\000u\000z\000a\000d\000a}{section.24}% 90
\BOOKMARK [1][-]{section.25}{\376\377\000P\000r\000e\000p\000r\000o\000c\000e\000s\000a\000m\000i\000e\000n\000t\000o\000\040\000d\000e\000\040\000D\000a\000t\000o\000s}{}% 91
\BOOKMARK [2][-]{subsection.25.1}{\376\377\000N\000o\000r\000m\000a\000l\000i\000z\000a\000c\000i\000\363\000n\000\040\000y\000\040\000E\000s\000t\000a\000n\000d\000a\000r\000i\000z\000a\000c\000i\000\363\000n}{section.25}% 92
\BOOKMARK [2][-]{subsection.25.2}{\376\377\000M\000a\000n\000e\000j\000o\000\040\000d\000e\000\040\000D\000a\000t\000o\000s\000\040\000F\000a\000l\000t\000a\000n\000t\000e\000s}{section.25}% 93
\BOOKMARK [2][-]{subsection.25.3}{\376\377\000I\000n\000g\000e\000n\000i\000e\000r\000\355\000a\000\040\000d\000e\000\040\000C\000a\000r\000a\000c\000t\000e\000r\000\355\000s\000t\000i\000c\000a\000s}{section.25}% 94
\BOOKMARK [2][-]{subsection.25.4}{\376\377\000S\000e\000l\000e\000c\000c\000i\000\363\000n\000\040\000d\000e\000\040\000C\000a\000r\000a\000c\000t\000e\000r\000\355\000s\000t\000i\000c\000a\000s}{section.25}% 95
\BOOKMARK [1][-]{section.26}{\376\377\000O\000p\000t\000i\000m\000i\000z\000a\000c\000i\000\363\000n\000\040\000d\000e\000\040\000M\000o\000d\000e\000l\000o\000s}{}% 96
\BOOKMARK [2][-]{subsection.26.1}{\376\377\000H\000i\000p\000e\000r\000p\000a\000r\000\341\000m\000e\000t\000r\000o\000s\000\040\000y\000\040\000B\000\372\000s\000q\000u\000e\000d\000a\000\040\000e\000n\000\040\000C\000u\000a\000d\000r\000\355\000c\000u\000l\000a}{section.26}% 97
\BOOKMARK [2][-]{subsection.26.2}{\376\377\000O\000p\000t\000i\000m\000i\000z\000a\000c\000i\000\363\000n\000\040\000B\000a\000y\000e\000s\000i\000a\000n\000a}{section.26}% 98
\BOOKMARK [2][-]{subsection.26.3}{\376\377\000R\000e\000g\000u\000l\000a\000r\000i\000z\000a\000c\000i\000\363\000n}{section.26}% 99
\BOOKMARK [2][-]{subsection.26.4}{\376\377\000R\000e\000d\000e\000s\000\040\000N\000e\000u\000r\000o\000n\000a\000l\000e\000s\000\040\000C\000o\000n\000v\000o\000l\000u\000c\000i\000o\000n\000a\000l\000e\000s\000\040\000\050\000C\000N\000N\000\051\000\040\000y\000\040\000R\000e\000c\000u\000r\000r\000e\000n\000t\000e\000s\000\040\000\050\000R\000N\000N\000\051}{section.26}% 100
\BOOKMARK [1][-]{section.27}{\376\377\000A\000p\000r\000e\000n\000d\000i\000z\000a\000j\000e\000\040\000p\000o\000r\000\040\000R\000e\000f\000u\000e\000r\000z\000o}{}% 101
\BOOKMARK [2][-]{subsection.27.1}{\376\377\000Q\000-\000L\000e\000a\000r\000n\000i\000n\000g}{section.27}% 102
\BOOKMARK [2][-]{subsection.27.2}{\376\377\000A\000l\000g\000o\000r\000i\000t\000m\000o\000s\000\040\000d\000e\000\040\000P\000o\000l\000\355\000t\000i\000c\000a\000s}{section.27}% 103
\BOOKMARK [2][-]{subsection.27.3}{\376\377\000E\000x\000p\000l\000o\000r\000a\000c\000i\000\363\000n\000\040\000y\000\040\000E\000x\000p\000l\000o\000t\000a\000c\000i\000\363\000n}{section.27}% 104
\BOOKMARK [2][-]{subsection.27.4}{\376\377\000F\000u\000n\000c\000i\000o\000n\000e\000s\000\040\000d\000e\000\040\000V\000a\000l\000o\000r}{section.27}% 105
\BOOKMARK [1][-]{section.28}{\376\377\000\311\000t\000i\000c\000a\000\040\000e\000n\000\040\000e\000l\000\040\000M\000a\000c\000h\000i\000n\000e\000\040\000L\000e\000a\000r\000n\000i\000n\000g}{}% 106
\BOOKMARK [2][-]{subsection.28.1}{\376\377\000S\000e\000s\000g\000o\000\040\000y\000\040\000E\000q\000u\000i\000d\000a\000d}{section.28}% 107
\BOOKMARK [2][-]{subsection.28.2}{\376\377\000T\000r\000a\000n\000s\000p\000a\000r\000e\000n\000c\000i\000a\000\040\000y\000\040\000E\000x\000p\000l\000i\000c\000a\000b\000i\000l\000i\000d\000a\000d}{section.28}% 108
\BOOKMARK [2][-]{subsection.28.3}{\376\377\000P\000r\000i\000v\000a\000c\000i\000d\000a\000d\000\040\000y\000\040\000S\000e\000g\000u\000r\000i\000d\000a\000d}{section.28}% 109
\BOOKMARK [2][-]{subsection.28.4}{\376\377\000R\000e\000s\000p\000o\000n\000s\000a\000b\000i\000l\000i\000d\000a\000d\000\040\000e\000n\000\040\000e\000l\000\040\000D\000e\000s\000p\000l\000i\000e\000g\000u\000e\000\040\000d\000e\000\040\000M\000o\000d\000e\000l\000o\000s}{section.28}% 110
\BOOKMARK [1][-]{section.29}{\376\377\000R\000e\000d\000e\000s\000\040\000N\000e\000u\000r\000o\000n\000a\000l\000e\000s\000\040\000P\000r\000o\000f\000u\000n\000d\000a\000s}{}% 111
\BOOKMARK [2][-]{subsection.29.1}{\376\377\000P\000e\000r\000c\000e\000p\000t\000r\000o\000n\000e\000s\000\040\000M\000u\000l\000t\000i\000c\000a\000p\000a\000\040\000\050\000M\000L\000P\000\051}{section.29}% 112
\BOOKMARK [2][-]{subsection.29.2}{\376\377\000F\000u\000n\000c\000i\000o\000n\000e\000s\000\040\000d\000e\000\040\000A\000c\000t\000i\000v\000a\000c\000i\000\363\000n\000:\000\040\000R\000e\000L\000U\000,\000\040\000S\000i\000g\000m\000o\000i\000d\000,\000\040\000T\000a\000n\000h}{section.29}% 113
\BOOKMARK [2][-]{subsection.29.3}{\376\377\000B\000a\000c\000k\000p\000r\000o\000p\000a\000g\000a\000t\000i\000o\000n}{section.29}% 114
\BOOKMARK [2][-]{subsection.29.4}{\376\377\000R\000e\000g\000u\000l\000a\000r\000i\000z\000a\000c\000i\000\363\000n\000\040\000e\000n\000\040\000R\000e\000d\000e\000s\000\040\000N\000e\000u\000r\000o\000n\000a\000l\000e\000s}{section.29}% 115
\BOOKMARK [1][-]{section.30}{\376\377\000R\000e\000d\000e\000s\000\040\000N\000e\000u\000r\000o\000n\000a\000l\000e\000s\000\040\000C\000o\000n\000v\000o\000l\000u\000c\000i\000o\000n\000a\000l\000e\000s\000\040\000\050\000C\000N\000N\000\051}{}% 116
\BOOKMARK [2][-]{subsection.30.1}{\376\377\000C\000o\000n\000v\000o\000l\000u\000t\000i\000o\000n\000a\000l\000\040\000L\000a\000y\000e\000r\000s}{section.30}% 117
\BOOKMARK [2][-]{subsection.30.2}{\376\377\000P\000o\000o\000l\000i\000n\000g\000\040\000L\000a\000y\000e\000r\000s}{section.30}% 118
\BOOKMARK [2][-]{subsection.30.3}{\376\377\000T\000r\000a\000n\000s\000f\000e\000r\000\040\000L\000e\000a\000r\000n\000i\000n\000g\000\040\000c\000o\000n\000\040\000C\000N\000N}{section.30}% 119
\BOOKMARK [2][-]{subsection.30.4}{\376\377\000A\000p\000l\000i\000c\000a\000c\000i\000o\000n\000e\000s\000\040\000e\000n\000\040\000V\000i\000s\000i\000\363\000n\000\040\000p\000o\000r\000\040\000C\000o\000m\000p\000u\000t\000a\000d\000o\000r\000a}{section.30}% 120
\BOOKMARK [1][-]{section.31}{\376\377\000R\000e\000d\000e\000s\000\040\000N\000e\000u\000r\000o\000n\000a\000l\000e\000s\000\040\000R\000e\000c\000u\000r\000r\000e\000n\000t\000e\000s\000\040\000\050\000R\000N\000N\000\051}{}% 121
\BOOKMARK [2][-]{subsection.31.1}{\376\377\000A\000r\000q\000u\000i\000t\000e\000c\000t\000u\000r\000a\000s\000\040\000d\000e\000\040\000R\000N\000N}{section.31}% 122
\BOOKMARK [2][-]{subsection.31.2}{\376\377\000L\000o\000n\000g\000\040\000S\000h\000o\000r\000t\000-\000T\000e\000r\000m\000\040\000M\000e\000m\000o\000r\000y\000\040\000\050\000L\000S\000T\000M\000\051}{section.31}% 123
\BOOKMARK [2][-]{subsection.31.3}{\376\377\000G\000a\000t\000e\000d\000\040\000R\000e\000c\000u\000r\000r\000e\000n\000t\000\040\000U\000n\000i\000t\000\040\000\050\000G\000R\000U\000\051}{section.31}% 124
\BOOKMARK [2][-]{subsection.31.4}{\376\377\000A\000p\000l\000i\000c\000a\000c\000i\000o\000n\000e\000s\000\040\000e\000n\000\040\000P\000r\000o\000c\000e\000s\000a\000m\000i\000e\000n\000t\000o\000\040\000d\000e\000\040\000L\000e\000n\000g\000u\000a\000j\000e\000\040\000N\000a\000t\000u\000r\000a\000l}{section.31}% 125
\BOOKMARK [1][-]{section.32}{\376\377\000R\000e\000d\000e\000s\000\040\000G\000e\000n\000e\000r\000a\000t\000i\000v\000a\000s}{}% 126
\BOOKMARK [2][-]{subsection.32.1}{\376\377\000G\000e\000n\000e\000r\000a\000t\000i\000v\000e\000\040\000A\000d\000v\000e\000r\000s\000a\000r\000i\000a\000l\000\040\000N\000e\000t\000w\000o\000r\000k\000s\000\040\000\050\000G\000A\000N\000\051}{section.32}% 127
\BOOKMARK [2][-]{subsection.32.2}{\376\377\000V\000a\000r\000i\000a\000t\000i\000o\000n\000a\000l\000\040\000A\000u\000t\000o\000e\000n\000c\000o\000d\000e\000r\000s\000\040\000\050\000V\000A\000E\000\051}{section.32}% 128
\BOOKMARK [2][-]{subsection.32.3}{\376\377\000A\000p\000l\000i\000c\000a\000c\000i\000o\000n\000e\000s\000\040\000e\000n\000\040\000G\000e\000n\000e\000r\000a\000c\000i\000\363\000n\000\040\000d\000e\000\040\000I\000m\000\341\000g\000e\000n\000e\000s\000\040\000y\000\040\000T\000e\000x\000t\000o}{section.32}% 129
\BOOKMARK [1][-]{section.33}{\376\377\000T\000r\000a\000n\000s\000f\000e\000r\000e\000n\000c\000i\000a\000\040\000d\000e\000\040\000A\000p\000r\000e\000n\000d\000i\000z\000a\000j\000e\000\040\000e\000n\000\040\000D\000e\000e\000p\000\040\000L\000e\000a\000r\000n\000i\000n\000g}{}% 130
\BOOKMARK [2][-]{subsection.33.1}{\376\377\000F\000i\000n\000e\000-\000T\000u\000n\000i\000n\000g\000\040\000d\000e\000\040\000M\000o\000d\000e\000l\000o\000s\000\040\000P\000r\000e\000e\000n\000t\000r\000e\000n\000a\000d\000o\000s}{section.33}% 131
\BOOKMARK [2][-]{subsection.33.2}{\376\377\000D\000o\000m\000a\000i\000n\000\040\000A\000d\000a\000p\000t\000a\000t\000i\000o\000n}{section.33}% 132
\BOOKMARK [2][-]{subsection.33.3}{\376\377\000M\000o\000d\000e\000l\000o\000s\000\040\000P\000r\000e\000e\000n\000t\000r\000e\000n\000a\000d\000o\000s\000\040\000c\000o\000m\000o\000\040\000B\000E\000R\000T\000,\000\040\000G\000P\000T}{section.33}% 133
\BOOKMARK [1][-]{section.34}{\376\377\000T\000\351\000c\000n\000i\000c\000a\000s\000\040\000A\000v\000a\000n\000z\000a\000d\000a\000s}{}% 134
\BOOKMARK [2][-]{subsection.34.1}{\376\377\000N\000o\000r\000m\000a\000l\000i\000z\000a\000c\000i\000\363\000n\000\040\000p\000o\000r\000\040\000L\000o\000t\000e\000s\000\040\000\050\000B\000a\000t\000c\000h\000\040\000N\000o\000r\000m\000a\000l\000i\000z\000a\000t\000i\000o\000n\000\051}{section.34}% 135
\BOOKMARK [2][-]{subsection.34.2}{\376\377\000D\000r\000o\000p\000o\000u\000t}{section.34}% 136
\BOOKMARK [2][-]{subsection.34.3}{\376\377\000R\000e\000d\000e\000s\000\040\000S\000i\000a\000m\000e\000s\000a\000s}{section.34}% 137
\BOOKMARK [2][-]{subsection.34.4}{\376\377\000R\000e\000d\000e\000s\000\040\000N\000e\000u\000r\000o\000n\000a\000l\000e\000s\000\040\000A\000d\000v\000e\000r\000s\000a\000r\000i\000a\000s\000\040\000C\000o\000n\000d\000i\000c\000i\000o\000n\000a\000l\000e\000s\000\040\000\050\000c\000G\000A\000N\000\051}{section.34}% 138
\BOOKMARK [1][-]{section.35}{\376\377\000H\000e\000r\000r\000a\000m\000i\000e\000n\000t\000a\000s\000\040\000y\000\040\000F\000r\000a\000m\000e\000w\000o\000r\000k\000s}{}% 139
\BOOKMARK [2][-]{subsection.35.1}{\376\377\000T\000e\000n\000s\000o\000r\000F\000l\000o\000w}{section.35}% 140
\BOOKMARK [2][-]{subsection.35.2}{\376\377\000P\000y\000T\000o\000r\000c\000h}{section.35}% 141
\BOOKMARK [2][-]{subsection.35.3}{\376\377\000K\000e\000r\000a\000s}{section.35}% 142
\BOOKMARK [2][-]{subsection.35.4}{\376\377\000T\000e\000n\000s\000o\000r\000B\000o\000a\000r\000d\000\040\000p\000a\000r\000a\000\040\000V\000i\000s\000u\000a\000l\000i\000z\000a\000c\000i\000\363\000n}{section.35}% 143
\BOOKMARK [1][-]{section.36}{\376\377\000A\000l\000g\000o\000r\000i\000t\000m\000o\000s\000\040\000d\000e\000\040\000A\000p\000r\000e\000n\000d\000i\000z\000a\000j\000e\000\040\000S\000u\000p\000e\000r\000v\000i\000s\000a\000d\000o}{}% 144
\BOOKMARK [2][-]{subsection.36.1}{\376\377\000R\000e\000g\000r\000e\000s\000i\000\363\000n\000\040\000L\000i\000n\000e\000a\000l\000\040\000y\000\040\000L\000o\000g\000\355\000s\000t\000i\000c\000a}{section.36}% 145
\BOOKMARK [3][-]{subsubsection.36.1.1}{\376\377\000R\000e\000g\000r\000e\000s\000i\000\363\000n\000\040\000L\000i\000n\000e\000a\000l}{subsection.36.1}% 146
\BOOKMARK [3][-]{subsubsection.36.1.2}{\376\377\000R\000e\000g\000r\000e\000s\000i\000\363\000n\000\040\000L\000o\000g\000\355\000s\000t\000i\000c\000a}{subsection.36.1}% 147
\BOOKMARK [3][-]{subsubsection.36.1.3}{\376\377\000I\000m\000p\000l\000e\000m\000e\000n\000t\000a\000c\000i\000o\000n}{subsection.36.1}% 148
\BOOKMARK [2][-]{subsection.36.2}{\376\377\000M\000\341\000q\000u\000i\000n\000a\000s\000\040\000d\000e\000\040\000S\000o\000p\000o\000r\000t\000e\000\040\000V\000e\000c\000t\000o\000r\000i\000a\000l\000\040\000\050\000S\000V\000M\000\051}{section.36}% 149
\BOOKMARK [3][-]{subsubsection.36.2.1}{\376\377\000E\000l\000e\000m\000e\000n\000t\000o\000s\000\040\000M\000a\000t\000e\000m\000\341\000t\000i\000c\000o\000s\000\040\000d\000e\000\040\000l\000a\000s\000\040\000S\000V\000M}{subsection.36.2}% 150
\BOOKMARK [2][-]{subsection.36.3}{\376\377\000\301\000r\000b\000o\000l\000e\000s\000\040\000d\000e\000\040\000D\000e\000c\000i\000s\000i\000\363\000n\000\040\000y\000\040\000B\000o\000s\000q\000u\000e\000s\000\040\000A\000l\000e\000a\000t\000o\000r\000i\000o\000s}{section.36}% 151
\BOOKMARK [3][-]{subsubsection.36.3.1}{\376\377\000B\000o\000s\000q\000u\000e\000s\000\040\000A\000l\000e\000a\000t\000o\000r\000i\000o\000s}{subsection.36.3}% 152
\BOOKMARK [3][-]{subsubsection.36.3.2}{\376\377\000E\000l\000e\000m\000e\000n\000t\000o\000s\000\040\000M\000a\000t\000e\000m\000\341\000t\000i\000c\000o\000s\000\040\000d\000e\000\040\000\301\000r\000b\000o\000l\000e\000s\000\040\000d\000e\000\040\000D\000e\000c\000i\000s\000i\000\363\000n}{subsection.36.3}% 153
\BOOKMARK [3][-]{subsubsection.36.3.3}{\376\377\000B\000o\000s\000q\000u\000e\000s\000\040\000A\000l\000e\000a\000t\000o\000r\000i\000o\000s}{subsection.36.3}% 154
\BOOKMARK [2][-]{subsection.36.4}{\376\377\000R\000e\000d\000e\000s\000\040\000N\000e\000u\000r\000o\000n\000a\000l\000e\000s}{section.36}% 155
\BOOKMARK [1][-]{section.37}{\376\377\000A\000p\000r\000e\000n\000d\000i\000z\000a\000j\000e\000\040\000N\000o\000\040\000S\000u\000p\000e\000r\000v\000i\000s\000a\000d\000o}{}% 156
\BOOKMARK [2][-]{subsection.37.1}{\376\377\000K\000-\000M\000e\000a\000n\000s\000\040\000y\000\040\000C\000l\000u\000s\000t\000e\000r\000i\000n\000g\000\040\000J\000e\000r\000\341\000r\000q\000u\000i\000c\000o}{section.37}% 157
\BOOKMARK [2][-]{subsection.37.2}{\376\377\000A\000n\000\341\000l\000i\000s\000i\000s\000\040\000d\000e\000\040\000C\000o\000m\000p\000o\000n\000e\000n\000t\000e\000s\000\040\000P\000r\000i\000n\000c\000i\000p\000a\000l\000e\000s\000\040\000\050\000P\000C\000A\000\051}{section.37}% 158
\BOOKMARK [2][-]{subsection.37.3}{\376\377\000A\000l\000g\000o\000r\000i\000t\000m\000o\000s\000\040\000d\000e\000\040\000A\000s\000o\000c\000i\000a\000c\000i\000\363\000n}{section.37}% 159
\BOOKMARK [2][-]{subsection.37.4}{\376\377\000M\000a\000p\000a\000s\000\040\000A\000u\000t\000o\000o\000r\000g\000a\000n\000i\000z\000a\000d\000o\000s\000\040\000\050\000S\000O\000M\000\051}{section.37}% 160
\BOOKMARK [1][-]{section.38}{\376\377\000E\000v\000a\000l\000u\000a\000c\000i\000\363\000n\000\040\000d\000e\000\040\000M\000o\000d\000e\000l\000o\000s\000\040\000y\000\040\000M\000\351\000t\000r\000i\000c\000a\000s}{}% 161
\BOOKMARK [2][-]{subsection.38.1}{\376\377\000P\000r\000e\000c\000i\000s\000i\000\363\000n\000,\000\040\000S\000e\000n\000s\000i\000b\000i\000l\000i\000d\000a\000d\000,\000\040\000E\000s\000p\000e\000c\000i\000f\000i\000c\000i\000d\000a\000d}{section.38}% 162
\BOOKMARK [2][-]{subsection.38.2}{\376\377\000C\000u\000r\000v\000a\000s\000\040\000R\000O\000C\000\040\000y\000\040\000\301\000r\000e\000a\000\040\000B\000a\000j\000o\000\040\000l\000a\000\040\000C\000u\000r\000v\000a\000\040\000\050\000A\000U\000C\000-\000R\000O\000C\000\051}{section.38}% 163
\BOOKMARK [2][-]{subsection.38.3}{\376\377\000M\000a\000t\000r\000i\000z\000\040\000d\000e\000\040\000C\000o\000n\000f\000u\000s\000i\000\363\000n}{section.38}% 164
\BOOKMARK [2][-]{subsection.38.4}{\376\377\000V\000a\000l\000i\000d\000a\000c\000i\000\363\000n\000\040\000C\000r\000u\000z\000a\000d\000a}{section.38}% 165
\BOOKMARK [1][-]{section.39}{\376\377\000P\000r\000e\000p\000r\000o\000c\000e\000s\000a\000m\000i\000e\000n\000t\000o\000\040\000d\000e\000\040\000D\000a\000t\000o\000s}{}% 166
\BOOKMARK [2][-]{subsection.39.1}{\376\377\000N\000o\000r\000m\000a\000l\000i\000z\000a\000c\000i\000\363\000n\000\040\000y\000\040\000E\000s\000t\000a\000n\000d\000a\000r\000i\000z\000a\000c\000i\000\363\000n}{section.39}% 167
\BOOKMARK [2][-]{subsection.39.2}{\376\377\000M\000a\000n\000e\000j\000o\000\040\000d\000e\000\040\000D\000a\000t\000o\000s\000\040\000F\000a\000l\000t\000a\000n\000t\000e\000s}{section.39}% 168
\BOOKMARK [2][-]{subsection.39.3}{\376\377\000I\000n\000g\000e\000n\000i\000e\000r\000\355\000a\000\040\000d\000e\000\040\000C\000a\000r\000a\000c\000t\000e\000r\000\355\000s\000t\000i\000c\000a\000s}{section.39}% 169
\BOOKMARK [2][-]{subsection.39.4}{\376\377\000S\000e\000l\000e\000c\000c\000i\000\363\000n\000\040\000d\000e\000\040\000C\000a\000r\000a\000c\000t\000e\000r\000\355\000s\000t\000i\000c\000a\000s}{section.39}% 170
\BOOKMARK [1][-]{section.40}{\376\377\000O\000p\000t\000i\000m\000i\000z\000a\000c\000i\000\363\000n\000\040\000d\000e\000\040\000M\000o\000d\000e\000l\000o\000s}{}% 171
\BOOKMARK [2][-]{subsection.40.1}{\376\377\000H\000i\000p\000e\000r\000p\000a\000r\000\341\000m\000e\000t\000r\000o\000s\000\040\000y\000\040\000B\000\372\000s\000q\000u\000e\000d\000a\000\040\000e\000n\000\040\000C\000u\000a\000d\000r\000\355\000c\000u\000l\000a}{section.40}% 172
\BOOKMARK [2][-]{subsection.40.2}{\376\377\000O\000p\000t\000i\000m\000i\000z\000a\000c\000i\000\363\000n\000\040\000B\000a\000y\000e\000s\000i\000a\000n\000a}{section.40}% 173
\BOOKMARK [2][-]{subsection.40.3}{\376\377\000R\000e\000g\000u\000l\000a\000r\000i\000z\000a\000c\000i\000\363\000n}{section.40}% 174
\BOOKMARK [2][-]{subsection.40.4}{\376\377\000R\000e\000d\000e\000s\000\040\000N\000e\000u\000r\000o\000n\000a\000l\000e\000s\000\040\000C\000o\000n\000v\000o\000l\000u\000c\000i\000o\000n\000a\000l\000e\000s\000\040\000\050\000C\000N\000N\000\051\000\040\000y\000\040\000R\000e\000c\000u\000r\000r\000e\000n\000t\000e\000s\000\040\000\050\000R\000N\000N\000\051}{section.40}% 175
\BOOKMARK [1][-]{section.41}{\376\377\000A\000p\000r\000e\000n\000d\000i\000z\000a\000j\000e\000\040\000p\000o\000r\000\040\000R\000e\000f\000u\000e\000r\000z\000o}{}% 176
\BOOKMARK [2][-]{subsection.41.1}{\376\377\000Q\000-\000L\000e\000a\000r\000n\000i\000n\000g}{section.41}% 177
\BOOKMARK [2][-]{subsection.41.2}{\376\377\000A\000l\000g\000o\000r\000i\000t\000m\000o\000s\000\040\000d\000e\000\040\000P\000o\000l\000\355\000t\000i\000c\000a\000s}{section.41}% 178
\BOOKMARK [2][-]{subsection.41.3}{\376\377\000E\000x\000p\000l\000o\000r\000a\000c\000i\000\363\000n\000\040\000y\000\040\000E\000x\000p\000l\000o\000t\000a\000c\000i\000\363\000n}{section.41}% 179
\BOOKMARK [2][-]{subsection.41.4}{\376\377\000F\000u\000n\000c\000i\000o\000n\000e\000s\000\040\000d\000e\000\040\000V\000a\000l\000o\000r}{section.41}% 180
\BOOKMARK [1][-]{section.42}{\376\377\000\311\000t\000i\000c\000a\000\040\000e\000n\000\040\000e\000l\000\040\000M\000a\000c\000h\000i\000n\000e\000\040\000L\000e\000a\000r\000n\000i\000n\000g}{}% 181
\BOOKMARK [2][-]{subsection.42.1}{\376\377\000S\000e\000s\000g\000o\000\040\000y\000\040\000E\000q\000u\000i\000d\000a\000d}{section.42}% 182
\BOOKMARK [2][-]{subsection.42.2}{\376\377\000T\000r\000a\000n\000s\000p\000a\000r\000e\000n\000c\000i\000a\000\040\000y\000\040\000E\000x\000p\000l\000i\000c\000a\000b\000i\000l\000i\000d\000a\000d}{section.42}% 183
\BOOKMARK [2][-]{subsection.42.3}{\376\377\000P\000r\000i\000v\000a\000c\000i\000d\000a\000d\000\040\000y\000\040\000S\000e\000g\000u\000r\000i\000d\000a\000d}{section.42}% 184
\BOOKMARK [2][-]{subsection.42.4}{\376\377\000R\000e\000s\000p\000o\000n\000s\000a\000b\000i\000l\000i\000d\000a\000d\000\040\000e\000n\000\040\000e\000l\000\040\000D\000e\000s\000p\000l\000i\000e\000g\000u\000e\000\040\000d\000e\000\040\000M\000o\000d\000e\000l\000o\000s}{section.42}% 185
\BOOKMARK [1][-]{section.43}{\376\377\000R\000e\000d\000e\000s\000\040\000N\000e\000u\000r\000o\000n\000a\000l\000e\000s\000\040\000P\000r\000o\000f\000u\000n\000d\000a\000s}{}% 186
\BOOKMARK [2][-]{subsection.43.1}{\376\377\000P\000e\000r\000c\000e\000p\000t\000r\000o\000n\000e\000s\000\040\000M\000u\000l\000t\000i\000c\000a\000p\000a\000\040\000\050\000M\000L\000P\000\051}{section.43}% 187
\BOOKMARK [2][-]{subsection.43.2}{\376\377\000F\000u\000n\000c\000i\000o\000n\000e\000s\000\040\000d\000e\000\040\000A\000c\000t\000i\000v\000a\000c\000i\000\363\000n\000:\000\040\000R\000e\000L\000U\000,\000\040\000S\000i\000g\000m\000o\000i\000d\000,\000\040\000T\000a\000n\000h}{section.43}% 188
\BOOKMARK [2][-]{subsection.43.3}{\376\377\000B\000a\000c\000k\000p\000r\000o\000p\000a\000g\000a\000t\000i\000o\000n}{section.43}% 189
\BOOKMARK [2][-]{subsection.43.4}{\376\377\000R\000e\000g\000u\000l\000a\000r\000i\000z\000a\000c\000i\000\363\000n\000\040\000e\000n\000\040\000R\000e\000d\000e\000s\000\040\000N\000e\000u\000r\000o\000n\000a\000l\000e\000s}{section.43}% 190
\BOOKMARK [1][-]{section.44}{\376\377\000R\000e\000d\000e\000s\000\040\000N\000e\000u\000r\000o\000n\000a\000l\000e\000s\000\040\000C\000o\000n\000v\000o\000l\000u\000c\000i\000o\000n\000a\000l\000e\000s\000\040\000\050\000C\000N\000N\000\051}{}% 191
\BOOKMARK [2][-]{subsection.44.1}{\376\377\000C\000o\000n\000v\000o\000l\000u\000t\000i\000o\000n\000a\000l\000\040\000L\000a\000y\000e\000r\000s}{section.44}% 192
\BOOKMARK [2][-]{subsection.44.2}{\376\377\000P\000o\000o\000l\000i\000n\000g\000\040\000L\000a\000y\000e\000r\000s}{section.44}% 193
\BOOKMARK [2][-]{subsection.44.3}{\376\377\000T\000r\000a\000n\000s\000f\000e\000r\000\040\000L\000e\000a\000r\000n\000i\000n\000g\000\040\000c\000o\000n\000\040\000C\000N\000N}{section.44}% 194
\BOOKMARK [2][-]{subsection.44.4}{\376\377\000A\000p\000l\000i\000c\000a\000c\000i\000o\000n\000e\000s\000\040\000e\000n\000\040\000V\000i\000s\000i\000\363\000n\000\040\000p\000o\000r\000\040\000C\000o\000m\000p\000u\000t\000a\000d\000o\000r\000a}{section.44}% 195
\BOOKMARK [1][-]{section.45}{\376\377\000R\000e\000d\000e\000s\000\040\000N\000e\000u\000r\000o\000n\000a\000l\000e\000s\000\040\000R\000e\000c\000u\000r\000r\000e\000n\000t\000e\000s\000\040\000\050\000R\000N\000N\000\051}{}% 196
\BOOKMARK [2][-]{subsection.45.1}{\376\377\000A\000r\000q\000u\000i\000t\000e\000c\000t\000u\000r\000a\000s\000\040\000d\000e\000\040\000R\000N\000N}{section.45}% 197
\BOOKMARK [2][-]{subsection.45.2}{\376\377\000L\000o\000n\000g\000\040\000S\000h\000o\000r\000t\000-\000T\000e\000r\000m\000\040\000M\000e\000m\000o\000r\000y\000\040\000\050\000L\000S\000T\000M\000\051}{section.45}% 198
\BOOKMARK [2][-]{subsection.45.3}{\376\377\000G\000a\000t\000e\000d\000\040\000R\000e\000c\000u\000r\000r\000e\000n\000t\000\040\000U\000n\000i\000t\000\040\000\050\000G\000R\000U\000\051}{section.45}% 199
\BOOKMARK [2][-]{subsection.45.4}{\376\377\000A\000p\000l\000i\000c\000a\000c\000i\000o\000n\000e\000s\000\040\000e\000n\000\040\000P\000r\000o\000c\000e\000s\000a\000m\000i\000e\000n\000t\000o\000\040\000d\000e\000\040\000L\000e\000n\000g\000u\000a\000j\000e\000\040\000N\000a\000t\000u\000r\000a\000l}{section.45}% 200
\BOOKMARK [1][-]{section.46}{\376\377\000R\000e\000d\000e\000s\000\040\000G\000e\000n\000e\000r\000a\000t\000i\000v\000a\000s}{}% 201
\BOOKMARK [2][-]{subsection.46.1}{\376\377\000G\000e\000n\000e\000r\000a\000t\000i\000v\000e\000\040\000A\000d\000v\000e\000r\000s\000a\000r\000i\000a\000l\000\040\000N\000e\000t\000w\000o\000r\000k\000s\000\040\000\050\000G\000A\000N\000\051}{section.46}% 202
\BOOKMARK [2][-]{subsection.46.2}{\376\377\000V\000a\000r\000i\000a\000t\000i\000o\000n\000a\000l\000\040\000A\000u\000t\000o\000e\000n\000c\000o\000d\000e\000r\000s\000\040\000\050\000V\000A\000E\000\051}{section.46}% 203
\BOOKMARK [2][-]{subsection.46.3}{\376\377\000A\000p\000l\000i\000c\000a\000c\000i\000o\000n\000e\000s\000\040\000e\000n\000\040\000G\000e\000n\000e\000r\000a\000c\000i\000\363\000n\000\040\000d\000e\000\040\000I\000m\000\341\000g\000e\000n\000e\000s\000\040\000y\000\040\000T\000e\000x\000t\000o}{section.46}% 204
\BOOKMARK [1][-]{section.47}{\376\377\000T\000r\000a\000n\000s\000f\000e\000r\000e\000n\000c\000i\000a\000\040\000d\000e\000\040\000A\000p\000r\000e\000n\000d\000i\000z\000a\000j\000e\000\040\000e\000n\000\040\000D\000e\000e\000p\000\040\000L\000e\000a\000r\000n\000i\000n\000g}{}% 205
\BOOKMARK [2][-]{subsection.47.1}{\376\377\000F\000i\000n\000e\000-\000T\000u\000n\000i\000n\000g\000\040\000d\000e\000\040\000M\000o\000d\000e\000l\000o\000s\000\040\000P\000r\000e\000e\000n\000t\000r\000e\000n\000a\000d\000o\000s}{section.47}% 206
\BOOKMARK [2][-]{subsection.47.2}{\376\377\000D\000o\000m\000a\000i\000n\000\040\000A\000d\000a\000p\000t\000a\000t\000i\000o\000n}{section.47}% 207
\BOOKMARK [2][-]{subsection.47.3}{\376\377\000M\000o\000d\000e\000l\000o\000s\000\040\000P\000r\000e\000e\000n\000t\000r\000e\000n\000a\000d\000o\000s\000\040\000c\000o\000m\000o\000\040\000B\000E\000R\000T\000,\000\040\000G\000P\000T}{section.47}% 208
\BOOKMARK [1][-]{section.48}{\376\377\000T\000\351\000c\000n\000i\000c\000a\000s\000\040\000A\000v\000a\000n\000z\000a\000d\000a\000s}{}% 209
\BOOKMARK [2][-]{subsection.48.1}{\376\377\000N\000o\000r\000m\000a\000l\000i\000z\000a\000c\000i\000\363\000n\000\040\000p\000o\000r\000\040\000L\000o\000t\000e\000s\000\040\000\050\000B\000a\000t\000c\000h\000\040\000N\000o\000r\000m\000a\000l\000i\000z\000a\000t\000i\000o\000n\000\051}{section.48}% 210
\BOOKMARK [2][-]{subsection.48.2}{\376\377\000D\000r\000o\000p\000o\000u\000t}{section.48}% 211
\BOOKMARK [2][-]{subsection.48.3}{\376\377\000R\000e\000d\000e\000s\000\040\000S\000i\000a\000m\000e\000s\000a\000s}{section.48}% 212
\BOOKMARK [2][-]{subsection.48.4}{\376\377\000R\000e\000d\000e\000s\000\040\000N\000e\000u\000r\000o\000n\000a\000l\000e\000s\000\040\000A\000d\000v\000e\000r\000s\000a\000r\000i\000a\000s\000\040\000C\000o\000n\000d\000i\000c\000i\000o\000n\000a\000l\000e\000s\000\040\000\050\000c\000G\000A\000N\000\051}{section.48}% 213
\BOOKMARK [1][-]{section.49}{\376\377\000H\000e\000r\000r\000a\000m\000i\000e\000n\000t\000a\000s\000\040\000y\000\040\000F\000r\000a\000m\000e\000w\000o\000r\000k\000s}{}% 214
\BOOKMARK [2][-]{subsection.49.1}{\376\377\000T\000e\000n\000s\000o\000r\000F\000l\000o\000w}{section.49}% 215
\BOOKMARK [2][-]{subsection.49.2}{\376\377\000P\000y\000T\000o\000r\000c\000h}{section.49}% 216
\BOOKMARK [2][-]{subsection.49.3}{\376\377\000K\000e\000r\000a\000s}{section.49}% 217
\BOOKMARK [2][-]{subsection.49.4}{\376\377\000T\000e\000n\000s\000o\000r\000B\000o\000a\000r\000d\000\040\000p\000a\000r\000a\000\040\000V\000i\000s\000u\000a\000l\000i\000z\000a\000c\000i\000\363\000n}{section.49}% 218
\BOOKMARK [1][-]{section.50}{\376\377\000I\000n\000t\000r\000o\000d\000u\000c\000c\000i\000\363\000n\000\040\000y\000\040\000a\000n\000t\000e\000c\000e\000d\000e\000n\000t\000e\000s}{}% 219
\BOOKMARK [2][-]{subsection.50.1}{\376\377\000A\000r\000t\000\355\000c\000u\000l\000o\000\040\0001\000:\000\040\000M\000a\000c\000h\000i\000n\000e\000\040\000L\000e\000a\000r\000n\000i\000n\000g\000\040\000i\000n\000\040\000E\000n\000z\000y\000m\000e\000\040\000E\000n\000g\000i\000n\000e\000e\000r\000i\000n\000g}{section.50}% 220
\BOOKMARK [2][-]{subsection.50.2}{\376\377\000T\000h\000e\000\040\000e\000s\000s\000e\000n\000c\000e\000\040\000o\000f\000\040\000M\000a\000c\000h\000i\000n\000e\000\040\000L\000e\000a\000r\000n\000i\000n\000g}{section.50}% 221
\BOOKMARK [2][-]{subsection.50.3}{\376\377\000B\000a\000s\000e\000s\000\040\000d\000e\000\040\000d\000a\000t\000o\000s\000\040\000r\000e\000l\000e\000v\000a\000n\000t\000e\000s\000\040\000a\000\040\000I\000n\000g\000e\000n\000i\000e\000r\000\355\000a\000\040\000d\000e\000\040\000E\000n\000z\000i\000m\000a}{section.50}% 222
\BOOKMARK [3][-]{subsubsection.50.3.1}{\376\377\000T\000h\000e\000\040\000S\000t\000a\000t\000e\000\040\000o\000f\000\040\000t\000h\000e\000\040\000A\000r\000t\000\040\000i\000n\000\040\000D\000a\000t\000a\000\040\000A\000c\000c\000u\000m\000u\000l\000a\000t\000i\000o\000n}{subsection.50.3}% 223
\BOOKMARK [3][-]{subsubsection.50.3.2}{\376\377\000C\000u\000r\000r\000e\000n\000t\000\040\000C\000h\000a\000l\000l\000e\000n\000g\000e\000s\000\040\000R\000e\000l\000a\000t\000e\000d\000\040\000t\000o\000\040\000D\000a\000t\000a\000b\000a\000s\000e\000s}{subsection.50.3}% 224
\BOOKMARK [3][-]{subsubsection.50.3.3}{\376\377\000E\000m\000e\000r\000g\000i\000n\000g\000\040\000M\000e\000t\000h\000o\000d\000s\000\040\000f\000o\000r\000\040\000H\000i\000g\000h\000-\000T\000h\000r\000o\000u\000g\000h\000p\000u\000t\000\040\000D\000a\000t\000a\000\040\000C\000o\000l\000l\000e\000c\000t\000i\000o\000n}{subsection.50.3}% 225
\BOOKMARK [2][-]{subsection.50.4}{\376\377\000M\000A\000C\000H\000I\000N\000E\000\040\000L\000E\000A\000R\000N\000I\000N\000G\000\040\000A\000P\000P\000L\000I\000C\000A\000T\000I\000O\000N\000S\000\040\000T\000O\000\040\000E\000N\000Z\000Y\000M\000E\000\040\000E\000N\000G\000I\000N\000E\000E\000R\000I\000N\000G}{section.50}% 226
\BOOKMARK [3][-]{subsubsection.50.4.1}{\376\377\000C\000u\000r\000r\000e\000n\000t\000\040\000C\000h\000a\000l\000l\000e\000n\000g\000e\000s\000\040\000R\000e\000l\000a\000t\000e\000d\000\040\000t\000o\000\040\000M\000L\000-\000A\000i\000d\000e\000d}{subsection.50.4}% 227
\BOOKMARK [2][-]{subsection.50.5}{\376\377\000E\000m\000e\000r\000g\000i\000n\000g\000\040\000T\000r\000e\000n\000d\000s\000\040\000i\000n\000\040\000M\000L\000-\000B\000a\000s\000e\000d\000\040\000M\000e\000t\000h\000o\000d\000s\000\040\000f\000o\000r\000\040\000E\000n\000z\000y\000m\000e\000\040\000E\000n\000g\000i\000n\000e\000e\000r\000i\000n\000g}{section.50}% 228
\BOOKMARK [1][-]{section.51}{\376\377\000A\000r\000t\000\355\000c\000u\000l\000o\000\040\0002\000:\000\040\000A\000\040\000g\000e\000n\000e\000r\000a\000l\000\040\000m\000o\000d\000e\000l\000\040\000t\000o\000\040\000p\000r\000e\000d\000i\000c\000t\000\040\000s\000m\000a\000l\000l\000\040\000m\000o\000l\000e\000c\000u\000l\000e\000\040\000s\000u\000b\000s\000t\000r\000a\000t\000e\000s\000\040\000o\000f\000\040\000e\000n\000z\000y\000m\000e\000s\000\040\000b\000a\000s\000e\000d\000\040\000o\000n\000\040\000m\000a\000c\000h\000i\000n\000e\000\040\000a\000n\000d\000\040\000d\000e\000e\000p\000\040\000l\000e\000a\000r\000n\000i\000n\000g}{}% 229
\BOOKMARK [2][-]{subsection.51.1}{\376\377\000A\000b\000o\000u\000t\000\040\000t\000h\000e\000\040\000e\000x\000i\000s\000t\000e\000n\000c\000e\000\040\000t\000e\000c\000h\000n\000i\000q\000u\000e\000s}{section.51}% 230
\BOOKMARK [2][-]{subsection.51.2}{\376\377\000A\000b\000o\000u\000t\000\040\000t\000h\000e\000\040\000M\000L\000\040\000t\000e\000c\000h\000n\000i\000q\000u\000e\000s}{section.51}% 231
\BOOKMARK [2][-]{subsection.51.3}{\376\377\000A\000b\000o\000u\000t\000\040\000t\000h\000e\000\040\000a\000p\000p\000r\000o\000u\000c\000h\000\040\000o\000f\000\040\000e\000x\000i\000s\000t\000i\000n\000g\000\040\000m\000o\000d\000e\000l\000s}{section.51}% 232
\BOOKMARK [2][-]{subsection.51.4}{\376\377\000A\000b\000o\000u\000t\000\040\000t\000h\000e\000\040\000w\000o\000r\000k\000\040\000i\000n\000\040\000t\000h\000i\000s\000\040\000a\000r\000t\000i\000c\000l\000e}{section.51}% 233
\BOOKMARK [2][-]{subsection.51.5}{\376\377\000A\000b\000o\000u\000t\000\040\000t\000h\000e\000\040\000o\000b\000t\000a\000i\000n\000e\000d\000\040\000r\000e\000s\000u\000l\000t\000s}{section.51}% 234
\BOOKMARK [1][-]{section.52}{\376\377\000A\000r\000t\000i\000c\000u\000l\000o\000:\000A\000d\000v\000a\000n\000c\000e\000s\000\040\000i\000n\000\040\000M\000a\000c\000h\000i\000n\000e\000\040\000L\000e\000a\000r\000n\000i\000n\000g\000\040\000f\000o\000r\000\040\000D\000i\000r\000e\000c\000t\000e\000d\000\040\000E\000v\000o\000l\000u\000t\000i\000o\000n\000\040}{}% 235
\BOOKMARK [1][-]{section.53}{\376\377\000I\000n\000t\000r\000o\000d\000u\000c\000c\000i\000\363\000n}{}% 236
\BOOKMARK [1][-]{section.54}{\376\377\000A\000p\000r\000e\000n\000d\000i\000z\000a\000j\000e\000\040\000A\000u\000t\000o\000m\000\341\000t\000i\000c\000o}{}% 237
\BOOKMARK [1][-]{section.55}{\376\377\000T\000i\000p\000o\000s\000\040\000d\000e\000\040\000A\000l\000g\000o\000r\000i\000t\000m\000o\000s\000\040\000d\000e\000\040\000A\000p\000r\000e\000n\000d\000i\000z\000a\000j\000e}{}% 238
\BOOKMARK [2][-]{subsection.55.1}{\376\377\000A\000p\000r\000e\000n\000d\000i\000z\000a\000j\000e\000\040\000S\000u\000p\000e\000r\000v\000i\000s\000a\000d\000o}{section.55}% 239
\BOOKMARK [2][-]{subsection.55.2}{\376\377\000A\000p\000r\000e\000n\000d\000i\000z\000a\000j\000e\000\040\000N\000o\000\040\000S\000u\000p\000e\000r\000v\000i\000s\000a\000d\000o}{section.55}% 240
\BOOKMARK [2][-]{subsection.55.3}{\376\377\000A\000p\000r\000e\000n\000d\000i\000z\000a\000j\000e\000\040\000p\000o\000r\000\040\000R\000e\000f\000u\000e\000r\000z\000o}{section.55}% 241
\BOOKMARK [2][-]{subsection.55.4}{\376\377\000S\000i\000s\000t\000e\000m\000a\000s\000\040\000d\000e\000\040\000R\000e\000c\000o\000m\000e\000n\000d\000a\000c\000i\000\363\000n}{section.55}% 242
\BOOKMARK [1][-]{section.56}{\376\377\000A\000p\000l\000i\000c\000a\000c\000i\000o\000n\000e\000s\000\040\000d\000e\000l\000\040\000A\000p\000r\000e\000n\000d\000i\000z\000a\000j\000e\000\040\000A\000u\000t\000o\000m\000\341\000t\000i\000c\000o}{}% 243
\BOOKMARK [2][-]{subsection.56.1}{\376\377\000A\000p\000r\000e\000n\000d\000i\000z\000a\000j\000e\000\040\000N\000o\000\040\000S\000u\000p\000e\000r\000v\000i\000s\000a\000d\000o}{section.56}% 244
\BOOKMARK [2][-]{subsection.56.2}{\376\377\000A\000p\000r\000e\000n\000d\000i\000z\000a\000j\000e\000\040\000S\000u\000p\000e\000r\000v\000i\000s\000a\000d\000o}{section.56}% 245
\BOOKMARK [2][-]{subsection.56.3}{\376\377\000S\000i\000s\000t\000e\000m\000a\000s\000\040\000d\000e\000\040\000R\000e\000c\000o\000m\000e\000n\000d\000a\000c\000i\000\363\000n}{section.56}% 246
\BOOKMARK [2][-]{subsection.56.4}{\376\377\000A\000p\000r\000e\000n\000d\000i\000z\000a\000j\000e\000\040\000p\000o\000r\000\040\000R\000e\000f\000u\000e\000r\000z\000o}{section.56}% 247
\BOOKMARK [1][-]{section.57}{\376\377\000I\000m\000p\000r\000e\000s\000i\000o\000n\000e\000s\000\040\000y\000\040\000P\000e\000r\000s\000p\000e\000c\000t\000i\000v\000a\000s}{}% 248
\BOOKMARK [1][-]{section.58}{\376\377\000C\000o\000n\000c\000l\000u\000s\000i\000\363\000n}{}% 249
\BOOKMARK [1][-]{section.59}{\376\377\000R\000e\000s\000u\000m\000e\000n}{}% 250
\BOOKMARK [1][-]{section.60}{\376\377\000I\000m\000p\000o\000r\000t\000a\000n\000c\000i\000a\000\040\000d\000e\000\040\000l\000a\000\040\000r\000e\000g\000r\000e\000s\000i\000\363\000n\000\040\000e\000n\000\040\000i\000n\000v\000e\000s\000t\000i\000g\000a\000c\000i\000\363\000n}{}% 251
\BOOKMARK [1][-]{section.61}{\376\377\000R\000e\000g\000r\000e\000s\000i\000\363\000n\000\040\000L\000o\000g\000\355\000s\000t\000i\000c\000a}{}% 252
\BOOKMARK [1][-]{section.62}{\376\377\000T\000r\000a\000n\000s\000f\000o\000r\000m\000a\000c\000i\000\363\000n\000\040\000l\000o\000g\000\355\000s\000t\000i\000c\000a\000\040\000y\000\040\000e\000l\000e\000c\000c\000i\000\363\000n\000\040\000d\000e\000\040\000v\000a\000r\000i\000a\000b\000l\000e\000s\000\040\000i\000n\000d\000e\000p\000e\000n\000d\000i\000e\000n\000t\000e\000s}{}% 253
\BOOKMARK [2][-]{subsection.62.1}{\376\377\000V\000a\000r\000i\000a\000b\000l\000e\000s\000\040\000i\000n\000d\000e\000p\000e\000n\000d\000i\000e\000n\000t\000e\000s}{section.62}% 254
\BOOKMARK [2][-]{subsection.62.2}{\376\377\000R\000e\000s\000u\000m\000e\000n}{section.62}% 255
\BOOKMARK [2][-]{subsection.62.3}{\376\377\000T\000i\000p\000o\000s\000\040\000d\000e\000\040\000r\000e\000g\000r\000e\000s\000i\000\363\000n\000\040\000y\000\040\000f\000u\000n\000d\000a\000m\000e\000n\000t\000o\000s\000\040\000d\000e\000\040\000l\000a\000\040\000r\000e\000g\000r\000e\000s\000i\000\363\000n\000\040\000l\000o\000g\000\355\000s\000t\000i\000c\000a}{section.62}% 256
\BOOKMARK [1][-]{section.63}{\376\377\000I\000m\000p\000o\000r\000t\000a\000n\000c\000i\000a\000\040\000d\000e\000\040\000l\000a\000\040\000r\000e\000g\000r\000e\000s\000i\000\363\000n\000\040\000e\000n\000\040\000i\000n\000v\000e\000s\000t\000i\000g\000a\000c\000i\000\363\000n}{}% 257
\BOOKMARK [1][-]{section.64}{\376\377\000R\000e\000g\000r\000e\000s\000i\000\363\000n\000\040\000L\000o\000g\000\355\000s\000t\000i\000c\000a}{}% 258
\BOOKMARK [1][-]{section.65}{\376\377\000T\000r\000a\000n\000s\000f\000o\000r\000m\000a\000c\000i\000\363\000n\000\040\000l\000o\000g\000\355\000s\000t\000i\000c\000a\000\040\000y\000\040\000e\000l\000e\000c\000c\000i\000\363\000n\000\040\000d\000e\000\040\000v\000a\000r\000i\000a\000b\000l\000e\000s\000\040\000i\000n\000d\000e\000p\000e\000n\000d\000i\000e\000n\000t\000e\000s}{}% 259
\BOOKMARK [2][-]{subsection.65.1}{\376\377\000V\000a\000r\000i\000a\000b\000l\000e\000s\000\040\000i\000n\000d\000e\000p\000e\000n\000d\000i\000e\000n\000t\000e\000s}{section.65}% 260
\BOOKMARK [2][-]{subsection.65.2}{\376\377\000E\000s\000t\000r\000a\000t\000e\000g\000i\000a\000s\000\040\000d\000e\000\040\000C\000o\000n\000s\000t\000r\000u\000c\000c\000i\000\363\000n\000\040\000d\000e\000l\000\040\000M\000o\000d\000e\000l\000o}{section.65}% 261
\BOOKMARK [2][-]{subsection.65.3}{\376\377\000V\000a\000l\000i\000d\000a\000c\000i\000\363\000n\000\040\000I\000n\000t\000e\000r\000n\000a\000\040\000y\000\040\000E\000x\000t\000e\000r\000n\000a\000\040\000d\000e\000l\000\040\000M\000o\000d\000e\000l\000o}{section.65}% 262
\BOOKMARK [2][-]{subsection.65.4}{\376\377\000I\000n\000t\000e\000r\000p\000r\000e\000t\000a\000c\000i\000\363\000n\000\040\000d\000e\000\040\000l\000o\000s\000\040\000R\000e\000s\000u\000l\000t\000a\000d\000o\000s\000\040\000d\000e\000l\000\040\000M\000o\000d\000e\000l\000o}{section.65}% 263
\BOOKMARK [1][-]{section.66}{\376\377\000F\000u\000n\000d\000a\000m\000e\000n\000t\000o\000s\000\040\000d\000e\000l\000\040\000M\000o\000d\000e\000l\000o\000\040\000d\000e\000\040\000R\000e\000g\000r\000e\000s\000i\000\363\000n\000\040\000L\000o\000g\000\355\000s\000t\000i\000c\000a}{}% 264
\BOOKMARK [1][-]{section.67}{\376\377\000D\000e\000s\000a\000r\000r\000o\000l\000l\000o\000\040\000M\000a\000t\000e\000m\000\341\000t\000i\000c\000o}{}% 265
\BOOKMARK [1][-]{section.68}{\376\377\000T\000e\000m\000a\000\040\000n\000u\000e\000v\000o}{}% 266
\BOOKMARK [1][-]{section.69}{\376\377\000I\000n\000t\000r\000o\000d\000u\000c\000c\000i\000\363\000n}{}% 267
\BOOKMARK [1][-]{section.70}{\376\377\000A\000p\000r\000e\000n\000d\000i\000z\000a\000j\000e\000\040\000A\000u\000t\000o\000m\000\341\000t\000i\000c\000o}{}% 268
\BOOKMARK [1][-]{section.71}{\376\377\000T\000i\000p\000o\000s\000\040\000d\000e\000\040\000A\000l\000g\000o\000r\000i\000t\000m\000o\000s\000\040\000d\000e\000\040\000A\000p\000r\000e\000n\000d\000i\000z\000a\000j\000e}{}% 269
\BOOKMARK [2][-]{subsection.71.1}{\376\377\000A\000p\000r\000e\000n\000d\000i\000z\000a\000j\000e\000\040\000S\000u\000p\000e\000r\000v\000i\000s\000a\000d\000o}{section.71}% 270
\BOOKMARK [2][-]{subsection.71.2}{\376\377\000A\000p\000r\000e\000n\000d\000i\000z\000a\000j\000e\000\040\000N\000o\000\040\000S\000u\000p\000e\000r\000v\000i\000s\000a\000d\000o}{section.71}% 271
\BOOKMARK [2][-]{subsection.71.3}{\376\377\000A\000p\000r\000e\000n\000d\000i\000z\000a\000j\000e\000\040\000p\000o\000r\000\040\000R\000e\000f\000u\000e\000r\000z\000o}{section.71}% 272
\BOOKMARK [2][-]{subsection.71.4}{\376\377\000S\000i\000s\000t\000e\000m\000a\000s\000\040\000d\000e\000\040\000R\000e\000c\000o\000m\000e\000n\000d\000a\000c\000i\000\363\000n}{section.71}% 273
\BOOKMARK [1][-]{section.72}{\376\377\000A\000p\000l\000i\000c\000a\000c\000i\000o\000n\000e\000s\000\040\000d\000e\000l\000\040\000A\000p\000r\000e\000n\000d\000i\000z\000a\000j\000e\000\040\000A\000u\000t\000o\000m\000\341\000t\000i\000c\000o}{}% 274
\BOOKMARK [2][-]{subsection.72.1}{\376\377\000A\000p\000r\000e\000n\000d\000i\000z\000a\000j\000e\000\040\000N\000o\000\040\000S\000u\000p\000e\000r\000v\000i\000s\000a\000d\000o}{section.72}% 275
\BOOKMARK [2][-]{subsection.72.2}{\376\377\000A\000p\000r\000e\000n\000d\000i\000z\000a\000j\000e\000\040\000S\000u\000p\000e\000r\000v\000i\000s\000a\000d\000o}{section.72}% 276
\BOOKMARK [2][-]{subsection.72.3}{\376\377\000S\000i\000s\000t\000e\000m\000a\000s\000\040\000d\000e\000\040\000R\000e\000c\000o\000m\000e\000n\000d\000a\000c\000i\000\363\000n}{section.72}% 277
\BOOKMARK [2][-]{subsection.72.4}{\376\377\000A\000p\000r\000e\000n\000d\000i\000z\000a\000j\000e\000\040\000p\000o\000r\000\040\000R\000e\000f\000u\000e\000r\000z\000o}{section.72}% 278
\BOOKMARK [1][-]{section.73}{\376\377\000I\000m\000p\000r\000e\000s\000i\000o\000n\000e\000s\000\040\000y\000\040\000P\000e\000r\000s\000p\000e\000c\000t\000i\000v\000a\000s}{}% 279
\BOOKMARK [1][-]{section.74}{\376\377\000C\000o\000n\000c\000l\000u\000s\000i\000\363\000n}{}% 280
