\BOOKMARK [0][-]{chapter.1}{\376\377\000C\000i\000e\000n\000c\000i\000a\000\040\000d\000e\000\040\000D\000a\000t\000o\000s\000\040\000y\000\040\000M\000a\000c\000h\000i\000n\000e\000\040\000L\000e\000a\000r\000n\000i\000n\000g}{}% 1
\BOOKMARK [1][-]{section.1.1}{\376\377\000A\000l\000g\000o\000r\000i\000t\000m\000o\000s\000\040\000d\000e\000\040\000A\000p\000r\000e\000n\000d\000i\000z\000a\000j\000e\000\040\000S\000u\000p\000e\000r\000v\000i\000s\000a\000d\000o}{chapter.1}% 2
\BOOKMARK [2][-]{subsection.1.1.1}{\376\377\000R\000e\000g\000r\000e\000s\000i\000\363\000n\000\040\000L\000i\000n\000e\000a\000l\000\040\000y\000\040\000L\000o\000g\000\355\000s\000t\000i\000c\000a}{section.1.1}% 3
\BOOKMARK [2][-]{subsection.1.1.2}{\376\377\000M\000\341\000q\000u\000i\000n\000a\000s\000\040\000d\000e\000\040\000S\000o\000p\000o\000r\000t\000e\000\040\000V\000e\000c\000t\000o\000r\000i\000a\000l\000\040\000\050\000S\000V\000M\000\051}{section.1.1}% 4
\BOOKMARK [2][-]{subsection.1.1.3}{\376\377\000\301\000r\000b\000o\000l\000e\000s\000\040\000d\000e\000\040\000D\000e\000c\000i\000s\000i\000\363\000n\000\040\000y\000\040\000B\000o\000s\000q\000u\000e\000s\000\040\000A\000l\000e\000a\000t\000o\000r\000i\000o\000s}{section.1.1}% 5
\BOOKMARK [2][-]{subsection.1.1.4}{\376\377\000R\000e\000d\000e\000s\000\040\000N\000e\000u\000r\000o\000n\000a\000l\000e\000s}{section.1.1}% 6
\BOOKMARK [1][-]{section.1.2}{\376\377\000A\000p\000r\000e\000n\000d\000i\000z\000a\000j\000e\000\040\000N\000o\000\040\000S\000u\000p\000e\000r\000v\000i\000s\000a\000d\000o}{chapter.1}% 7
\BOOKMARK [2][-]{subsection.1.2.1}{\376\377\000K\000-\000M\000e\000a\000n\000s\000\040\000y\000\040\000C\000l\000u\000s\000t\000e\000r\000i\000n\000g\000\040\000J\000e\000r\000\341\000r\000q\000u\000i\000c\000o}{section.1.2}% 8
\BOOKMARK [2][-]{subsection.1.2.2}{\376\377\000A\000n\000\341\000l\000i\000s\000i\000s\000\040\000d\000e\000\040\000C\000o\000m\000p\000o\000n\000e\000n\000t\000e\000s\000\040\000P\000r\000i\000n\000c\000i\000p\000a\000l\000e\000s\000\040\000\050\000P\000C\000A\000\051}{section.1.2}% 9
\BOOKMARK [2][-]{subsection.1.2.3}{\376\377\000A\000l\000g\000o\000r\000i\000t\000m\000o\000s\000\040\000d\000e\000\040\000A\000s\000o\000c\000i\000a\000c\000i\000\363\000n}{section.1.2}% 10
\BOOKMARK [2][-]{subsection.1.2.4}{\376\377\000M\000a\000p\000a\000s\000\040\000A\000u\000t\000o\000o\000r\000g\000a\000n\000i\000z\000a\000d\000o\000s\000\040\000\050\000S\000O\000M\000\051}{section.1.2}% 11
\BOOKMARK [1][-]{section.1.3}{\376\377\000E\000v\000a\000l\000u\000a\000c\000i\000\363\000n\000\040\000d\000e\000\040\000M\000o\000d\000e\000l\000o\000s\000\040\000y\000\040\000M\000\351\000t\000r\000i\000c\000a\000s}{chapter.1}% 12
\BOOKMARK [2][-]{subsection.1.3.1}{\376\377\000P\000r\000e\000c\000i\000s\000i\000\363\000n\000,\000\040\000S\000e\000n\000s\000i\000b\000i\000l\000i\000d\000a\000d\000,\000\040\000E\000s\000p\000e\000c\000i\000f\000i\000c\000i\000d\000a\000d}{section.1.3}% 13
\BOOKMARK [2][-]{subsection.1.3.2}{\376\377\000C\000u\000r\000v\000a\000s\000\040\000R\000O\000C\000\040\000y\000\040\000\301\000r\000e\000a\000\040\000B\000a\000j\000o\000\040\000l\000a\000\040\000C\000u\000r\000v\000a\000\040\000\050\000A\000U\000C\000-\000R\000O\000C\000\051}{section.1.3}% 14
\BOOKMARK [2][-]{subsection.1.3.3}{\376\377\000M\000a\000t\000r\000i\000z\000\040\000d\000e\000\040\000C\000o\000n\000f\000u\000s\000i\000\363\000n}{section.1.3}% 15
\BOOKMARK [2][-]{subsection.1.3.4}{\376\377\000V\000a\000l\000i\000d\000a\000c\000i\000\363\000n\000\040\000C\000r\000u\000z\000a\000d\000a}{section.1.3}% 16
\BOOKMARK [1][-]{section.1.4}{\376\377\000P\000r\000e\000p\000r\000o\000c\000e\000s\000a\000m\000i\000e\000n\000t\000o\000\040\000d\000e\000\040\000D\000a\000t\000o\000s}{chapter.1}% 17
\BOOKMARK [2][-]{subsection.1.4.1}{\376\377\000N\000o\000r\000m\000a\000l\000i\000z\000a\000c\000i\000\363\000n\000\040\000y\000\040\000E\000s\000t\000a\000n\000d\000a\000r\000i\000z\000a\000c\000i\000\363\000n}{section.1.4}% 18
\BOOKMARK [2][-]{subsection.1.4.2}{\376\377\000M\000a\000n\000e\000j\000o\000\040\000d\000e\000\040\000D\000a\000t\000o\000s\000\040\000F\000a\000l\000t\000a\000n\000t\000e\000s}{section.1.4}% 19
\BOOKMARK [2][-]{subsection.1.4.3}{\376\377\000I\000n\000g\000e\000n\000i\000e\000r\000\355\000a\000\040\000d\000e\000\040\000C\000a\000r\000a\000c\000t\000e\000r\000\355\000s\000t\000i\000c\000a\000s}{section.1.4}% 20
\BOOKMARK [2][-]{subsection.1.4.4}{\376\377\000S\000e\000l\000e\000c\000c\000i\000\363\000n\000\040\000d\000e\000\040\000C\000a\000r\000a\000c\000t\000e\000r\000\355\000s\000t\000i\000c\000a\000s}{section.1.4}% 21
\BOOKMARK [1][-]{section.1.5}{\376\377\000O\000p\000t\000i\000m\000i\000z\000a\000c\000i\000\363\000n\000\040\000d\000e\000\040\000M\000o\000d\000e\000l\000o\000s}{chapter.1}% 22
\BOOKMARK [2][-]{subsection.1.5.1}{\376\377\000H\000i\000p\000e\000r\000p\000a\000r\000\341\000m\000e\000t\000r\000o\000s\000\040\000y\000\040\000B\000\372\000s\000q\000u\000e\000d\000a\000\040\000e\000n\000\040\000C\000u\000a\000d\000r\000\355\000c\000u\000l\000a}{section.1.5}% 23
\BOOKMARK [2][-]{subsection.1.5.2}{\376\377\000O\000p\000t\000i\000m\000i\000z\000a\000c\000i\000\363\000n\000\040\000B\000a\000y\000e\000s\000i\000a\000n\000a}{section.1.5}% 24
\BOOKMARK [2][-]{subsection.1.5.3}{\376\377\000R\000e\000g\000u\000l\000a\000r\000i\000z\000a\000c\000i\000\363\000n}{section.1.5}% 25
\BOOKMARK [2][-]{subsection.1.5.4}{\376\377\000R\000e\000d\000e\000s\000\040\000N\000e\000u\000r\000o\000n\000a\000l\000e\000s\000\040\000C\000o\000n\000v\000o\000l\000u\000c\000i\000o\000n\000a\000l\000e\000s\000\040\000\050\000C\000N\000N\000\051\000\040\000y\000\040\000R\000e\000c\000u\000r\000r\000e\000n\000t\000e\000s\000\040\000\050\000R\000N\000N\000\051}{section.1.5}% 26
\BOOKMARK [1][-]{section.1.6}{\376\377\000A\000p\000r\000e\000n\000d\000i\000z\000a\000j\000e\000\040\000p\000o\000r\000\040\000R\000e\000f\000u\000e\000r\000z\000o}{chapter.1}% 27
\BOOKMARK [2][-]{subsection.1.6.1}{\376\377\000Q\000-\000L\000e\000a\000r\000n\000i\000n\000g}{section.1.6}% 28
\BOOKMARK [2][-]{subsection.1.6.2}{\376\377\000A\000l\000g\000o\000r\000i\000t\000m\000o\000s\000\040\000d\000e\000\040\000P\000o\000l\000\355\000t\000i\000c\000a\000s}{section.1.6}% 29
\BOOKMARK [2][-]{subsection.1.6.3}{\376\377\000E\000x\000p\000l\000o\000r\000a\000c\000i\000\363\000n\000\040\000y\000\040\000E\000x\000p\000l\000o\000t\000a\000c\000i\000\363\000n}{section.1.6}% 30
\BOOKMARK [2][-]{subsection.1.6.4}{\376\377\000F\000u\000n\000c\000i\000o\000n\000e\000s\000\040\000d\000e\000\040\000V\000a\000l\000o\000r}{section.1.6}% 31
\BOOKMARK [1][-]{section.1.7}{\376\377\000\311\000t\000i\000c\000a\000\040\000e\000n\000\040\000e\000l\000\040\000M\000a\000c\000h\000i\000n\000e\000\040\000L\000e\000a\000r\000n\000i\000n\000g}{chapter.1}% 32
\BOOKMARK [2][-]{subsection.1.7.1}{\376\377\000S\000e\000s\000g\000o\000\040\000y\000\040\000E\000q\000u\000i\000d\000a\000d}{section.1.7}% 33
\BOOKMARK [2][-]{subsection.1.7.2}{\376\377\000T\000r\000a\000n\000s\000p\000a\000r\000e\000n\000c\000i\000a\000\040\000y\000\040\000E\000x\000p\000l\000i\000c\000a\000b\000i\000l\000i\000d\000a\000d}{section.1.7}% 34
\BOOKMARK [2][-]{subsection.1.7.3}{\376\377\000P\000r\000i\000v\000a\000c\000i\000d\000a\000d\000\040\000y\000\040\000S\000e\000g\000u\000r\000i\000d\000a\000d}{section.1.7}% 35
\BOOKMARK [2][-]{subsection.1.7.4}{\376\377\000R\000e\000s\000p\000o\000n\000s\000a\000b\000i\000l\000i\000d\000a\000d\000\040\000e\000n\000\040\000e\000l\000\040\000D\000e\000s\000p\000l\000i\000e\000g\000u\000e\000\040\000d\000e\000\040\000M\000o\000d\000e\000l\000o\000s}{section.1.7}% 36
\BOOKMARK [0][-]{chapter.2}{\376\377\000G\000u\000\355\000a\000\040\000d\000e\000\040\000E\000s\000t\000u\000d\000i\000o\000\040\000d\000e\000\040\000D\000e\000e\000p\000\040\000L\000e\000a\000r\000n\000i\000n\000g}{}% 37
\BOOKMARK [1][-]{section.2.1}{\376\377\000R\000e\000d\000e\000s\000\040\000N\000e\000u\000r\000o\000n\000a\000l\000e\000s\000\040\000P\000r\000o\000f\000u\000n\000d\000a\000s}{chapter.2}% 38
\BOOKMARK [2][-]{subsection.2.1.1}{\376\377\000P\000e\000r\000c\000e\000p\000t\000r\000o\000n\000e\000s\000\040\000M\000u\000l\000t\000i\000c\000a\000p\000a\000\040\000\050\000M\000L\000P\000\051}{section.2.1}% 39
\BOOKMARK [2][-]{subsection.2.1.2}{\376\377\000F\000u\000n\000c\000i\000o\000n\000e\000s\000\040\000d\000e\000\040\000A\000c\000t\000i\000v\000a\000c\000i\000\363\000n\000:\000\040\000R\000e\000L\000U\000,\000\040\000S\000i\000g\000m\000o\000i\000d\000,\000\040\000T\000a\000n\000h}{section.2.1}% 40
\BOOKMARK [2][-]{subsection.2.1.3}{\376\377\000B\000a\000c\000k\000p\000r\000o\000p\000a\000g\000a\000t\000i\000o\000n}{section.2.1}% 41
\BOOKMARK [2][-]{subsection.2.1.4}{\376\377\000R\000e\000g\000u\000l\000a\000r\000i\000z\000a\000c\000i\000\363\000n\000\040\000e\000n\000\040\000R\000e\000d\000e\000s\000\040\000N\000e\000u\000r\000o\000n\000a\000l\000e\000s}{section.2.1}% 42
\BOOKMARK [1][-]{section.2.2}{\376\377\000R\000e\000d\000e\000s\000\040\000N\000e\000u\000r\000o\000n\000a\000l\000e\000s\000\040\000C\000o\000n\000v\000o\000l\000u\000c\000i\000o\000n\000a\000l\000e\000s\000\040\000\050\000C\000N\000N\000\051}{chapter.2}% 43
\BOOKMARK [2][-]{subsection.2.2.1}{\376\377\000C\000o\000n\000v\000o\000l\000u\000t\000i\000o\000n\000a\000l\000\040\000L\000a\000y\000e\000r\000s}{section.2.2}% 44
\BOOKMARK [2][-]{subsection.2.2.2}{\376\377\000P\000o\000o\000l\000i\000n\000g\000\040\000L\000a\000y\000e\000r\000s}{section.2.2}% 45
\BOOKMARK [2][-]{subsection.2.2.3}{\376\377\000T\000r\000a\000n\000s\000f\000e\000r\000\040\000L\000e\000a\000r\000n\000i\000n\000g\000\040\000c\000o\000n\000\040\000C\000N\000N}{section.2.2}% 46
\BOOKMARK [2][-]{subsection.2.2.4}{\376\377\000A\000p\000l\000i\000c\000a\000c\000i\000o\000n\000e\000s\000\040\000e\000n\000\040\000V\000i\000s\000i\000\363\000n\000\040\000p\000o\000r\000\040\000C\000o\000m\000p\000u\000t\000a\000d\000o\000r\000a}{section.2.2}% 47
\BOOKMARK [1][-]{section.2.3}{\376\377\000R\000e\000d\000e\000s\000\040\000N\000e\000u\000r\000o\000n\000a\000l\000e\000s\000\040\000R\000e\000c\000u\000r\000r\000e\000n\000t\000e\000s\000\040\000\050\000R\000N\000N\000\051}{chapter.2}% 48
\BOOKMARK [2][-]{subsection.2.3.1}{\376\377\000A\000r\000q\000u\000i\000t\000e\000c\000t\000u\000r\000a\000s\000\040\000d\000e\000\040\000R\000N\000N}{section.2.3}% 49
\BOOKMARK [2][-]{subsection.2.3.2}{\376\377\000L\000o\000n\000g\000\040\000S\000h\000o\000r\000t\000-\000T\000e\000r\000m\000\040\000M\000e\000m\000o\000r\000y\000\040\000\050\000L\000S\000T\000M\000\051}{section.2.3}% 50
\BOOKMARK [2][-]{subsection.2.3.3}{\376\377\000G\000a\000t\000e\000d\000\040\000R\000e\000c\000u\000r\000r\000e\000n\000t\000\040\000U\000n\000i\000t\000\040\000\050\000G\000R\000U\000\051}{section.2.3}% 51
\BOOKMARK [2][-]{subsection.2.3.4}{\376\377\000A\000p\000l\000i\000c\000a\000c\000i\000o\000n\000e\000s\000\040\000e\000n\000\040\000P\000r\000o\000c\000e\000s\000a\000m\000i\000e\000n\000t\000o\000\040\000d\000e\000\040\000L\000e\000n\000g\000u\000a\000j\000e\000\040\000N\000a\000t\000u\000r\000a\000l}{section.2.3}% 52
\BOOKMARK [1][-]{section.2.4}{\376\377\000R\000e\000d\000e\000s\000\040\000G\000e\000n\000e\000r\000a\000t\000i\000v\000a\000s}{chapter.2}% 53
\BOOKMARK [2][-]{subsection.2.4.1}{\376\377\000G\000e\000n\000e\000r\000a\000t\000i\000v\000e\000\040\000A\000d\000v\000e\000r\000s\000a\000r\000i\000a\000l\000\040\000N\000e\000t\000w\000o\000r\000k\000s\000\040\000\050\000G\000A\000N\000\051}{section.2.4}% 54
\BOOKMARK [2][-]{subsection.2.4.2}{\376\377\000V\000a\000r\000i\000a\000t\000i\000o\000n\000a\000l\000\040\000A\000u\000t\000o\000e\000n\000c\000o\000d\000e\000r\000s\000\040\000\050\000V\000A\000E\000\051}{section.2.4}% 55
\BOOKMARK [2][-]{subsection.2.4.3}{\376\377\000A\000p\000l\000i\000c\000a\000c\000i\000o\000n\000e\000s\000\040\000e\000n\000\040\000G\000e\000n\000e\000r\000a\000c\000i\000\363\000n\000\040\000d\000e\000\040\000I\000m\000\341\000g\000e\000n\000e\000s\000\040\000y\000\040\000T\000e\000x\000t\000o}{section.2.4}% 56
\BOOKMARK [1][-]{section.2.5}{\376\377\000T\000r\000a\000n\000s\000f\000e\000r\000e\000n\000c\000i\000a\000\040\000d\000e\000\040\000A\000p\000r\000e\000n\000d\000i\000z\000a\000j\000e\000\040\000e\000n\000\040\000D\000e\000e\000p\000\040\000L\000e\000a\000r\000n\000i\000n\000g}{chapter.2}% 57
\BOOKMARK [2][-]{subsection.2.5.1}{\376\377\000F\000i\000n\000e\000-\000T\000u\000n\000i\000n\000g\000\040\000d\000e\000\040\000M\000o\000d\000e\000l\000o\000s\000\040\000P\000r\000e\000e\000n\000t\000r\000e\000n\000a\000d\000o\000s}{section.2.5}% 58
\BOOKMARK [2][-]{subsection.2.5.2}{\376\377\000D\000o\000m\000a\000i\000n\000\040\000A\000d\000a\000p\000t\000a\000t\000i\000o\000n}{section.2.5}% 59
\BOOKMARK [2][-]{subsection.2.5.3}{\376\377\000M\000o\000d\000e\000l\000o\000s\000\040\000P\000r\000e\000e\000n\000t\000r\000e\000n\000a\000d\000o\000s\000\040\000c\000o\000m\000o\000\040\000B\000E\000R\000T\000,\000\040\000G\000P\000T}{section.2.5}% 60
\BOOKMARK [1][-]{section.2.6}{\376\377\000T\000\351\000c\000n\000i\000c\000a\000s\000\040\000A\000v\000a\000n\000z\000a\000d\000a\000s}{chapter.2}% 61
\BOOKMARK [2][-]{subsection.2.6.1}{\376\377\000N\000o\000r\000m\000a\000l\000i\000z\000a\000c\000i\000\363\000n\000\040\000p\000o\000r\000\040\000L\000o\000t\000e\000s\000\040\000\050\000B\000a\000t\000c\000h\000\040\000N\000o\000r\000m\000a\000l\000i\000z\000a\000t\000i\000o\000n\000\051}{section.2.6}% 62
\BOOKMARK [2][-]{subsection.2.6.2}{\376\377\000D\000r\000o\000p\000o\000u\000t}{section.2.6}% 63
\BOOKMARK [2][-]{subsection.2.6.3}{\376\377\000R\000e\000d\000e\000s\000\040\000S\000i\000a\000m\000e\000s\000a\000s}{section.2.6}% 64
\BOOKMARK [2][-]{subsection.2.6.4}{\376\377\000R\000e\000d\000e\000s\000\040\000N\000e\000u\000r\000o\000n\000a\000l\000e\000s\000\040\000A\000d\000v\000e\000r\000s\000a\000r\000i\000a\000s\000\040\000C\000o\000n\000d\000i\000c\000i\000o\000n\000a\000l\000e\000s\000\040\000\050\000c\000G\000A\000N\000\051}{section.2.6}% 65
\BOOKMARK [1][-]{section.2.7}{\376\377\000H\000e\000r\000r\000a\000m\000i\000e\000n\000t\000a\000s\000\040\000y\000\040\000F\000r\000a\000m\000e\000w\000o\000r\000k\000s}{chapter.2}% 66
\BOOKMARK [2][-]{subsection.2.7.1}{\376\377\000T\000e\000n\000s\000o\000r\000F\000l\000o\000w}{section.2.7}% 67
\BOOKMARK [2][-]{subsection.2.7.2}{\376\377\000P\000y\000T\000o\000r\000c\000h}{section.2.7}% 68
\BOOKMARK [2][-]{subsection.2.7.3}{\376\377\000K\000e\000r\000a\000s}{section.2.7}% 69
\BOOKMARK [2][-]{subsection.2.7.4}{\376\377\000T\000e\000n\000s\000o\000r\000B\000o\000a\000r\000d\000\040\000p\000a\000r\000a\000\040\000V\000i\000s\000u\000a\000l\000i\000z\000a\000c\000i\000\363\000n}{section.2.7}% 70
