This is pdfTeX, Version 3.141592653-2.6-1.40.26 (TeX Live 2024) (preloaded format=pdflatex 2024.11.10)  12 MAY 2025 11:45
entering extended mode
 restricted \write18 enabled.
 file:line:error style messages enabled.
 %&-line parsing enabled.
**RegresionLogistica_Preliminar_aumentado-copia.tex
(./RegresionLogistica_Preliminar_aumentado-copia.tex
LaTeX2e <2023-11-01> patch level 1
L3 programming layer <2024-02-20>
(/usr/local/texlive/2024/texmf-dist/tex/latex/base/report.cls
Document Class: report 2023/05/17 v1.4n Standard LaTeX document class
(/usr/local/texlive/2024/texmf-dist/tex/latex/base/size12.clo
File: size12.clo 2023/05/17 v1.4n Standard LaTeX file (size option)
)
\c@part=\count188
\c@chapter=\count189
\c@section=\count190
\c@subsection=\count191
\c@subsubsection=\count192
\c@paragraph=\count193
\c@subparagraph=\count194
\c@figure=\count195
\c@table=\count196
\abovecaptionskip=\skip48
\belowcaptionskip=\skip49
\bibindent=\dimen140
)
(/usr/local/texlive/2024/texmf-dist/tex/latex/base/inputenc.sty
Package: inputenc 2021/02/14 v1.3d Input encoding file
\inpenc@prehook=\toks17
\inpenc@posthook=\toks18
)
(/usr/local/texlive/2024/texmf-dist/tex/latex/amsmath/amsmath.sty
Package: amsmath 2023/05/13 v2.17o AMS math features
\@mathmargin=\skip50

For additional information on amsmath, use the `?' option.
(/usr/local/texlive/2024/texmf-dist/tex/latex/amsmath/amstext.sty
Package: amstext 2021/08/26 v2.01 AMS text

(/usr/local/texlive/2024/texmf-dist/tex/latex/amsmath/amsgen.sty
File: amsgen.sty 1999/11/30 v2.0 generic functions
\@emptytoks=\toks19
\ex@=\dimen141
))
(/usr/local/texlive/2024/texmf-dist/tex/latex/amsmath/amsbsy.sty
Package: amsbsy 1999/11/29 v1.2d Bold Symbols
\pmbraise@=\dimen142
)
(/usr/local/texlive/2024/texmf-dist/tex/latex/amsmath/amsopn.sty
Package: amsopn 2022/04/08 v2.04 operator names
)
\inf@bad=\count197
LaTeX Info: Redefining \frac on input line 234.
\uproot@=\count198
\leftroot@=\count199
LaTeX Info: Redefining \overline on input line 399.
LaTeX Info: Redefining \colon on input line 410.
\classnum@=\count266
\DOTSCASE@=\count267
LaTeX Info: Redefining \ldots on input line 496.
LaTeX Info: Redefining \dots on input line 499.
LaTeX Info: Redefining \cdots on input line 620.
\Mathstrutbox@=\box51
\strutbox@=\box52
LaTeX Info: Redefining \big on input line 722.
LaTeX Info: Redefining \Big on input line 723.
LaTeX Info: Redefining \bigg on input line 724.
LaTeX Info: Redefining \Bigg on input line 725.
\big@size=\dimen143
LaTeX Font Info:    Redeclaring font encoding OML on input line 743.
LaTeX Font Info:    Redeclaring font encoding OMS on input line 744.
\macc@depth=\count268
LaTeX Info: Redefining \bmod on input line 905.
LaTeX Info: Redefining \pmod on input line 910.
LaTeX Info: Redefining \smash on input line 940.
LaTeX Info: Redefining \relbar on input line 970.
LaTeX Info: Redefining \Relbar on input line 971.
\c@MaxMatrixCols=\count269
\dotsspace@=\muskip16
\c@parentequation=\count270
\dspbrk@lvl=\count271
\tag@help=\toks20
\row@=\count272
\column@=\count273
\maxfields@=\count274
\andhelp@=\toks21
\eqnshift@=\dimen144
\alignsep@=\dimen145
\tagshift@=\dimen146
\tagwidth@=\dimen147
\totwidth@=\dimen148
\lineht@=\dimen149
\@envbody=\toks22
\multlinegap=\skip51
\multlinetaggap=\skip52
\mathdisplay@stack=\toks23
LaTeX Info: Redefining \[ on input line 2953.
LaTeX Info: Redefining \] on input line 2954.
)
(/usr/local/texlive/2024/texmf-dist/tex/latex/amsfonts/amssymb.sty
Package: amssymb 2013/01/14 v3.01 AMS font symbols

(/usr/local/texlive/2024/texmf-dist/tex/latex/amsfonts/amsfonts.sty
Package: amsfonts 2013/01/14 v3.01 Basic AMSFonts support
\symAMSa=\mathgroup4
\symAMSb=\mathgroup5
LaTeX Font Info:    Redeclaring math symbol \hbar on input line 98.
LaTeX Font Info:    Overwriting math alphabet `\mathfrak' in version `bold'
(Font)                  U/euf/m/n --> U/euf/b/n on input line 106.
))
(/usr/local/texlive/2024/texmf-dist/tex/latex/amscls/amsthm.sty
Package: amsthm 2020/05/29 v2.20.6
\thm@style=\toks24
\thm@bodyfont=\toks25
\thm@headfont=\toks26
\thm@notefont=\toks27
\thm@headpunct=\toks28
\thm@preskip=\skip53
\thm@postskip=\skip54
\thm@headsep=\skip55
\dth@everypar=\toks29
)
(/usr/local/texlive/2024/texmf-dist/tex/latex/hyperref/hyperref.sty
Package: hyperref 2024-01-20 v7.01h Hypertext links for LaTeX

(/usr/local/texlive/2024/texmf-dist/tex/generic/iftex/iftex.sty
Package: iftex 2022/02/03 v1.0f TeX engine tests
)
(/usr/local/texlive/2024/texmf-dist/tex/latex/graphics/keyval.sty
Package: keyval 2022/05/29 v1.15 key=value parser (DPC)
\KV@toks@=\toks30
)
(/usr/local/texlive/2024/texmf-dist/tex/latex/kvsetkeys/kvsetkeys.sty
Package: kvsetkeys 2022-10-05 v1.19 Key value parser (HO)
)
(/usr/local/texlive/2024/texmf-dist/tex/generic/kvdefinekeys/kvdefinekeys.sty
Package: kvdefinekeys 2019-12-19 v1.6 Define keys (HO)
)
(/usr/local/texlive/2024/texmf-dist/tex/generic/pdfescape/pdfescape.sty
Package: pdfescape 2019/12/09 v1.15 Implements pdfTeX's escape features (HO)

(/usr/local/texlive/2024/texmf-dist/tex/generic/ltxcmds/ltxcmds.sty
Package: ltxcmds 2023-12-04 v1.26 LaTeX kernel commands for general use (HO)
)
(/usr/local/texlive/2024/texmf-dist/tex/generic/pdftexcmds/pdftexcmds.sty
Package: pdftexcmds 2020-06-27 v0.33 Utility functions of pdfTeX for LuaTeX (HO
)

(/usr/local/texlive/2024/texmf-dist/tex/generic/infwarerr/infwarerr.sty
Package: infwarerr 2019/12/03 v1.5 Providing info/warning/error messages (HO)
)
Package pdftexcmds Info: \pdf@primitive is available.
Package pdftexcmds Info: \pdf@ifprimitive is available.
Package pdftexcmds Info: \pdfdraftmode found.
))
(/usr/local/texlive/2024/texmf-dist/tex/latex/hycolor/hycolor.sty
Package: hycolor 2020-01-27 v1.10 Color options for hyperref/bookmark (HO)
)
(/usr/local/texlive/2024/texmf-dist/tex/latex/auxhook/auxhook.sty
Package: auxhook 2019-12-17 v1.6 Hooks for auxiliary files (HO)
)
(/usr/local/texlive/2024/texmf-dist/tex/latex/hyperref/nameref.sty
Package: nameref 2023-11-26 v2.56 Cross-referencing by name of section

(/usr/local/texlive/2024/texmf-dist/tex/latex/refcount/refcount.sty
Package: refcount 2019/12/15 v3.6 Data extraction from label references (HO)
)
(/usr/local/texlive/2024/texmf-dist/tex/generic/gettitlestring/gettitlestring.s
ty
Package: gettitlestring 2019/12/15 v1.6 Cleanup title references (HO)
 (/usr/local/texlive/2024/texmf-dist/tex/latex/kvoptions/kvoptions.sty
Package: kvoptions 2022-06-15 v3.15 Key value format for package options (HO)
))
\c@section@level=\count275
)
(/usr/local/texlive/2024/texmf-dist/tex/latex/etoolbox/etoolbox.sty
Package: etoolbox 2020/10/05 v2.5k e-TeX tools for LaTeX (JAW)
\etb@tempcnta=\count276
)
\@linkdim=\dimen150
\Hy@linkcounter=\count277
\Hy@pagecounter=\count278

(/usr/local/texlive/2024/texmf-dist/tex/latex/hyperref/pd1enc.def
File: pd1enc.def 2024-01-20 v7.01h Hyperref: PDFDocEncoding definition (HO)
Now handling font encoding PD1 ...
... no UTF-8 mapping file for font encoding PD1
)
(/usr/local/texlive/2024/texmf-dist/tex/generic/intcalc/intcalc.sty
Package: intcalc 2019/12/15 v1.3 Expandable calculations with integers (HO)
)
\Hy@SavedSpaceFactor=\count279

(/usr/local/texlive/2024/texmf-dist/tex/latex/hyperref/puenc.def
File: puenc.def 2024-01-20 v7.01h Hyperref: PDF Unicode definition (HO)
Now handling font encoding PU ...
... no UTF-8 mapping file for font encoding PU
)
Package hyperref Info: Hyper figures OFF on input line 4179.
Package hyperref Info: Link nesting OFF on input line 4184.
Package hyperref Info: Hyper index ON on input line 4187.
Package hyperref Info: Plain pages OFF on input line 4194.
Package hyperref Info: Backreferencing OFF on input line 4199.
Package hyperref Info: Implicit mode ON; LaTeX internals redefined.
Package hyperref Info: Bookmarks ON on input line 4446.
\c@Hy@tempcnt=\count280

(/usr/local/texlive/2024/texmf-dist/tex/latex/url/url.sty
\Urlmuskip=\muskip17
Package: url 2013/09/16  ver 3.4  Verb mode for urls, etc.
)
LaTeX Info: Redefining \url on input line 4784.
\XeTeXLinkMargin=\dimen151

(/usr/local/texlive/2024/texmf-dist/tex/generic/bitset/bitset.sty
Package: bitset 2019/12/09 v1.3 Handle bit-vector datatype (HO)

(/usr/local/texlive/2024/texmf-dist/tex/generic/bigintcalc/bigintcalc.sty
Package: bigintcalc 2019/12/15 v1.5 Expandable calculations on big integers (HO
)
))
\Fld@menulength=\count281
\Field@Width=\dimen152
\Fld@charsize=\dimen153
Package hyperref Info: Hyper figures OFF on input line 6063.
Package hyperref Info: Link nesting OFF on input line 6068.
Package hyperref Info: Hyper index ON on input line 6071.
Package hyperref Info: backreferencing OFF on input line 6078.
Package hyperref Info: Link coloring OFF on input line 6083.
Package hyperref Info: Link coloring with OCG OFF on input line 6088.
Package hyperref Info: PDF/A mode OFF on input line 6093.

(/usr/local/texlive/2024/texmf-dist/tex/latex/base/atbegshi-ltx.sty
Package: atbegshi-ltx 2021/01/10 v1.0c Emulation of the original atbegshi
package with kernel methods
)
\Hy@abspage=\count282
\c@Item=\count283
\c@Hfootnote=\count284
)
Package hyperref Info: Driver (autodetected): hpdftex.

(/usr/local/texlive/2024/texmf-dist/tex/latex/hyperref/hpdftex.def
File: hpdftex.def 2024-01-20 v7.01h Hyperref driver for pdfTeX

(/usr/local/texlive/2024/texmf-dist/tex/latex/base/atveryend-ltx.sty
Package: atveryend-ltx 2020/08/19 v1.0a Emulation of the original atveryend pac
kage
with kernel methods
)
\Fld@listcount=\count285
\c@bookmark@seq@number=\count286

(/usr/local/texlive/2024/texmf-dist/tex/latex/rerunfilecheck/rerunfilecheck.sty
Package: rerunfilecheck 2022-07-10 v1.10 Rerun checks for auxiliary files (HO)

(/usr/local/texlive/2024/texmf-dist/tex/generic/uniquecounter/uniquecounter.sty
Package: uniquecounter 2019/12/15 v1.4 Provide unlimited unique counter (HO)
)
Package uniquecounter Info: New unique counter `rerunfilecheck' on input line 2
85.
)
\Hy@SectionHShift=\skip56
) (/usr/local/texlive/2024/texmf-dist/tex/latex/fancyhdr/fancyhdr.sty
Package: fancyhdr 2022/11/09 v4.1 Extensive control of page headers and footers

\f@nch@headwidth=\skip57
\f@nch@O@elh=\skip58
\f@nch@O@erh=\skip59
\f@nch@O@olh=\skip60
\f@nch@O@orh=\skip61
\f@nch@O@elf=\skip62
\f@nch@O@erf=\skip63
\f@nch@O@olf=\skip64
\f@nch@O@orf=\skip65
)
(/usr/local/texlive/2024/texmf-dist/tex/latex/titlesec/titlesec.sty
Package: titlesec 2023/10/27 v2.16 Sectioning titles
\ttl@box=\box53
\beforetitleunit=\skip66
\aftertitleunit=\skip67
\ttl@plus=\dimen154
\ttl@minus=\dimen155
\ttl@toksa=\toks31
\titlewidth=\dimen156
\titlewidthlast=\dimen157
\titlewidthfirst=\dimen158
)
(/usr/local/texlive/2024/texmf-dist/tex/latex/listings/listings.sty
\lst@mode=\count287
\lst@gtempboxa=\box54
\lst@token=\toks32
\lst@length=\count288
\lst@currlwidth=\dimen159
\lst@column=\count289
\lst@pos=\count290
\lst@lostspace=\dimen160
\lst@width=\dimen161
\lst@newlines=\count291
\lst@lineno=\count292
\lst@maxwidth=\dimen162

(/usr/local/texlive/2024/texmf-dist/tex/latex/listings/lstpatch.sty
File: lstpatch.sty 2024/02/21 1.10 (Carsten Heinz)
)
(/usr/local/texlive/2024/texmf-dist/tex/latex/listings/lstmisc.sty
File: lstmisc.sty 2024/02/21 1.10 (Carsten Heinz)
\c@lstnumber=\count293
\lst@skipnumbers=\count294
\lst@framebox=\box55
)
(/usr/local/texlive/2024/texmf-dist/tex/latex/listings/listings.cfg
File: listings.cfg 2024/02/21 1.10 listings configuration
))
Package: listings 2024/02/21 1.10 (Carsten Heinz)

(/usr/local/texlive/2024/texmf-dist/tex/latex/graphics/graphicx.sty
Package: graphicx 2021/09/16 v1.2d Enhanced LaTeX Graphics (DPC,SPQR)

(/usr/local/texlive/2024/texmf-dist/tex/latex/graphics/graphics.sty
Package: graphics 2022/03/10 v1.4e Standard LaTeX Graphics (DPC,SPQR)

(/usr/local/texlive/2024/texmf-dist/tex/latex/graphics/trig.sty
Package: trig 2021/08/11 v1.11 sin cos tan (DPC)
)
(/usr/local/texlive/2024/texmf-dist/tex/latex/graphics-cfg/graphics.cfg
File: graphics.cfg 2016/06/04 v1.11 sample graphics configuration
)
Package graphics Info: Driver file: pdftex.def on input line 107.

(/usr/local/texlive/2024/texmf-dist/tex/latex/graphics-def/pdftex.def
File: pdftex.def 2022/09/22 v1.2b Graphics/color driver for pdftex
))
\Gin@req@height=\dimen163
\Gin@req@width=\dimen164
)
(/usr/local/texlive/2024/texmf-dist/tex/latex/tools/multicol.sty
Package: multicol 2023/03/30 v1.9f multicolumn formatting (FMi)
\c@tracingmulticols=\count295
\mult@box=\box56
\multicol@leftmargin=\dimen165
\c@unbalance=\count296
\c@collectmore=\count297
\doublecol@number=\count298
\multicoltolerance=\count299
\multicolpretolerance=\count300
\full@width=\dimen166
\page@free=\dimen167
\premulticols=\dimen168
\postmulticols=\dimen169
\multicolsep=\skip68
\multicolbaselineskip=\skip69
\partial@page=\box57
\last@line=\box58
\mc@boxedresult=\box59
\maxbalancingoverflow=\dimen170
\mult@rightbox=\box60
\mult@grightbox=\box61
\mult@firstbox=\box62
\mult@gfirstbox=\box63
\@tempa=\box64
\@tempa=\box65
\@tempa=\box66
\@tempa=\box67
\@tempa=\box68
\@tempa=\box69
\@tempa=\box70
\@tempa=\box71
\@tempa=\box72
\@tempa=\box73
\@tempa=\box74
\@tempa=\box75
\@tempa=\box76
\@tempa=\box77
\@tempa=\box78
\@tempa=\box79
\@tempa=\box80
\@tempa=\box81
\@tempa=\box82
\@tempa=\box83
\@tempa=\box84
\@tempa=\box85
\@tempa=\box86
\@tempa=\box87
\@tempa=\box88
\@tempa=\box89
\@tempa=\box90
\@tempa=\box91
\@tempa=\box92
\@tempa=\box93
\@tempa=\box94
\@tempa=\box95
\@tempa=\box96
\@tempa=\box97
\@tempa=\box98
\@tempa=\box99
\c@minrows=\count301
\c@columnbadness=\count302
\c@finalcolumnbadness=\count303
\last@try=\dimen171
\multicolovershoot=\dimen172
\multicolundershoot=\dimen173
\mult@nat@firstbox=\box100
\colbreak@box=\box101
\mc@col@check@num=\count304
)
(/usr/local/texlive/2024/texmf-dist/tex/latex/multirow/multirow.sty
Package: multirow 2021/03/15 v2.8 Span multiple rows of a table
\multirow@colwidth=\skip70
\multirow@cntb=\count305
\multirow@dima=\skip71
\bigstrutjot=\dimen174
)
(/usr/local/texlive/2024/texmf-dist/tex/latex/graphics/color.sty
Package: color 2022/01/06 v1.3d Standard LaTeX Color (DPC)

(/usr/local/texlive/2024/texmf-dist/tex/latex/graphics-cfg/color.cfg
File: color.cfg 2016/01/02 v1.6 sample color configuration
)
Package color Info: Driver file: pdftex.def on input line 149.

(/usr/local/texlive/2024/texmf-dist/tex/latex/graphics/mathcolor.ltx))
(/usr/local/texlive/2024/texmf-dist/tex/latex/float/float.sty
Package: float 2001/11/08 v1.3d Float enhancements (AL)
\c@float@type=\count306
\float@exts=\toks33
\float@box=\box102
\@float@everytoks=\toks34
\@floatcapt=\box103
)
(/usr/local/texlive/2024/texmf-dist/tex/latex/subfig/subfig.sty
Package: subfig 2005/06/28 ver: 1.3 subfig package

(/usr/local/texlive/2024/texmf-dist/tex/latex/caption/caption.sty
Package: caption 2023/08/05 v3.6o Customizing captions (AR)

(/usr/local/texlive/2024/texmf-dist/tex/latex/caption/caption3.sty
Package: caption3 2023/07/31 v2.4d caption3 kernel (AR)
\caption@tempdima=\dimen175
\captionmargin=\dimen176
\caption@leftmargin=\dimen177
\caption@rightmargin=\dimen178
\caption@width=\dimen179
\caption@indent=\dimen180
\caption@parindent=\dimen181
\caption@hangindent=\dimen182
Package caption Info: Standard document class detected.
)
\c@caption@flags=\count307
\c@continuedfloat=\count308
Package caption Info: float package is loaded.
Package caption Info: hyperref package is loaded.
Package caption Info: listings package is loaded.
)
\c@KVtest=\count309
\sf@farskip=\skip72
\sf@captopadj=\dimen183
\sf@capskip=\skip73
\sf@nearskip=\skip74
\c@subfigure=\count310
\c@subfigure@save=\count311
\c@lofdepth=\count312
\c@subtable=\count313
\c@subtable@save=\count314
\c@lotdepth=\count315
\sf@top=\skip75
\sf@bottom=\skip76
)
(/usr/local/texlive/2024/texmf-dist/tex/latex/graphics/rotating.sty
Package: rotating 2016/08/11 v2.16d rotated objects in LaTeX

(/usr/local/texlive/2024/texmf-dist/tex/latex/base/ifthen.sty
Package: ifthen 2022/04/13 v1.1d Standard LaTeX ifthen package (DPC)
)
\c@r@tfl@t=\count316
\rotFPtop=\skip77
\rotFPbot=\skip78
\rot@float@box=\box104
\rot@mess@toks=\toks35
)
(/usr/local/texlive/2024/texmf-dist/tex/latex/tools/enumerate.sty
Package: enumerate 2023/07/04 v3.00 enumerate extensions (DPC)
\@enLab=\toks36
)
(/usr/local/texlive/2024/texmf-dist/tex/latex/anysize/anysize.sty
Package: anysize 1994/08/13 setting margin sizes

document style option `anysize' loaded
Michael Salzenberg, Thomas Esser, Dirk Hillbrecht
Version 1.0, Aug 13, 1994
\@Leftmargin=\dimen184
\@Rightmargin=\dimen185
\@Topmargin=\dimen186
\@Bottommargin=\dimen187
) (/usr/local/texlive/2024/texmf-dist/tex/latex/imakeidx/imakeidx.sty
Package: imakeidx 2016/10/15 v1.3e Package for typesetting indices in a synchro
nous mode

(/usr/local/texlive/2024/texmf-dist/tex/latex/xkeyval/xkeyval.sty
Package: xkeyval 2022/06/16 v2.9 package option processing (HA)

(/usr/local/texlive/2024/texmf-dist/tex/generic/xkeyval/xkeyval.tex
(/usr/local/texlive/2024/texmf-dist/tex/generic/xkeyval/xkvutils.tex
\XKV@toks=\toks37
\XKV@tempa@toks=\toks38
)
\XKV@depth=\count317
File: xkeyval.tex 2014/12/03 v2.7a key=value parser (HA)
))
(/usr/local/texlive/2024/texmf-dist/tex/generic/iftex/ifxetex.sty
Package: ifxetex 2019/10/25 v0.7 ifxetex legacy package. Use iftex instead.
)
(/usr/local/texlive/2024/texmf-dist/tex/generic/iftex/ifluatex.sty
Package: ifluatex 2019/10/25 v1.5 ifluatex legacy package. Use iftex instead.
))
(/usr/local/texlive/2024/texmf-dist/tex/latex/geometry/geometry.sty
Package: geometry 2020/01/02 v5.9 Page Geometry

(/usr/local/texlive/2024/texmf-dist/tex/generic/iftex/ifvtex.sty
Package: ifvtex 2019/10/25 v1.7 ifvtex legacy package. Use iftex instead.
)
\Gm@cnth=\count318
\Gm@cntv=\count319
\c@Gm@tempcnt=\count320
\Gm@bindingoffset=\dimen188
\Gm@wd@mp=\dimen189
\Gm@odd@mp=\dimen190
\Gm@even@mp=\dimen191
\Gm@layoutwidth=\dimen192
\Gm@layoutheight=\dimen193
\Gm@layouthoffset=\dimen194
\Gm@layoutvoffset=\dimen195
\Gm@dimlist=\toks39
)
\c@Criterio=\count321
\c@Sup=\count322
\c@Note=\count323
\c@Ejem=\count324
\c@Prop=\count325
\c@Def=\count326
\c@Teo=\count327
\c@Algthm=\count328
\c@Sol=\count329

(/usr/local/texlive/2024/texmf-dist/tex/latex/l3backend/l3backend-pdftex.def
File: l3backend-pdftex.def 2024-02-20 L3 backend support: PDF output (pdfTeX)
\l__color_backend_stack_int=\count330
\l__pdf_internal_box=\box105
)
No file RegresionLogistica_Preliminar_aumentado-copia.aux.
\openout1 = `RegresionLogistica_Preliminar_aumentado-copia.aux'.

LaTeX Font Info:    Checking defaults for OML/cmm/m/it on input line 42.
LaTeX Font Info:    ... okay on input line 42.
LaTeX Font Info:    Checking defaults for OMS/cmsy/m/n on input line 42.
LaTeX Font Info:    ... okay on input line 42.
LaTeX Font Info:    Checking defaults for OT1/cmr/m/n on input line 42.
LaTeX Font Info:    ... okay on input line 42.
LaTeX Font Info:    Checking defaults for T1/cmr/m/n on input line 42.
LaTeX Font Info:    ... okay on input line 42.
LaTeX Font Info:    Checking defaults for TS1/cmr/m/n on input line 42.
LaTeX Font Info:    ... okay on input line 42.
LaTeX Font Info:    Checking defaults for OMX/cmex/m/n on input line 42.
LaTeX Font Info:    ... okay on input line 42.
LaTeX Font Info:    Checking defaults for U/cmr/m/n on input line 42.
LaTeX Font Info:    ... okay on input line 42.
LaTeX Font Info:    Checking defaults for PD1/pdf/m/n on input line 42.
LaTeX Font Info:    ... okay on input line 42.
LaTeX Font Info:    Checking defaults for PU/pdf/m/n on input line 42.
LaTeX Font Info:    ... okay on input line 42.
Package hyperref Info: Link coloring OFF on input line 42.
\@outlinefile=\write3
\openout3 = `RegresionLogistica_Preliminar_aumentado-copia.out'.

\c@lstlisting=\count331
(/usr/local/texlive/2024/texmf-dist/tex/context/base/mkii/supp-pdf.mkii
[Loading MPS to PDF converter (version 2006.09.02).]
\scratchcounter=\count332
\scratchdimen=\dimen196
\scratchbox=\box106
\nofMPsegments=\count333
\nofMParguments=\count334
\everyMPshowfont=\toks40
\MPscratchCnt=\count335
\MPscratchDim=\dimen197
\MPnumerator=\count336
\makeMPintoPDFobject=\count337
\everyMPtoPDFconversion=\toks41
) (/usr/local/texlive/2024/texmf-dist/tex/latex/epstopdf-pkg/epstopdf-base.sty
Package: epstopdf-base 2020-01-24 v2.11 Base part for package epstopdf
Package epstopdf-base Info: Redefining graphics rule for `.eps' on input line 4
85.

(/usr/local/texlive/2024/texmf-dist/tex/latex/latexconfig/epstopdf-sys.cfg
File: epstopdf-sys.cfg 2010/07/13 v1.3 Configuration of (r)epstopdf for TeX Liv
e
))
Package caption Info: Begin \AtBeginDocument code.
Package caption Info: subfig package v1.3 is loaded.
Package caption Info: rotating package is loaded.
Package caption Info: End \AtBeginDocument code.

*geometry* driver: auto-detecting
*geometry* detected driver: pdftex
*geometry* verbose mode - [ preamble ] result:
* driver: pdftex
* paper: <default>
* layout: <same size as paper>
* layoutoffset:(h,v)=(0.0pt,0.0pt)
* modes: 
* h-part:(L,W,R)=(36.135pt, 525.23788pt, 36.135pt)
* v-part:(T,H,B)=(72.26999pt, 700.50687pt, 72.26999pt)
* \paperwidth=597.50787pt
* \paperheight=845.04684pt
* \textwidth=525.23788pt
* \textheight=700.50687pt
* \oddsidemargin=-36.135pt
* \evensidemargin=-36.135pt
* \topmargin=-37.0pt
* \headheight=12.0pt
* \headsep=25.0pt
* \topskip=12.0pt
* \footskip=30.0pt
* \marginparwidth=44.0pt
* \marginparsep=10.0pt
* \columnsep=10.0pt
* \skip\footins=10.8pt plus 4.0pt minus 2.0pt
* \hoffset=0.0pt
* \voffset=0.0pt
* \mag=1000
* \@twocolumnfalse
* \@twosidefalse
* \@mparswitchfalse
* \@reversemarginfalse
* (1in=72.27pt=25.4mm, 1cm=28.453pt)

LaTeX Font Info:    Trying to load font information for U+msa on input line 45.

(/usr/local/texlive/2024/texmf-dist/tex/latex/amsfonts/umsa.fd
File: umsa.fd 2013/01/14 v3.01 AMS symbols A
)
LaTeX Font Info:    Trying to load font information for U+msb on input line 45.


(/usr/local/texlive/2024/texmf-dist/tex/latex/amsfonts/umsb.fd
File: umsb.fd 2013/01/14 v3.01 AMS symbols B
) [1

{/usr/local/texlive/2024/texmf-var/fonts/map/pdftex/updmap/pdftex.map}]
No file RegresionLogistica_Preliminar_aumentado-copia.toc.
\tf@toc=\write4
\openout4 = `RegresionLogistica_Preliminar_aumentado-copia.toc'.


pdfTeX warning (ext4): destination with the same identifier (name{page.1}) has 
been already used, duplicate ignored
<to be read again> 
                   \relax 
l.47 \chapter
             {Principios} [1

]
Chapter 1.
[2

] [3] [4{/usr/local/texlive/2024/texmf-dist/fonts/enc/dvips/cm-super/cm-super-t
s1.enc}] [5] [6] [7] [8] [9] [10] [11]
Chapter 2.
[12

]

LaTeX Warning: Reference `Modelo.Regresion' on page 13 undefined on input line 
333.


LaTeX Warning: Reference `Modelo.Regresion' on page 13 undefined on input line 
342.

[13]

LaTeX Warning: Reference `Modelo.Regresion' on page 14 undefined on input line 
427.


LaTeX Warning: Reference `Modelo.Regresion' on page 14 undefined on input line 
433.

[14] [15]

LaTeX Warning: Reference `Modelo.Regresion' on page 16 undefined on input line 
544.


LaTeX Warning: Reference `Modelo.Regresion' on page 16 undefined on input line 
555.

[16]

Package hyperref Warning: Token not allowed in a PDF string (Unicode):
(hyperref)                removing `math shift' on input line 612.


Package hyperref Warning: Token not allowed in a PDF string (Unicode):
(hyperref)                removing `subscript' on input line 612.


Package hyperref Warning: Token not allowed in a PDF string (Unicode):
(hyperref)                removing `math shift' on input line 612.


Package hyperref Warning: Token not allowed in a PDF string (Unicode):
(hyperref)                removing `math shift' on input line 612.


Package hyperref Warning: Token not allowed in a PDF string (Unicode):
(hyperref)                removing `subscript' on input line 612.


Package hyperref Warning: Token not allowed in a PDF string (Unicode):
(hyperref)                removing `math shift' on input line 612.

[17] [18]

LaTeX Warning: Reference `Ecs.Estimadores.Regresion' on page 19 undefined on in
put line 722.


LaTeX Warning: Reference `Esperanza.Beta.1' on page 19 undefined on input line 
722.


LaTeX Warning: Reference `Varianza.Beta.1' on page 19 undefined on input line 7
22.

[19]

LaTeX Warning: Reference `Suma.Total.Cuadrados' on page 20 undefined on input l
ine 805.

[20]

LaTeX Warning: Reference `Estadistico.Beta.1' on page 21 undefined on input lin
e 848.

[21]
Overfull \hbox (11.77786pt too wide) in paragraph at lines 912--913
[]\OT1/cmr/m/it/10.95 Supongamos que se tiene una ^^Sunica vari-able de-pen-di-
ente, $\OML/cmm/m/it/10.95 y$\OT1/cmr/m/it/10.95 , y varias vari-ables in-de-pe
n-di-entes, $\OML/cmm/m/it/10.95 x[]; x[]; [] ; x[]$\OT1/cmr/m/it/10.95 . 
 []


LaTeX Warning: Reference `Modelo.Regresion' on page 22 undefined on input line 
956.


LaTeX Warning: Reference `Modelo.Regresion' on page 22 undefined on input line 
969.

[22]

Package hyperref Warning: Token not allowed in a PDF string (Unicode):
(hyperref)                removing `math shift' on input line 1025.


Package hyperref Warning: Token not allowed in a PDF string (Unicode):
(hyperref)                removing `subscript' on input line 1025.


Package hyperref Warning: Token not allowed in a PDF string (Unicode):
(hyperref)                removing `math shift' on input line 1025.


Package hyperref Warning: Token not allowed in a PDF string (Unicode):
(hyperref)                removing `math shift' on input line 1025.


Package hyperref Warning: Token not allowed in a PDF string (Unicode):
(hyperref)                removing `subscript' on input line 1025.


Package hyperref Warning: Token not allowed in a PDF string (Unicode):
(hyperref)                removing `math shift' on input line 1025.

[23] [24]

LaTeX Warning: Reference `Ecs.Estimadores.Regresion' on page 25 undefined on in
put line 1146.


LaTeX Warning: Reference `Esperanza.Beta.1' on page 25 undefined on input line 
1146.


LaTeX Warning: Reference `Varianza.Beta.1' on page 25 undefined on input line 1
146.

[25]

LaTeX Warning: Reference `Suma.Total.Cuadrados' on page 26 undefined on input l
ine 1236.

[26]

LaTeX Warning: Reference `Estadistico.Beta.1' on page 27 undefined on input lin
e 1277.

[27]
Underfull \hbox (badness 10000) in paragraph at lines 1334--1335

 []

[28] [29]
Chapter 3.
[30

] [31] [32] [33] [34] [35] [36] [37] [38] [39] [40] [41] [42] [43] [44]
[45] [46] [47] [48] [49] [50] [51] [52]

LaTeX Warning: Reference `Modelo.Regresion.Original' on page 53 undefined on in
put line 2401.


LaTeX Warning: Reference `Modelo.Regresion.Original' on page 53 undefined on in
put line 2403.

[53]

Package hyperref Warning: Token not allowed in a PDF string (Unicode):
(hyperref)                removing `math shift' on input line 2449.


Package hyperref Warning: Token not allowed in a PDF string (Unicode):
(hyperref)                removing `subscript' on input line 2449.


Package hyperref Warning: Token not allowed in a PDF string (Unicode):
(hyperref)                removing `math shift' on input line 2449.


Package hyperref Warning: Token not allowed in a PDF string (Unicode):
(hyperref)                removing `math shift' on input line 2449.


Package hyperref Warning: Token not allowed in a PDF string (Unicode):
(hyperref)                removing `subscript' on input line 2449.


Package hyperref Warning: Token not allowed in a PDF string (Unicode):
(hyperref)                removing `math shift' on input line 2449.

[54] [55]

LaTeX Warning: Reference `Ec.Normales.Min.Cuadrados' on page 56 undefined on in
put line 2513.


LaTeX Warning: Reference `Esperanza.Beta.1.Original' on page 56 undefined on in
put line 2513.


LaTeX Warning: Reference `Varianza.Beta.1.Original' on page 56 undefined on inp
ut line 2513.

[56]

LaTeX Warning: Reference `Suma.Total.Cuadrados.Original' on page 57 undefined o
n input line 2565.


LaTeX Warning: Reference `Estadistico.Beta.1.Original' on page 57 undefined on 
input line 2598.

[57] [58] [59]
Chapter 4.
[60

] [61]

LaTeX Warning: Reference `Ec.logit' on page 62 undefined on input line 2812.

[62]

LaTeX Warning: Reference `•' on page 63 undefined on input line 2844.

[63]
Overfull \hbox (31.98778pt too wide) in alignment at lines 2877--2880
 [][][] []
 []

[64] [65]

LaTeX Warning: Reference `Eq.1.14' on page 66 undefined on input line 3001.


LaTeX Warning: Reference `Eq.Gradiente1' on page 66 undefined on input line 301
8.


LaTeX Warning: Reference `Eq.Hessiana1' on page 66 undefined on input line 3024
.

[66]

LaTeX Warning: Reference `Algoritmo1' on page 67 undefined on input line 3039.


LaTeX Warning: Reference `Algoritmo2' on page 67 undefined on input line 3039.


LaTeX Warning: Reference `Eq.Matricial1' on page 67 undefined on input line 306
4.

[67]

LaTeX Warning: Reference `Eq.Logit1' on page 68 undefined on input line 3088.


LaTeX Warning: Reference `Eq.Verosimilitud' on page 68 undefined on input line 
3088.


LaTeX Warning: Reference `Eq.LogLikelihood1' on page 68 undefined on input line
 3095.


LaTeX Warning: Reference `Eq.Gradiente1' on page 68 undefined on input line 311
0.


LaTeX Warning: Reference `Eq.Gradiente2' on page 68 undefined on input line 311
0.


LaTeX Warning: Reference `Eq.Hessiana1' on page 68 undefined on input line 3118
.


LaTeX Warning: Reference `Eq.Hessiana2' on page 68 undefined on input line 3118
.


LaTeX Warning: Reference `Eq.Criterio0' on page 68 undefined on input line 3132
.


LaTeX Warning: Reference `Eq.Criterio1' on page 68 undefined on input line 3132
.


LaTeX Warning: Reference `Eq.Criterio1.5' on page 68 undefined on input line 31
32.


LaTeX Warning: Reference `Eq.Criterio2' on page 68 undefined on input line 3132
.

[68]
Chapter 5.
[69

] [70] [71] [72] [73] [74] [75]
Chapter 6.

Overfull \hbox (2.80815pt too wide) in paragraph at lines 3473--3475
\OT1/cmr/m/n/10.95 donde $\OML/cmm/m/it/10.95 p$ \OT1/cmr/m/n/10.95 es la prob-
a-bil-i-dad de que el evento ocurra, $\OML/cmm/m/it/10.95 ^^L[]; ^^L[]; [] ; ^^
L[]$ \OT1/cmr/m/n/10.95 son los co-e-fi-cientes del mod-elo, y $\OML/cmm/m/it/1
0.95 X[]; X[]; [] ; X[]$
 []

[76

] [77]
Overfull \hbox (13.44078pt too wide) in paragraph at lines 3551--3552
\OT1/cmr/m/n/10.95 La curva ROC (Re-ceiver Op-er-at-ing Char-ac-ter-is-tic) es 
una her-ramienta gr^^Safica uti-lizada para eval-uar el rendimiento
 []

[78]
Chapter 7.
[79

] [80] [81] [82]
Chapter 8.

LaTeX Warning: `h' float specifier changed to `ht'.

[83

] [84] [85] [86]
Chapter 9.
[87

]
Overfull \hbox (11.86029pt too wide) in paragraph at lines 3930--3931
\OT1/cmr/m/n/10.95 La op-ti-mizaci^^Son bayesiana uti-liza mod-e-los prob-a-bil
^^S^^Psticos para se-lec-cionar it-er-a-ti-va-mente los val-ores de par^^Sametr
os
 []

[88] [89]
Chapter 10.
[90

] [91] [92]
Chapter 11.
[93

] [94]
Chapter 12.
[95

] [96] [97]
Chapter 13.
[98

] [99] [100

]
Chapter 14.
[101

] [102] [103]
Chapter 15.

Package hyperref Warning: Token not allowed in a PDF string (Unicode):
(hyperref)                removing `math shift' on input line 4406.


Package hyperref Warning: Token not allowed in a PDF string (Unicode):
(hyperref)                removing `math shift' on input line 4406.

[104

]

Package hyperref Warning: Token not allowed in a PDF string (Unicode):
(hyperref)                removing `math shift' on input line 4416.


Package hyperref Warning: Token not allowed in a PDF string (Unicode):
(hyperref)                removing `math shift' on input line 4416.


Package hyperref Warning: Token not allowed in a PDF string (Unicode):
(hyperref)                removing `math shift' on input line 4436.


Package hyperref Warning: Token not allowed in a PDF string (Unicode):
(hyperref)                removing `\lambda' on input line 4436.


Package hyperref Warning: Token not allowed in a PDF string (Unicode):
(hyperref)                removing `math shift' on input line 4436.


Package hyperref Warning: Token not allowed in a PDF string (Unicode):
(hyperref)                removing `math shift' on input line 4436.


Package hyperref Warning: Token not allowed in a PDF string (Unicode):
(hyperref)                removing `math shift' on input line 4436.


Package hyperref Warning: Token not allowed in a PDF string (Unicode):
(hyperref)                removing `math shift' on input line 4442.


Package hyperref Warning: Token not allowed in a PDF string (Unicode):
(hyperref)                removing `\lambda' on input line 4442.


Package hyperref Warning: Token not allowed in a PDF string (Unicode):
(hyperref)                removing `math shift' on input line 4442.

[105]

Package hyperref Warning: Token not allowed in a PDF string (Unicode):
(hyperref)                removing `math shift' on input line 4469.


Package hyperref Warning: Token not allowed in a PDF string (Unicode):
(hyperref)                removing `\lambda' on input line 4469.


Package hyperref Warning: Token not allowed in a PDF string (Unicode):
(hyperref)                removing `math shift' on input line 4469.

[106] [107]
Chapter 16.
[108

]

LaTeX Warning: `h' float specifier changed to `ht'.

[109] [110] [111]
Chapter 17.

Package hyperref Warning: Token not allowed in a PDF string (Unicode):
(hyperref)                removing `math shift' on input line 4666.


Package hyperref Warning: Token not allowed in a PDF string (Unicode):
(hyperref)                removing `subscript' on input line 4666.


Package hyperref Warning: Token not allowed in a PDF string (Unicode):
(hyperref)                removing `math shift' on input line 4666.


Package hyperref Warning: Token not allowed in a PDF string (Unicode):
(hyperref)                removing `math shift' on input line 4666.


Package hyperref Warning: Token not allowed in a PDF string (Unicode):
(hyperref)                removing `subscript' on input line 4666.


Package hyperref Warning: Token not allowed in a PDF string (Unicode):
(hyperref)                removing `math shift' on input line 4666.

[112

] [113] [114]
Chapter 18.
[115

] [116] [117]
Chapter 19.
[118

] [119]
Chapter 20.
[120

] [121] [122]
Chapter 21.
[123

] [124] [125]
Chapter 22.
[126

] [127]
Chapter 23.
[128

] [129] [130]
Chapter 24.
[131

]

Package hyperref Warning: Token not allowed in a PDF string (Unicode):
(hyperref)                removing `math shift' on input line 5232.


Package hyperref Warning: Token not allowed in a PDF string (Unicode):
(hyperref)                removing `math shift' on input line 5232.

[132] [133]
Chapter 25.
[134

] [135] [136] [137]
Overfull \hbox (1.87282pt too wide) in paragraph at lines 5471--5478
[]\OT1/cmr/m/n/10.95 Regi^^Son de rec-hazo: rec-hazar $\OML/cmm/m/it/10.95 H[]$
 \OT1/cmr/m/n/10.95 cuando [] 
 []

[138] [139]
Overfull \hbox (27.7225pt too wide) in paragraph at lines 5625--5633
[]\OT1/cmr/m/n/10.95 Regi^^Son de rec-hazo: rec-hazar $\OML/cmm/m/it/10.95 H[]$
 \OT1/cmr/m/n/10.95 cuando []
 []

[140]
Overfull \hbox (24.75146pt too wide) in paragraph at lines 5676--5683
[]\OT1/cmr/m/n/10.95 Regi^^Son de rec-hazo: rec-hazar $\OML/cmm/m/it/10.95 H[]$
 \OT1/cmr/m/n/10.95 cuando [] 
 []

[141] [142]
Overfull \hbox (14.08995pt too wide) in alignment at lines 5759--5761
 [][][] []
 []

[143] [144] [145] [146]
Overfull \hbox (61.36247pt too wide) in alignment at lines 5940--5943
 [][][] []
 []

[147] [148]
Overfull \hbox (8.6343pt too wide) in paragraph at lines 6059--6060
[]\OT1/cmr/m/n/10.95 Dado que el ob-je-tivo es en-con-trar los val-ores de $\OM
L/cmm/m/it/10.95 ^^L[]; ^^L[]; [] ; ^^L[]$ \OT1/cmr/m/n/10.95 que max-im-i-cen 
la funci^^Son de log-verosimilitud.
 []

[149]

LaTeX Warning: Reference `Eq.1.14' on page 150 undefined on input line 6064.


LaTeX Warning: Reference `Eq.Gradiente1' on page 150 undefined on input line 60
81.


LaTeX Warning: Reference `Eq.Hessiana1' on page 150 undefined on input line 608
7.


LaTeX Warning: Reference `Algoritmo1' on page 150 undefined on input line 6102.



LaTeX Warning: Reference `Algoritmo2' on page 150 undefined on input line 6102.


[150]

LaTeX Warning: Reference `Eq.Matricial1' on page 151 undefined on input line 61
27.


LaTeX Warning: Reference `Eq.Logit1' on page 151 undefined on input line 6151.


LaTeX Warning: Reference `Eq.Verosimilitud' on page 151 undefined on input line
 6151.


LaTeX Warning: Reference `Eq.LogLikelihood1' on page 151 undefined on input lin
e 6158.

[151]

LaTeX Warning: Reference `Eq.Gradiente1' on page 152 undefined on input line 61
73.


LaTeX Warning: Reference `Eq.Gradiente2' on page 152 undefined on input line 61
73.


LaTeX Warning: Reference `Eq.Hessiana1' on page 152 undefined on input line 618
1.


LaTeX Warning: Reference `Eq.Hessiana2' on page 152 undefined on input line 618
1.


LaTeX Warning: Reference `Eq.Criterio0' on page 152 undefined on input line 619
5.


LaTeX Warning: Reference `Eq.Criterio1' on page 152 undefined on input line 619
5.


LaTeX Warning: Reference `Eq.Criterio1.5' on page 152 undefined on input line 6
195.


LaTeX Warning: Reference `Eq.Criterio2' on page 152 undefined on input line 619
5.

[152]
Chapter 26.
[153

] [154] [155] [156] [157] [158] [159] [160] [161] [162] [163] [164]
[165] [166] [167] [168] [169] [170]
Overfull \hbox (8.89085pt too wide) in alignment at lines 6951--6954
 [][][] []
 []

[171] [172] [173] [174] [175]

LaTeX Warning: Reference `Modelo.Regresion' on page 176 undefined on input line
 7232.

[176]

LaTeX Warning: Reference `Modelo.Regresion' on page 177 undefined on input line
 7241.

[177]

LaTeX Warning: Reference `Modelo.Regresion' on page 178 undefined on input line
 7326.


LaTeX Warning: Reference `Modelo.Regresion' on page 178 undefined on input line
 7332.

[178] [179]

LaTeX Warning: Reference `Modelo.Regresion' on page 180 undefined on input line
 7443.


LaTeX Warning: Reference `Modelo.Regresion' on page 180 undefined on input line
 7454.

[180] [181] [182]

LaTeX Warning: Reference `Ecs.Estimadores.Regresion' on page 183 undefined on i
nput line 7621.


LaTeX Warning: Reference `Esperanza.Beta.1' on page 183 undefined on input line
 7621.


LaTeX Warning: Reference `Varianza.Beta.1' on page 183 undefined on input line 
7621.

[183]

LaTeX Warning: Reference `Suma.Total.Cuadrados' on page 184 undefined on input 
line 7704.

[184]

LaTeX Warning: Reference `Estadistico.Beta.1' on page 185 undefined on input li
ne 7747.

[185]

LaTeX Warning: Reference `Modelo.Regresion' on page 186 undefined on input line
 7855.


LaTeX Warning: Reference `Modelo.Regresion' on page 186 undefined on input line
 7868.

[186] [187] [188]

LaTeX Warning: Reference `Ecs.Estimadores.Regresion' on page 189 undefined on i
nput line 8045.


LaTeX Warning: Reference `Esperanza.Beta.1' on page 189 undefined on input line
 8045.


LaTeX Warning: Reference `Varianza.Beta.1' on page 189 undefined on input line 
8045.

[189]

LaTeX Warning: Reference `Suma.Total.Cuadrados' on page 190 undefined on input 
line 8135.

[190]

LaTeX Warning: Reference `Estadistico.Beta.1' on page 191 undefined on input li
ne 8176.


Underfull \hbox (badness 10000) in paragraph at lines 8233--8234

 []

[191] [192] [193]
Chapter 27.
[194

] [195] [196] [197]
Overfull \hbox (61.36247pt too wide) in alignment at lines 8498--8501
 [][][] []
 []

[198] [199] [200]
Overfull \hbox (8.6343pt too wide) in paragraph at lines 8617--8618
[]\OT1/cmr/m/n/10.95 Dado que el ob-je-tivo es en-con-trar los val-ores de $\OM
L/cmm/m/it/10.95 ^^L[]; ^^L[]; [] ; ^^L[]$ \OT1/cmr/m/n/10.95 que max-im-i-cen 
la funci^^Son de log-verosimilitud.
 []


LaTeX Warning: Reference `Eq.1.14' on page 201 undefined on input line 8622.


LaTeX Warning: Reference `Eq.Gradiente1' on page 201 undefined on input line 86
39.


LaTeX Warning: Reference `Eq.Hessiana1' on page 201 undefined on input line 864
5.

[201]

LaTeX Warning: Reference `Algoritmo1' on page 202 undefined on input line 8660.



LaTeX Warning: Reference `Algoritmo2' on page 202 undefined on input line 8660.



LaTeX Warning: Reference `Eq.Matricial1' on page 202 undefined on input line 86
85.


LaTeX Warning: Reference `Eq.Logit1' on page 202 undefined on input line 8709.


LaTeX Warning: Reference `Eq.Verosimilitud' on page 202 undefined on input line
 8709.

[202]

LaTeX Warning: Reference `Eq.LogLikelihood1' on page 203 undefined on input lin
e 8716.


LaTeX Warning: Reference `Eq.Gradiente1' on page 203 undefined on input line 87
31.


LaTeX Warning: Reference `Eq.Gradiente2' on page 203 undefined on input line 87
31.


LaTeX Warning: Reference `Eq.Hessiana1' on page 203 undefined on input line 873
9.


LaTeX Warning: Reference `Eq.Hessiana2' on page 203 undefined on input line 873
9.


LaTeX Warning: Reference `Eq.Criterio0' on page 203 undefined on input line 875
3.


LaTeX Warning: Reference `Eq.Criterio1' on page 203 undefined on input line 875
3.


LaTeX Warning: Reference `Eq.Criterio1.5' on page 203 undefined on input line 8
753.


LaTeX Warning: Reference `Eq.Criterio2' on page 203 undefined on input line 875
3.

[203]
Chapter 28.
[204

] [205] [206] [207] [208] [209] [210] [211]
Chapter 29.
[212

]
Overfull \hbox (14.08995pt too wide) in alignment at lines 9126--9128
 [][][] []
 []

[213] [214]
Chapter 30.
[215

] [216] [217] [218]
Chapter 31.
[219

] [220] [221] [222]
Chapter 32.
[223

] [224] [225]
Chapter 33.
[226

] [227] [228]
Chapter 34.
[229

] [230]
Chapter 35.
[231

] [232] [233]
Chapter 36.

Overfull \hbox (7.25551pt too wide) in paragraph at lines 9880--9881
[]\OT1/cmr/bx/n/10.95 Diagn^^Sostico del Mod-elo\OT1/cmr/m/n/10.95 : An^^Salisi
s de resid-uos, in-flu-en-cia, mul-ti-co-l-in-eal-i-dad y ajuste de par^^Sametr
os. 
 []

[234

]
Overfull \hbox (2.63618pt too wide) in paragraph at lines 9909--9910
\OT1/cmr/m/n/10.95 Entrena un mod-elo de re-gresi^^Son log^^S^^Pstica uti-lizan
do el con-junto de datos preparado y eval^^Sua su rendimiento
 []

[235] [236

]
Chapter 37.
[237

] [238] [239]
Chapter 38.

Package hyperref Warning: Token not allowed in a PDF string (Unicode):
(hyperref)                removing `math shift' on input line 10027.


Package hyperref Warning: Token not allowed in a PDF string (Unicode):
(hyperref)                removing `math shift' on input line 10027.

[240

]

Package hyperref Warning: Token not allowed in a PDF string (Unicode):
(hyperref)                removing `math shift' on input line 10037.


Package hyperref Warning: Token not allowed in a PDF string (Unicode):
(hyperref)                removing `math shift' on input line 10037.


Package hyperref Warning: Token not allowed in a PDF string (Unicode):
(hyperref)                removing `math shift' on input line 10057.


Package hyperref Warning: Token not allowed in a PDF string (Unicode):
(hyperref)                removing `\lambda' on input line 10057.


Package hyperref Warning: Token not allowed in a PDF string (Unicode):
(hyperref)                removing `math shift' on input line 10057.


Package hyperref Warning: Token not allowed in a PDF string (Unicode):
(hyperref)                removing `math shift' on input line 10057.


Package hyperref Warning: Token not allowed in a PDF string (Unicode):
(hyperref)                removing `math shift' on input line 10057.


Package hyperref Warning: Token not allowed in a PDF string (Unicode):
(hyperref)                removing `math shift' on input line 10063.


Package hyperref Warning: Token not allowed in a PDF string (Unicode):
(hyperref)                removing `\lambda' on input line 10063.


Package hyperref Warning: Token not allowed in a PDF string (Unicode):
(hyperref)                removing `math shift' on input line 10063.

[241]

Package hyperref Warning: Token not allowed in a PDF string (Unicode):
(hyperref)                removing `math shift' on input line 10090.


Package hyperref Warning: Token not allowed in a PDF string (Unicode):
(hyperref)                removing `\lambda' on input line 10090.


Package hyperref Warning: Token not allowed in a PDF string (Unicode):
(hyperref)                removing `math shift' on input line 10090.

[242] [243] [244]
Chapter 39.
[245

]

LaTeX Warning: `h' float specifier changed to `ht'.

[246]
Overfull \hbox (1.71257pt too wide) in paragraph at lines 10221--10221
|[]\OT1/cmr/bx/n/17.28 Intervalos de Con-fi-anza para el Es-ti-mador de Kaplan-

 []

[247] [248]
Chapter 40.

Package hyperref Warning: Token not allowed in a PDF string (Unicode):
(hyperref)                removing `math shift' on input line 10287.


Package hyperref Warning: Token not allowed in a PDF string (Unicode):
(hyperref)                removing `subscript' on input line 10287.


Package hyperref Warning: Token not allowed in a PDF string (Unicode):
(hyperref)                removing `math shift' on input line 10287.


Package hyperref Warning: Token not allowed in a PDF string (Unicode):
(hyperref)                removing `math shift' on input line 10287.


Package hyperref Warning: Token not allowed in a PDF string (Unicode):
(hyperref)                removing `subscript' on input line 10287.


Package hyperref Warning: Token not allowed in a PDF string (Unicode):
(hyperref)                removing `math shift' on input line 10287.

[249

] [250] [251]
Chapter 41.
[252

] [253] [254]
Chapter 42.
[255

]

LaTeX Warning: `h' float specifier changed to `ht'.

[256] [257]
Chapter 43.
[258

] [259] [260]
Chapter 44.
[261

] [262] [263]
Chapter 45.
[264

] [265] [266]
Chapter 46.
[267

] [268] [269]
Chapter 47.

Package hyperref Warning: Difference (2) between bookmark levels is greater 
(hyperref)                than one, level fixed on input line 10787.


Overfull \hbox (2.29704pt too wide) in paragraph at lines 10828--10829
[]\OT1/cmr/m/n/10.95 La Es-tad^^S^^Pstica que cono-ce-mos hoy en d^^S^^Pa debe 
gran parte de su re-al-izaci^^Son a los tra-ba-jos matem^^Saticos
 []

[270

] [271] [272] [273]
Overfull \hbox (3.07553pt too wide) in paragraph at lines 11035--11037
[]\OT1/cmr/bx/n/10.95 Estad^^S^^Pstica y C^^Salculo de Prob-a-bil-i-dades: \OT1
/cmr/m/n/10.95 El c^^Salculo de prob-a-bil-i-dades se in-cor-pora r^^Sapidament
e
 []

[274] [275] [276] [277] [278] [279] [280] [281] [282] [283] [284]
Overfull \hbox (4.39337pt too wide) in paragraph at lines 11799--11801
[]\OT1/cmr/m/n/10.95 NIVEL DE CON-FI-ANZA: In-dica la pro-porci^^Son de ve-ces 
que ac-er-tar^^S^^Pamos al afir-mar que el par^^Sametro
 []

[285]
Overfull \hbox (4.39337pt too wide) in paragraph at lines 11846--11848
[]\OT1/cmr/m/n/10.95 NIVEL DE CON-FI-ANZA: In-dica la pro-porci^^Son de ve-ces 
que ac-er-tar^^S^^Pamos al afir-mar que el par^^Sametro
 []

[286]

Package hyperref Warning: Token not allowed in a PDF string (Unicode):
(hyperref)                removing `math shift' on input line 11985.


Package hyperref Warning: Token not allowed in a PDF string (Unicode):
(hyperref)                removing `math shift' on input line 11985.

[287] [288] [289] [290]
Overfull \hbox (27.7225pt too wide) in paragraph at lines 12240--12247
[]\OT1/cmr/m/n/10.95 Regi^^Son de rec-hazo: rec-hazar $\OML/cmm/m/it/10.95 H[]$
 \OT1/cmr/m/n/10.95 cuando [] 
 []

[291] [292] [293]
Overfull \hbox (27.7225pt too wide) in paragraph at lines 12504--12512
[]\OT1/cmr/m/n/10.95 Regi^^Son de rec-hazo: rec-hazar $\OML/cmm/m/it/10.95 H[]$
 \OT1/cmr/m/n/10.95 cuando []
 []

[294]
Overfull \hbox (24.75146pt too wide) in paragraph at lines 12575--12582
[]\OT1/cmr/m/n/10.95 Regi^^Son de rec-hazo: rec-hazar $\OML/cmm/m/it/10.95 H[]$
 \OT1/cmr/m/n/10.95 cuando [] 
 []

[295]

LaTeX Warning: Reference `Modelo.Regresion' on page 296 undefined on input line
 12662.

[296]

LaTeX Warning: Reference `Modelo.Regresion' on page 297 undefined on input line
 12670.

[297]

Package hyperref Warning: Token not allowed in a PDF string (Unicode):
(hyperref)                removing `math shift' on input line 12724.


Package hyperref Warning: Token not allowed in a PDF string (Unicode):
(hyperref)                removing `subscript' on input line 12724.


Package hyperref Warning: Token not allowed in a PDF string (Unicode):
(hyperref)                removing `math shift' on input line 12724.


Package hyperref Warning: Token not allowed in a PDF string (Unicode):
(hyperref)                removing `math shift' on input line 12724.


Package hyperref Warning: Token not allowed in a PDF string (Unicode):
(hyperref)                removing `subscript' on input line 12724.


Package hyperref Warning: Token not allowed in a PDF string (Unicode):
(hyperref)                removing `math shift' on input line 12724.

[298]

LaTeX Warning: Reference `Ecs.Estimadores.Regresion' on page 299 undefined on i
nput line 12822.


LaTeX Warning: Reference `Esperanza.Beta.1' on page 299 undefined on input line
 12822.


LaTeX Warning: Reference `Varianza.Beta.1' on page 299 undefined on input line 
12822.

[299] [300]

LaTeX Warning: Reference `Suma.Total.Cuadrados' on page 301 undefined on input 
line 12908.


LaTeX Warning: Reference `Estadistico.Beta.1' on page 301 undefined on input li
ne 12947.

[301]
Underfull \hbox (badness 10000) in paragraph at lines 13000--13001

 []

[302]

LaTeX Warning: Reference `Suma.Total.Cuadrados' on page 303 undefined on input 
line 13068.


LaTeX Warning: Reference `Suma.Total.Cuadrados.Dos' on page 303 undefined on in
put line 13068.


LaTeX Warning: Reference `Modelo.Regresion' on page 303 undefined on input line
 13085.

[303]

LaTeX Warning: Reference `Modelo.Regresion' on page 304 undefined on input line
 13164.


LaTeX Warning: Reference `Modelo.Regresion' on page 304 undefined on input line
 13172.

[304]

Package hyperref Warning: Token not allowed in a PDF string (Unicode):
(hyperref)                removing `math shift' on input line 13226.


Package hyperref Warning: Token not allowed in a PDF string (Unicode):
(hyperref)                removing `subscript' on input line 13226.


Package hyperref Warning: Token not allowed in a PDF string (Unicode):
(hyperref)                removing `math shift' on input line 13226.


Package hyperref Warning: Token not allowed in a PDF string (Unicode):
(hyperref)                removing `math shift' on input line 13226.


Package hyperref Warning: Token not allowed in a PDF string (Unicode):
(hyperref)                removing `subscript' on input line 13226.


Package hyperref Warning: Token not allowed in a PDF string (Unicode):
(hyperref)                removing `math shift' on input line 13226.

[305] [306]

LaTeX Warning: Reference `Ecs.Estimadores.Regresion' on page 307 undefined on i
nput line 13324.


LaTeX Warning: Reference `Esperanza.Beta.1' on page 307 undefined on input line
 13324.


LaTeX Warning: Reference `Varianza.Beta.1' on page 307 undefined on input line 
13324.

[307] [308]

LaTeX Warning: Reference `Suma.Total.Cuadrados' on page 309 undefined on input 
line 13410.


LaTeX Warning: Reference `Estadistico.Beta.1' on page 309 undefined on input li
ne 13449.

[309]
Underfull \hbox (badness 10000) in paragraph at lines 13502--13503

 []

[310]

LaTeX Warning: Reference `Suma.Total.Cuadrados' on page 311 undefined on input 
line 13570.


LaTeX Warning: Reference `Suma.Total.Cuadrados.Dos' on page 311 undefined on in
put line 13570.


LaTeX Warning: Reference `Modelo.Regresion' on page 311 undefined on input line
 13587.

[311]

LaTeX Warning: Reference `tab:ANOVA' on page 312 undefined on input line 13664.


[312]

LaTeX Warning: Reference `tab:ANOVA' on page 313 undefined on input line 13741.


[313] [314]

Package hyperref Warning: Token not allowed in a PDF string (Unicode):
(hyperref)                removing `math shift' on input line 13893.


Package hyperref Warning: Token not allowed in a PDF string (Unicode):
(hyperref)                removing `math shift' on input line 13893.

[315] [316] [317] [318]

Package hyperref Warning: Token not allowed in a PDF string (Unicode):
(hyperref)                removing `math shift' on input line 14193.


Package hyperref Warning: Token not allowed in a PDF string (Unicode):
(hyperref)                removing `math shift' on input line 14193.

[319]
Overfull \hbox (17.95317pt too wide) in paragraph at lines 14344--14347
[]\OT1/cmr/m/n/10.95 Para $\OML/cmm/m/it/10.95 Z[]$ \OT1/cmr/m/n/10.95 se tiene
 $\OML/cmm/m/it/10.95 P [] \OT1/cmr/m/n/10.95 = 1 \OMS/cmsy/m/n/10.95 ^^@ \OML/
cmm/m/it/10.95 $\OT1/cmr/m/n/10.95 , donde $\OML/cmm/m/it/10.95 Z \OT1/cmr/m/n
/10.95 = []$. En-tonces $\OML/cmm/m/it/10.95 P [] \OT1/cmr/m/n/10.95 =
 []

[320] [321] [322] [323] [324] [325] [326] [327]

Package hyperref Warning: Token not allowed in a PDF string (Unicode):
(hyperref)                removing `math shift' on input line 14855.


Package hyperref Warning: Token not allowed in a PDF string (Unicode):
(hyperref)                removing `math shift' on input line 14855.

[328] [329] [330]
Overfull \hbox (27.7225pt too wide) in paragraph at lines 15097--15104
[]\OT1/cmr/m/n/10.95 Regi^^Son de rec-hazo: rec-hazar $\OML/cmm/m/it/10.95 H[]$
 \OT1/cmr/m/n/10.95 cuando [] 
 []

[331] [332] [333] [334]
Overfull \hbox (27.7225pt too wide) in paragraph at lines 15373--15381
[]\OT1/cmr/m/n/10.95 Regi^^Son de rec-hazo: rec-hazar $\OML/cmm/m/it/10.95 H[]$
 \OT1/cmr/m/n/10.95 cuando []
 []


Overfull \hbox (24.75146pt too wide) in paragraph at lines 15460--15467
[]\OT1/cmr/m/n/10.95 Regi^^Son de rec-hazo: rec-hazar $\OML/cmm/m/it/10.95 H[]$
 \OT1/cmr/m/n/10.95 cuando [] 
 []

[335] [336]

Package hyperref Warning: Token not allowed in a PDF string (Unicode):
(hyperref)                removing `math shift' on input line 15649.


Package hyperref Warning: Token not allowed in a PDF string (Unicode):
(hyperref)                removing `math shift' on input line 15649.

[337] [338] [339] [340]
Overfull \hbox (27.7225pt too wide) in paragraph at lines 15939--15946
[]\OT1/cmr/m/n/10.95 Regi^^Son de rec-hazo: rec-hazar $\OML/cmm/m/it/10.95 H[]$
 \OT1/cmr/m/n/10.95 cuando [] 
 []

[341] [342] [343]
Overfull \hbox (27.7225pt too wide) in paragraph at lines 16258--16266
[]\OT1/cmr/m/n/10.95 Regi^^Son de rec-hazo: rec-hazar $\OML/cmm/m/it/10.95 H[]$
 \OT1/cmr/m/n/10.95 cuando []
 []

[344]
Overfull \hbox (24.75146pt too wide) in paragraph at lines 16347--16354
[]\OT1/cmr/m/n/10.95 Regi^^Son de rec-hazo: rec-hazar $\OML/cmm/m/it/10.95 H[]$
 \OT1/cmr/m/n/10.95 cuando [] 
 []

[345]
Overfull \hbox (3.93837pt too wide) in paragraph at lines 16409--16410
[]\OT1/cmr/m/n/10.95 Elaborar una rutina en R que grafique las sigu-ientes dis-
tribu-ciones, per-mi-tiendo variar los par^^Sametros
 []

[346]

LaTeX Warning: Reference `Modelo.Regresion' on page 347 undefined on input line
 16479.


LaTeX Warning: Reference `Modelo.Regresion' on page 347 undefined on input line
 16488.

[347]

LaTeX Warning: Reference `Modelo.Regresion' on page 348 undefined on input line
 16573.

[348]

LaTeX Warning: Reference `Modelo.Regresion' on page 349 undefined on input line
 16579.

[349]

LaTeX Warning: Reference `Modelo.Regresion' on page 350 undefined on input line
 16690.


LaTeX Warning: Reference `Modelo.Regresion' on page 350 undefined on input line
 16701.

[350]

Package hyperref Warning: Token not allowed in a PDF string (Unicode):
(hyperref)                removing `math shift' on input line 16758.


Package hyperref Warning: Token not allowed in a PDF string (Unicode):
(hyperref)                removing `subscript' on input line 16758.


Package hyperref Warning: Token not allowed in a PDF string (Unicode):
(hyperref)                removing `math shift' on input line 16758.


Package hyperref Warning: Token not allowed in a PDF string (Unicode):
(hyperref)                removing `math shift' on input line 16758.


Package hyperref Warning: Token not allowed in a PDF string (Unicode):
(hyperref)                removing `subscript' on input line 16758.


Package hyperref Warning: Token not allowed in a PDF string (Unicode):
(hyperref)                removing `math shift' on input line 16758.

[351] [352]

LaTeX Warning: Reference `Ecs.Estimadores.Regresion' on page 353 undefined on i
nput line 16868.


LaTeX Warning: Reference `Esperanza.Beta.1' on page 353 undefined on input line
 16868.


LaTeX Warning: Reference `Varianza.Beta.1' on page 353 undefined on input line 
16868.

[353] [354]

LaTeX Warning: Reference `Suma.Total.Cuadrados' on page 355 undefined on input 
line 16951.


LaTeX Warning: Reference `Estadistico.Beta.1' on page 355 undefined on input li
ne 16994.

[355]

LaTeX Warning: Reference `Modelo.Regresion' on page 356 undefined on input line
 17102.

[356]

LaTeX Warning: Reference `Modelo.Regresion' on page 357 undefined on input line
 17115.

[357]

Package hyperref Warning: Token not allowed in a PDF string (Unicode):
(hyperref)                removing `math shift' on input line 17171.


Package hyperref Warning: Token not allowed in a PDF string (Unicode):
(hyperref)                removing `subscript' on input line 17171.


Package hyperref Warning: Token not allowed in a PDF string (Unicode):
(hyperref)                removing `math shift' on input line 17171.


Package hyperref Warning: Token not allowed in a PDF string (Unicode):
(hyperref)                removing `math shift' on input line 17171.


Package hyperref Warning: Token not allowed in a PDF string (Unicode):
(hyperref)                removing `subscript' on input line 17171.


Package hyperref Warning: Token not allowed in a PDF string (Unicode):
(hyperref)                removing `math shift' on input line 17171.

[358]

LaTeX Warning: Reference `Ecs.Estimadores.Regresion' on page 359 undefined on i
nput line 17292.


LaTeX Warning: Reference `Esperanza.Beta.1' on page 359 undefined on input line
 17292.


LaTeX Warning: Reference `Varianza.Beta.1' on page 359 undefined on input line 
17292.

[359] [360]

LaTeX Warning: Reference `Suma.Total.Cuadrados' on page 361 undefined on input 
line 17382.


LaTeX Warning: Reference `Estadistico.Beta.1' on page 361 undefined on input li
ne 17423.

[361]
Underfull \hbox (badness 10000) in paragraph at lines 17480--17481

 []

[362] [363] [364] [365] [366] [367] [368] [369] [370] [371] [372] [373]
[374] [375] [376]
Chapter 48.
[377

] [378] [379]
Overfull \hbox (27.2674pt too wide) in paragraph at lines 18332--18332
 []\OT1/cmtt/m/n/10.95 # Generamos un vector de 16 coeficientes (incluyendo el 
intercepto) aleatorios entre -1 y 1[] 
 []


Overfull \hbox (15.77002pt too wide) in paragraph at lines 18332--18332
 []\OT1/cmtt/m/n/10.95 # Calculamos el t^^Sermino lineal utilizando los coefici
entes y las variables independientes[] 
 []

[380]
Overfull \hbox (395.18341pt too wide) in paragraph at lines 18332--18332
 []\OT1/cmtt/m/n/10.95 cat("El modelo de regresi^^Son log^^S^^Pstica se ha ajus
tado, se han hecho predicciones y los resultados se han guardado en 'regresion_
logistica_modelo.RData'.\n")[] 
 []

[381]
Overfull \hbox (33.01608pt too wide) in paragraph at lines 18405--18405
 []\OT1/cmtt/m/n/10.95 train_indices <- sample(1:nrow(breast_cancer_clean), siz
e = 0.7 * nrow(breast_cancer_clean))[] 
 []

[382]
Overfull \hbox (435.42422pt too wide) in paragraph at lines 18405--18405
 []\OT1/cmtt/m/n/10.95 cat("El modelo de regresi^^Son log^^S^^Pstica se ha ajus
tado, se han hecho predicciones y los resultados se han guardado en 'regresion_
logistica_cancer_modelo.RData'.\n")[] 
 []

[383]
Overfull \hbox (16.73608pt too wide) in paragraph at lines 18458--18459
\OT1/cmr/m/n/10.95 navega hasta el di-rec-to-rio donde guardaste el archivo y e
je-cuta el script us-ando \OT1/cmr/m/it/10.95 source("regresionlogistica.R")\OT
1/cmr/m/n/10.95 . 
 []

[384]
Overfull \hbox (90.50296pt too wide) in paragraph at lines 18520--18520
 []\OT1/cmtt/m/n/10.95 sensitivity <- sum(test_set$Survived == 1 & test_set$Sur
vived_pred == 1) / sum(test_set$Survived == 1)[] 
 []


Overfull \hbox (90.50296pt too wide) in paragraph at lines 18520--18520
 []\OT1/cmtt/m/n/10.95 specificity <- sum(test_set$Survived == 0 & test_set$Sur
vived_pred == 0) / sum(test_set$Survived == 0)[] 
 []

[385]
Overfull \hbox (27.2674pt too wide) in paragraph at lines 18629--18629
 []\OT1/cmtt/m/n/10.95 # Generamos un vector de 16 coeficientes (incluyendo el 
intercepto) aleatorios entre -1 y 1[] 
 []


Overfull \hbox (15.77002pt too wide) in paragraph at lines 18629--18629
 []\OT1/cmtt/m/n/10.95 # Calculamos el t^^Sermino lineal utilizando los coefici
entes y las variables independientes[] 
 []

[386]
Overfull \hbox (27.2674pt too wide) in paragraph at lines 18629--18629
 []\OT1/cmtt/m/n/10.95 y los resultados se han guardado en 'regresion_logistica
_cancer_modelo_simulado.RData'.\n")[] 
 []

[387] [388] [389]
Overfull \hbox (15.77002pt too wide) in paragraph at lines 18785--18785
 []\OT1/cmtt/m/n/10.95 # Ajustamos un modelo de regresi^^Son log^^S^^Pstica uti
lizando las variables independientes para[] 
 []

[390]
Overfull \hbox (27.2674pt too wide) in paragraph at lines 18785--18785
 []\OT1/cmtt/m/n/10.95 y los resultados se han guardado en 'regresion_logistica
_cancer_modelo_simulado.RData'.\n")[] 
 []

[391]
Underfull \hbox (badness 1173) in paragraph at lines 18810--18811
\OT1/cmr/m/n/10.95 method for es-ti-mat-ing treat-ment ef-fect in ob-ser-va-tio
nal re-search. \OT1/cmr/m/it/10.95 Acad Emerg Med\OT1/cmr/m/n/10.95 . 2004;
 []

[392

] [393] [394] [395]
Underfull \hbox (badness 5260) in paragraph at lines 18988--18989
[]\OT1/cmr/m/n/10.95 Bileschi, M. L. et al. Us-ing deep learn-ing to an-no-tate
 the pro-tein uni-verse. Nat.
 []

[396]
Underfull \hbox (badness 10000) in paragraph at lines 19026--19027
[]\OT1/cmr/m/n/10.95 Hu, W. et al. Strate-gies for pre-training graph neu-ral n
et-works. Preprint at
 []


Underfull \hbox (badness 3354) in paragraph at lines 19030--19031
[]\OT1/cmr/m/n/10.95 Capela, F., Nouchi, V., Van Deursen, R., Tetko, I. V. and 
Godin, G. Mul-ti-task
 []


Underfull \hbox (badness 1221) in paragraph at lines 19030--19031
\OT1/cmr/m/n/10.95 learn-ing on graph neu-ral net-works ap-plied to molec-u-lar
 prop-erty pre-dic-tions. Preprint at
 []


./RegresionLogistica_Preliminar_aumentado-copia.tex:19044: LaTeX Error: \begin{
itemize} on input line 5546 ended by \end{document}.

See the LaTeX manual or LaTeX Companion for explanation.
Type  H <return>  for immediate help.
 ...                                              
                                                  
l.19044 \end{document}
                      
? 
[397] (./RegresionLogistica_Preliminar_aumentado-copia.aux)
 ***********
LaTeX2e <2023-11-01> patch level 1
L3 programming layer <2024-02-20>
 ***********


LaTeX Warning: There were undefined references.


LaTeX Warning: Label(s) may have changed. Rerun to get cross-references right.


Package rerunfilecheck Warning: File `RegresionLogistica_Preliminar_aumentado-c
opia.out' has changed.
(rerunfilecheck)                Rerun to get outlines right
(rerunfilecheck)                or use package `bookmark'.

Package rerunfilecheck Info: Checksums for `RegresionLogistica_Preliminar_aumen
tado-copia.out':
(rerunfilecheck)             Before: <no file>
(rerunfilecheck)             After:  ADDE4AAAC11ED6B83E859B2EF93E7A2D;163991.
 )
(\end occurred inside a group at level 1)

### semi simple group (level 1) entered at line 5546 (\begingroup)
### bottom level 
Here is how much of TeX's memory you used:
 16821 strings out of 474116
 254714 string characters out of 5743681
 1951187 words of memory out of 5000000
 36851 multiletter control sequences out of 15000+600000
 575679 words of font info for 99 fonts, out of 8000000 for 9000
 1141 hyphenation exceptions out of 8191
 75i,15n,79p,2166b,2803s stack positions out of 10000i,1000n,20000p,200000b,200000s
</usr/local/texlive/2024/texmf-dist/fonts/type1/public/amsfonts
/cm/cmbx10.pfb></usr/local/texlive/2024/texmf-dist/fonts/type1/public/amsfonts/
cm/cmbx12.pfb></usr/local/texlive/2024/texmf-dist/fonts/type1/public/amsfonts/c
m/cmbx6.pfb></usr/local/texlive/2024/texmf-dist/fonts/type1/public/amsfonts/cm/
cmbx8.pfb></usr/local/texlive/2024/texmf-dist/fonts/type1/public/amsfonts/cm/cm
bxti10.pfb></usr/local/texlive/2024/texmf-dist/fonts/type1/public/amsfonts/cm/c
mex10.pfb></usr/local/texlive/2024/texmf-dist/fonts/type1/public/amsfonts/cmext
ra/cmex8.pfb></usr/local/texlive/2024/texmf-dist/fonts/type1/public/amsfonts/cm
/cmmi10.pfb></usr/local/texlive/2024/texmf-dist/fonts/type1/public/amsfonts/cm/
cmmi12.pfb></usr/local/texlive/2024/texmf-dist/fonts/type1/public/amsfonts/cm/c
mmi6.pfb></usr/local/texlive/2024/texmf-dist/fonts/type1/public/amsfonts/cm/cmm
i8.pfb></usr/local/texlive/2024/texmf-dist/fonts/type1/public/amsfonts/cm/cmmib
10.pfb></usr/local/texlive/2024/texmf-dist/fonts/type1/public/amsfonts/cmextra/
cmmib6.pfb></usr/local/texlive/2024/texmf-dist/fonts/type1/public/amsfonts/cmex
tra/cmmib8.pfb></usr/local/texlive/2024/texmf-dist/fonts/type1/public/amsfonts/
cm/cmr10.pfb></usr/local/texlive/2024/texmf-dist/fonts/type1/public/amsfonts/cm
/cmr12.pfb></usr/local/texlive/2024/texmf-dist/fonts/type1/public/amsfonts/cm/c
mr17.pfb></usr/local/texlive/2024/texmf-dist/fonts/type1/public/amsfonts/cm/cmr
6.pfb></usr/local/texlive/2024/texmf-dist/fonts/type1/public/amsfonts/cm/cmr8.p
fb></usr/local/texlive/2024/texmf-dist/fonts/type1/public/amsfonts/cm/cmsy10.pf
b></usr/local/texlive/2024/texmf-dist/fonts/type1/public/amsfonts/cm/cmsy6.pfb>
</usr/local/texlive/2024/texmf-dist/fonts/type1/public/amsfonts/cm/cmsy8.pfb></
usr/local/texlive/2024/texmf-dist/fonts/type1/public/amsfonts/cm/cmti10.pfb></u
sr/local/texlive/2024/texmf-dist/fonts/type1/public/amsfonts/cm/cmti12.pfb></us
r/local/texlive/2024/texmf-dist/fonts/type1/public/amsfonts/cm/cmtt10.pfb></usr
/local/texlive/2024/texmf-dist/fonts/type1/public/amsfonts/symbols/msbm10.pfb><
/usr/local/texlive/2024/texmf-dist/fonts/type1/public/cm-super/sfrm1095.pfb></u
sr/local/texlive/2024/texmf-dist/fonts/type1/public/cm-super/sfrm1200.pfb>
Output written on RegresionLogistica_Preliminar_aumentado-copia.pdf (398 pages,
 1461470 bytes).
PDF statistics:
 4014 PDF objects out of 4296 (max. 8388607)
 3522 compressed objects within 36 object streams
 2124 named destinations out of 2487 (max. 500000)
 1 words of extra memory for PDF output out of 10000 (max. 10000000)

