\BOOKMARK [1][-]{section.1}{Importancia de la regresi\363n en investigaci\363n}{}% 1
\BOOKMARK [1][-]{section.2}{Regresi\363n Log\355stica}{}% 2
\BOOKMARK [1][-]{section.3}{Transformaci\363n log\355stica y elecci\363n de variables independientes}{}% 3
\BOOKMARK [2][-]{subsection.3.1}{Variables independientes}{section.3}% 4
\BOOKMARK [2][-]{subsection.3.2}{Estrategias de Construcci\363n del Modelo}{section.3}% 5
\BOOKMARK [2][-]{subsection.3.3}{Validaci\363n Interna y Externa del Modelo}{section.3}% 6
\BOOKMARK [2][-]{subsection.3.4}{Interpretaci\363n de los Resultados del Modelo}{section.3}% 7
\BOOKMARK [1][-]{section.4}{Fundamentos del Modelo de Regresi\363n Log\355stica}{}% 8
\BOOKMARK [1][-]{section.5}{Desarrollo Matem\341tico}{}% 9
\BOOKMARK [1][-]{section.6}{Tema nuevo}{}% 10
\BOOKMARK [1][-]{section.7}{Apendice}{}% 11
\BOOKMARK [2][-]{subsection.7.1}{Hoja 18}{section.7}% 12
\BOOKMARK [2][-]{subsection.7.2}{Hoja 19}{section.7}% 13
\BOOKMARK [2][-]{subsection.7.3}{Hoja 20}{section.7}% 14
\BOOKMARK [2][-]{subsection.7.4}{Hoja 21}{section.7}% 15
\BOOKMARK [2][-]{subsection.7.5}{Hoja 22}{section.7}% 16
\BOOKMARK [2][-]{subsection.7.6}{Hoja 23}{section.7}% 17
\BOOKMARK [2][-]{subsection.7.7}{Hoja 24}{section.7}% 18
\BOOKMARK [2][-]{subsection.7.8}{Hoja 25}{section.7}% 19
\BOOKMARK [2][-]{subsection.7.9}{Hoja 26}{section.7}% 20
\BOOKMARK [2][-]{subsection.7.10}{Hoja 27}{section.7}% 21
\BOOKMARK [2][-]{subsection.7.11}{Hoja 28}{section.7}% 22
\BOOKMARK [2][-]{subsection.7.12}{Hoja 29}{section.7}% 23
\BOOKMARK [2][-]{subsection.7.13}{Hoja 30}{section.7}% 24
